<?xml version='1.0' encoding='UTF-8'?>
<!DOCTYPE coverage SYSTEM 'http://cobertura.sourceforge.net/xml/coverage-04.dtd'>
<coverage line-rate="0.924901185770751" branch-rate="0.8775" lines-covered="936" lines-valid="1012" branches-covered="351" branches-valid="400" complexity="0.0" timestamp="1759873557" version="gcovr 7.0"><sources><source>..</source></sources><packages><package name="src.lib" line-rate="0.9960264900662251" branch-rate="0.9904458598726115" complexity="0.0"><classes><class name="lib_c" filename="src/lib/lib.c" line-rate="0.9960264900662251" branch-rate="0.9904458598726115" complexity="0.0"><methods/><lines><line number="18" hits="648" branch="false"/><line number="19" hits="648" branch="false"/><line number="22" hits="315" branch="false"/><line number="23" hits="315" branch="false"/><line number="25" hits="315" branch="false"/><line number="29" hits="9" branch="false"/><line number="30" hits="9" branch="false"/><line number="32" hits="9" branch="false"/><line number="39" hits="4262" branch="false"/><line number="41" hits="4262" branch="false"/><line number="42" hits="4262" branch="false"/><line number="44" hits="4262" branch="false"/><line number="49" hits="4262" branch="false"/><line number="50" hits="4262" branch="false"/><line number="52" hits="667" branch="false"/><line number="54" hits="667" branch="false"/><line number="56" hits="667" branch="false"/><line number="58" hits="667" branch="false"/><line number="60" hits="667" branch="false"/><line number="71" hits="653" branch="false"/><line number="72" hits="653" branch="true" condition-coverage="100% (2/2)"><conditions><condition number="0" type="jump" coverage="100%"/></conditions></line><line number="73" hits="650" branch="false"/><line number="74" hits="650" branch="false"/><line number="75" hits="653" branch="false"/><line number="82" hits="16252" branch="false"/><line number="84" hits="16252" branch="true" condition-coverage="100% (2/2)"><conditions><condition number="0" type="jump" coverage="100%"/></conditions></line><line number="85" hits="1227" branch="false"/><line number="86" hits="1227" branch="true" condition-coverage="100% (2/2)"><conditions><condition number="0" type="jump" coverage="100%"/></conditions></line><line number="88" hits="1227" branch="false"/><line number="89" hits="1227" branch="false"/><line number="91" hits="1227" branch="false"/><line number="96" hits="1227" branch="false"/><line number="97" hits="1227" branch="false"/><line number="98" hits="1227" branch="false"/><line number="100" hits="16252" branch="false"/><line number="102" hits="16252" branch="false"/><line number="103" hits="16252" branch="false"/><line number="108" hits="316" branch="false"/><line number="112" hits="316" branch="false"/><line number="118" hits="316" branch="false"/><line number="120" hits="316" branch="false"/><line number="122" hits="316" branch="false"/><line number="127" hits="30712" branch="true" condition-coverage="100% (2/2)"><conditions><condition number="0" type="jump" coverage="100%"/></conditions></line><line number="134" hits="30396" branch="true" condition-coverage="100% (2/2)"><conditions><condition number="0" type="jump" coverage="100%"/></conditions></line><line number="135" hits="710" branch="false"/><line number="136" hits="710" branch="false"/><line number="137" hits="710" branch="false"/><line number="138" hits="710" branch="false"/><line number="141" hits="117012" branch="true" condition-coverage="100% (2/2)"><conditions><condition number="0" type="jump" coverage="100%"/></conditions></line><line number="142" hits="86616" branch="false"/><line number="144" hits="86616" branch="true" condition-coverage="100% (2/2)"><conditions><condition number="0" type="jump" coverage="100%"/></conditions></line><line number="145" hits="30396" branch="false"/><line number="147" hits="30396" branch="false"/><line number="148" hits="56220" branch="true" condition-coverage="100% (2/2)"><conditions><condition number="0" type="jump" coverage="100%"/></conditions></line><line number="149" hits="28281" branch="false"/><line number="150" hits="28281" branch="false"/><line number="151" hits="28281" branch="false"/><line number="154" hits="86616" branch="false"/><line number="155" hits="86616" branch="false"/><line number="158" hits="30396" branch="false"/><line number="159" hits="30396" branch="true" condition-coverage="100% (2/2)"><conditions><condition number="0" type="jump" coverage="100%"/></conditions></line><line number="160" hits="12318" branch="false"/><line number="161" hits="12318" branch="false"/><line number="162" hits="12318" branch="false"/><line number="168" hits="1167604" branch="true" condition-coverage="100% (2/2)"><conditions><condition number="0" type="jump" coverage="100%"/></conditions></line><line number="169" hits="1137208" branch="false"/><line number="171" hits="1137208" branch="true" condition-coverage="100% (2/2)"><conditions><condition number="0" type="jump" coverage="100%"/></conditions></line><line number="174" hits="30396" branch="false"/><line number="175" hits="1106812" branch="true" condition-coverage="100% (2/2)"><conditions><condition number="0" type="jump" coverage="100%"/></conditions></line><line number="176" hits="458965" branch="false"/><line number="177" hits="458965" branch="false"/><line number="178" hits="458965" branch="false"/><line number="179" hits="458965" branch="false"/><line number="182" hits="1137208" branch="false"/><line number="183" hits="1137208" branch="false"/><line number="189" hits="1167604" branch="true" condition-coverage="100% (2/2)"><conditions><condition number="0" type="jump" coverage="100%"/></conditions></line><line number="193" hits="1137208" branch="false"/><line number="195" hits="1137208" branch="true" condition-coverage="100% (2/2)"><conditions><condition number="0" type="jump" coverage="100%"/></conditions></line><line number="197" hits="458965" branch="false"/><line number="198" hits="458965" branch="false"/><line number="199" hits="1137208" branch="false"/><line number="202" hits="30396" branch="false"/><line number="206" hits="30396" branch="true" condition-coverage="100% (2/2)"><conditions><condition number="0" type="jump" coverage="100%"/></conditions></line><line number="207" hits="7599" branch="false"/><line number="208" hits="7599" branch="false"/><line number="213" hits="316" branch="false"/><line number="214" hits="316" branch="false"/><line number="222" hits="316" branch="false"/><line number="224" hits="316" branch="false"/><line number="226" hits="316" branch="true" condition-coverage="100% (2/2)"><conditions><condition number="0" type="jump" coverage="100%"/></conditions></line><line number="229" hits="994" branch="true" condition-coverage="100% (2/2)"><conditions><condition number="0" type="jump" coverage="100%"/></conditions></line><line number="230" hits="680" branch="false"/><line number="231" hits="680" branch="false"/><line number="233" hits="680" branch="true" condition-coverage="100% (2/2)"><conditions><condition number="0" type="jump" coverage="100%"/></conditions></line><line number="235" hits="314" branch="false"/><line number="236" hits="314" branch="false"/><line number="237" hits="366" branch="false"/><line number="240" hits="680" branch="false"/><line number="241" hits="680" branch="false"/><line number="242" hits="314" branch="false"/><line number="246" hits="1026" branch="true" condition-coverage="100% (2/2)"><conditions><condition number="0" type="jump" coverage="100%"/></conditions></line><line number="247" hits="710" branch="false"/><line number="248" hits="710" branch="false"/><line number="252" hits="316" branch="false"/><line number="253" hits="316" branch="false"/><line number="255" hits="874" branch="false"/><line number="256" hits="874" branch="false"/><line number="261" hits="874" branch="true" condition-coverage="100% (2/2)"><conditions><condition number="0" type="jump" coverage="100%"/></conditions></line><line number="263" hits="166" branch="true" condition-coverage="100% (2/2)"><conditions><condition number="0" type="jump" coverage="100%"/></conditions></line><line number="264" hits="77" branch="false"/><line number="265" hits="77" branch="false"/><line number="268" hits="166" branch="false"/><line number="271" hits="1358" branch="true" condition-coverage="100% (2/2)"><conditions><condition number="0" type="jump" coverage="100%"/></conditions></line><line number="272" hits="1098" branch="true" condition-coverage="100% (2/2)"><conditions><condition number="0" type="jump" coverage="100%"/></conditions></line><line number="273" hits="650" branch="false"/><line number="274" hits="650" branch="false"/><line number="275" hits="448" branch="false"/><line number="277" hits="650" branch="false"/><line number="280" hits="708" branch="true" condition-coverage="100% (2/2)"><conditions><condition number="0" type="jump" coverage="100%"/></conditions></line><line number="281" hits="260" branch="true" condition-coverage="100% (2/2)"><conditions><condition number="0" type="jump" coverage="100%"/></conditions></line><line number="282" hits="10" branch="false"/><line number="283" hits="10" branch="false"/><line number="284" hits="260" branch="false"/><line number="287" hits="708" branch="false"/><line number="288" hits="874" branch="false"/><line number="290" hits="7647" branch="false"/><line number="291" hits="7647" branch="true" condition-coverage="100% (2/2)"><conditions><condition number="0" type="jump" coverage="100%"/></conditions></line><line number="294" hits="7613" branch="false"/><line number="295" hits="7613" branch="false"/><line number="298" hits="8639" branch="false"/><line number="300" hits="8639" branch="false"/><line number="302" hits="8639" branch="false"/><line number="305" hits="8849" branch="false"/><line number="307" hits="8849" branch="false"/><line number="309" hits="8849" branch="true" condition-coverage="100% (2/2)"><conditions><condition number="0" type="jump" coverage="100%"/></conditions></line><line number="310" hits="4481" branch="false"/><line number="313" hits="4368" branch="true" condition-coverage="100% (2/2)"><conditions><condition number="0" type="jump" coverage="100%"/></conditions></line><line number="314" hits="2224" branch="false"/><line number="315" hits="2224" branch="false"/><line number="316" hits="2224" branch="false"/><line number="320" hits="2144" branch="false"/><line number="321" hits="2144" branch="false"/><line number="322" hits="2144" branch="false"/><line number="324" hits="8849" branch="false"/><line number="326" hits="34" branch="false"/><line number="328" hits="34" branch="true" condition-coverage="100% (6/6)"><conditions><condition number="0" type="jump" coverage="100%"/></conditions></line><line number="333" hits="324" branch="false"/><line number="335" hits="324" branch="false"/><line number="337" hits="324" branch="false"/><line number="341" hits="324" branch="true" condition-coverage="100% (2/2)"><conditions><condition number="0" type="jump" coverage="100%"/></conditions></line><line number="342" hits="1" branch="false"/><line number="343" hits="2" branch="false"/><line number="344" hits="1" branch="false"/><line number="351" hits="323" branch="false"/><line number="353" hits="323" branch="true" condition-coverage="100% (2/2)"><conditions><condition number="0" type="jump" coverage="100%"/></conditions></line><line number="354" hits="74" branch="false"/><line number="355" hits="74" branch="false"/><line number="357" hits="74" branch="true" condition-coverage="100% (2/2)"><conditions><condition number="0" type="jump" coverage="100%"/></conditions></line><line number="358" hits="1" branch="false"/><line number="359" hits="2" branch="false"/><line number="360" hits="1" branch="false"/><line number="367" hits="322" branch="true" condition-coverage="100% (2/2)"><conditions><condition number="0" type="jump" coverage="100%"/></conditions></line><line number="368" hits="129" branch="false"/><line number="369" hits="129" branch="false"/><line number="371" hits="129" branch="true" condition-coverage="100% (2/2)"><conditions><condition number="0" type="jump" coverage="100%"/></conditions></line><line number="372" hits="1" branch="false"/><line number="373" hits="2" branch="false"/><line number="374" hits="1" branch="false"/><line number="380" hits="128" branch="false"/><line number="381" hits="120" branch="false"/><line number="384" hits="321" branch="false"/><line number="386" hits="321" branch="false"/><line number="388" hits="7963" branch="true" condition-coverage="100% (2/2)"><conditions><condition number="0" type="jump" coverage="100%"/></conditions></line><line number="389" hits="7647" branch="false"/><line number="391" hits="7647" branch="true" condition-coverage="100% (2/2)"><conditions><condition number="0" type="jump" coverage="100%"/></conditions></line><line number="392" hits="7613" branch="false"/><line number="393" hits="7647" branch="true" condition-coverage="100% (2/2)"><conditions><condition number="0" type="jump" coverage="100%"/></conditions></line><line number="394" hits="30" branch="true" condition-coverage="100% (2/2)"><conditions><condition number="0" type="jump" coverage="100%"/></conditions></line><line number="396" hits="1" branch="false"/><line number="397" hits="1" branch="false"/><line number="398" hits="1" branch="false"/><line number="399" hits="1" branch="false"/><line number="400" hits="3" branch="false"/><line number="402" hits="1" branch="false"/><line number="403" hits="1" branch="false"/><line number="407" hits="29" branch="false"/><line number="409" hits="4" branch="false"/><line number="410" hits="4" branch="false"/><line number="411" hits="8" branch="false"/><line number="412" hits="12" branch="false"/><line number="414" hits="4" branch="false"/><line number="415" hits="4" branch="false"/><line number="419" hits="7613" branch="true" condition-coverage="100% (2/2)"><conditions><condition number="0" type="jump" coverage="100%"/></conditions></line><line number="420" hits="318" branch="false"/><line number="421" hits="318" branch="false"/><line number="422" hits="7613" branch="false"/><line number="424" hits="316" branch="false"/><line number="426" hits="316" branch="false"/><line number="428" hits="316" branch="true" condition-coverage="100% (2/2)"><conditions><condition number="0" type="jump" coverage="100%"/></conditions></line><line number="429" hits="167" branch="true" condition-coverage="100% (2/2)"><conditions><condition number="0" type="jump" coverage="100%"/></conditions></line><line number="430" hits="78" branch="true" condition-coverage="100% (2/2)"><conditions><condition number="0" type="jump" coverage="100%"/></conditions></line><line number="431" hits="1" branch="false"/><line number="432" hits="2" branch="false"/><line number="433" hits="2" branch="false"/><line number="435" hits="1" branch="false"/><line number="439" hits="77" branch="false"/><line number="440" hits="166" branch="false"/><line number="442" hits="315" branch="false"/><line number="444" hits="315" branch="false"/><line number="445" hits="324" branch="false"/><line number="447" hits="101" branch="false"/><line number="448" hits="101" branch="false"/><line number="449" hits="101" branch="false"/><line number="450" hits="101" branch="false"/><line number="452" hits="101" branch="false"/><line number="455" hits="123" branch="false"/><line number="456" hits="123" branch="false"/><line number="458" hits="123" branch="true" condition-coverage="100% (2/2)"><conditions><condition number="0" type="jump" coverage="100%"/></conditions></line><line number="459" hits="108" branch="false"/><line number="461" hits="108" branch="true" condition-coverage="100% (2/2)"><conditions><condition number="0" type="jump" coverage="100%"/></conditions></line><line number="462" hits="1" branch="false"/><line number="463" hits="1" branch="false"/><line number="464" hits="107" branch="false"/><line number="466" hits="108" branch="false"/><line number="467" hits="15" branch="false"/><line number="468" hits="15" branch="false"/><line number="471" hits="123" branch="false"/><line number="474" hits="1112" branch="false"/><line number="476" hits="2224" branch="false"/><line number="478" hits="1112" branch="false"/><line number="480" hits="1112" branch="false"/><line number="482" hits="1112" branch="false"/><line number="484" hits="1112" branch="false"/><line number="487" hits="11" branch="false"/><line number="490" hits="11" branch="false"/><line number="492" hits="11" branch="false"/><line number="494" hits="59" branch="true" condition-coverage="100% (2/2)"><conditions><condition number="0" type="jump" coverage="100%"/></conditions></line><line number="495" hits="48" branch="false"/><line number="496" hits="48" branch="false"/><line number="498" hits="11" branch="false"/><line number="500" hits="11" branch="false"/><line number="503" hits="2206" branch="false"/><line number="504" hits="2206" branch="true" condition-coverage="100% (2/2)"><conditions><condition number="0" type="jump" coverage="100%"/></conditions></line><line number="505" hits="1" branch="false"/><line number="508" hits="2205" branch="true" condition-coverage="100% (2/2)"><conditions><condition number="0" type="jump" coverage="100%"/></conditions></line><line number="509" hits="2204" branch="false"/><line number="510" hits="2204" branch="false"/><line number="511" hits="2204" branch="false"/><line number="512" hits="2206" branch="false"/><line number="514" hits="332" branch="false"/><line number="515" hits="332" branch="true" condition-coverage="100% (2/2)"><conditions><condition number="0" type="jump" coverage="100%"/></conditions></line><line number="516" hits="331" branch="false"/><line number="517" hits="331" branch="false"/><line number="518" hits="332" branch="false"/><line number="520" hits="602" branch="false"/><line number="521" hits="602" branch="false"/><line number="524" hits="689" branch="false"/><line number="526" hits="689" branch="false"/><line number="527" hits="689" branch="false"/><line number="529" hits="18491" branch="true" condition-coverage="100% (2/2)"><conditions><condition number="0" type="jump" coverage="100%"/></conditions></line><line number="530" hits="17802" branch="false"/><line number="531" hits="17802" branch="false"/><line number="534" hits="689" branch="false"/><line number="537" hits="332" branch="false"/><line number="542" hits="332" branch="false"/><line number="548" hits="517" branch="true" condition-coverage="100% (2/2)"><conditions><condition number="0" type="jump" coverage="100%"/></conditions></line><line number="549" hits="185" branch="false"/><line number="550" hits="185" branch="false"/><line number="552" hits="185" branch="false"/><line number="553" hits="185" branch="false"/><line number="556" hits="332" branch="false"/><line number="557" hits="332" branch="false"/><line number="561" hits="332" branch="true" condition-coverage="100% (2/2)"><conditions><condition number="0" type="jump" coverage="100%"/></conditions></line><line number="562" hits="32" branch="false"/><line number="563" hits="32" branch="false"/><line number="566" hits="332" branch="false"/><line number="569" hits="332" branch="false"/><line number="571" hits="332" branch="false"/><line number="572" hits="332" branch="false"/><line number="573" hits="332" branch="false"/><line number="575" hits="28421" branch="true" condition-coverage="100% (2/2)"><conditions><condition number="0" type="jump" coverage="100%"/></conditions></line><line number="579" hits="1019111" branch="true" condition-coverage="100% (2/2)"><conditions><condition number="0" type="jump" coverage="100%"/></conditions></line><line number="583" hits="991022" branch="false"/><line number="585" hits="991022" branch="true" condition-coverage="100% (2/2)"><conditions><condition number="0" type="jump" coverage="100%"/></conditions></line><line number="587" hits="490174" branch="false"/><line number="588" hits="490174" branch="false"/><line number="589" hits="991022" branch="false"/><line number="601" hits="28089" branch="false"/><line number="606" hits="28089" branch="true" condition-coverage="100% (2/2)"><conditions><condition number="0" type="jump" coverage="100%"/></conditions></line><line number="607" hits="332" branch="false"/><line number="608" hits="332" branch="false"/><line number="610" hits="27757" branch="false"/><line number="611" hits="27757" branch="false"/><line number="612" hits="27757" branch="false"/><line number="613" hits="27757" branch="true" condition-coverage="100% (2/2)"><conditions><condition number="0" type="jump" coverage="100%"/></conditions></line><line number="614" hits="8307" branch="false"/><line number="615" hits="8307" branch="false"/><line number="619" hits="28089" branch="true" condition-coverage="100% (2/2)"><conditions><condition number="0" type="jump" coverage="100%"/></conditions></line><line number="620" hits="8639" branch="false"/><line number="621" hits="8639" branch="false"/><line number="626" hits="1027750" branch="true" condition-coverage="100% (2/2)"><conditions><condition number="0" type="jump" coverage="100%"/></conditions></line><line number="628" hits="999661" branch="false"/><line number="630" hits="999661" branch="false"/><line number="631" hits="999661" branch="false"/><line number="633" hits="999661" branch="true" condition-coverage="100% (2/2)"><conditions><condition number="0" type="jump" coverage="100%"/></conditions></line><line number="634" hits="28089" branch="false"/><line number="637" hits="28089" branch="false"/><line number="638" hits="971572" branch="true" condition-coverage="100% (2/2)"><conditions><condition number="0" type="jump" coverage="100%"/></conditions></line><line number="639" hits="490174" branch="false"/><line number="640" hits="490174" branch="false"/><line number="644" hits="999661" branch="false"/><line number="645" hits="999661" branch="false"/><line number="647" hits="999661" branch="false"/><line number="653" hits="28089" branch="false"/><line number="655" hits="28089" branch="false"/><line number="656" hits="28089" branch="false"/><line number="658" hits="28089" branch="false"/><line number="660" hits="28089" branch="false"/><line number="662" hits="28089" branch="false"/><line number="663" hits="28089" branch="true" condition-coverage="100% (2/2)"><conditions><condition number="0" type="jump" coverage="100%"/></conditions></line><line number="664" hits="20281" branch="false"/><line number="665" hits="20281" branch="false"/><line number="670" hits="28089" branch="false"/><line number="673" hits="332" branch="false"/><line number="677" hits="333" branch="false"/><line number="679" hits="333" branch="true" condition-coverage="100% (2/2)"><conditions><condition number="0" type="jump" coverage="100%"/></conditions></line><line number="680" hits="1" branch="false"/><line number="683" hits="332" branch="false"/><line number="685" hits="332" branch="false"/><line number="687" hits="332" branch="false"/><line number="691" hits="332" branch="false"/><line number="693" hits="332" branch="true" condition-coverage="100% (2/2)"><conditions><condition number="0" type="jump" coverage="100%"/></conditions></line><line number="694" hits="102" branch="false"/><line number="695" hits="102" branch="false"/><line number="697" hits="332" branch="false"/><line number="699" hits="332" branch="false"/><line number="704" hits="332" branch="false"/><line number="706" hits="332" branch="false"/><line number="708" hits="332" branch="true" condition-coverage="100% (2/2)"><conditions><condition number="0" type="jump" coverage="100%"/></conditions></line><line number="709" hits="102" branch="false"/><line number="710" hits="102" branch="false"/><line number="711" hits="102" branch="false"/><line number="713" hits="332" branch="false"/><line number="715" hits="8971" branch="true" condition-coverage="100% (2/2)"><conditions><condition number="0" type="jump" coverage="100%"/></conditions></line><line number="717" hits="8639" branch="false"/><line number="718" hits="8639" branch="false"/><line number="720" hits="8639" branch="false"/><line number="721" hits="8639" branch="false"/><line number="723" hits="332" branch="false"/><line number="725" hits="332" branch="false"/><line number="726" hits="333" branch="false"/><line number="735" hits="370" branch="false"/><line number="739" hits="370" branch="true" condition-coverage="100% (2/2)"><conditions><condition number="0" type="jump" coverage="100%"/></conditions></line><line number="740" hits="1" branch="false"/><line number="743" hits="369" branch="false"/><line number="745" hits="369" branch="true" condition-coverage="100% (2/2)"><conditions><condition number="0" type="jump" coverage="100%"/></conditions></line><line number="746" hits="112" branch="false"/><line number="747" hits="112" branch="false"/><line number="749" hits="369" branch="true" condition-coverage="100% (2/2)"><conditions><condition number="0" type="jump" coverage="100%"/></conditions></line><line number="750" hits="185" branch="false"/><line number="751" hits="185" branch="false"/><line number="753" hits="369" branch="true" condition-coverage="100% (2/2)"><conditions><condition number="0" type="jump" coverage="100%"/></conditions></line><line number="754" hits="185" branch="false"/><line number="755" hits="185" branch="false"/><line number="757" hits="369" branch="false"/><line number="759" hits="369" branch="false"/><line number="763" hits="369" branch="false"/><line number="765" hits="369" branch="false"/><line number="767" hits="369" branch="true" condition-coverage="100% (2/2)"><conditions><condition number="0" type="jump" coverage="100%"/></conditions></line><line number="768" hits="112" branch="false"/><line number="769" hits="112" branch="false"/><line number="770" hits="112" branch="false"/><line number="772" hits="369" branch="true" condition-coverage="100% (2/2)"><conditions><condition number="0" type="jump" coverage="100%"/></conditions></line><line number="773" hits="555" branch="true" condition-coverage="100% (2/2)"><conditions><condition number="0" type="jump" coverage="100%"/></conditions></line><line number="774" hits="370" branch="false"/><line number="775" hits="370" branch="false"/><line number="776" hits="370" branch="false"/><line number="777" hits="185" branch="false"/><line number="779" hits="369" branch="false"/><line number="781" hits="1031" branch="true" condition-coverage="100% (4/4)"><conditions><condition number="0" type="jump" coverage="100%"/></conditions></line><line number="783" hits="662" branch="false"/><line number="785" hits="662" branch="false"/><line number="787" hits="662" branch="true" condition-coverage="100% (2/2)"><conditions><condition number="0" type="jump" coverage="100%"/></conditions></line><line number="788" hits="334" branch="true" condition-coverage="100% (2/2)"><conditions><condition number="0" type="jump" coverage="100%"/></conditions></line><line number="789" hits="185" branch="false"/><line number="790" hits="185" branch="false"/><line number="791" hits="185" branch="false"/><line number="792" hits="370" branch="false"/><line number="794" hits="185" branch="true" condition-coverage="100% (2/2)"><conditions><condition number="0" type="jump" coverage="100%"/></conditions></line><line number="795" hits="16" branch="false"/><line number="797" hits="16" branch="false"/><line number="798" hits="185" branch="false"/><line number="799" hits="185" branch="false"/><line number="800" hits="334" branch="false"/><line number="802" hits="9511" branch="true" condition-coverage="100% (2/2)"><conditions><condition number="0" type="jump" coverage="100%"/></conditions></line><line number="803" hits="8849" branch="false"/><line number="804" hits="8849" branch="false"/><line number="805" hits="8849" branch="false"/><line number="807" hits="662" branch="true" condition-coverage="100% (4/4)"><conditions><condition number="0" type="jump" coverage="100%"/></conditions></line><line number="808" hits="149" branch="false"/><line number="809" hits="149" branch="false"/><line number="810" hits="149" branch="false"/><line number="811" hits="662" branch="false"/><line number="813" hits="369" branch="false"/><line number="814" hits="369" branch="false"/><line number="817" hits="369" branch="false"/><line number="819" hits="369" branch="false"/><line number="820" hits="370" branch="false"/><line number="827" hits="345" branch="false"/><line number="829" hits="345" branch="true" condition-coverage="100% (2/2)"><conditions><condition number="0" type="jump" coverage="100%"/></conditions></line><line number="830" hits="1" branch="false"/><line number="833" hits="344" branch="false"/><line number="835" hits="344" branch="true" condition-coverage="100% (2/2)"><conditions><condition number="0" type="jump" coverage="100%"/></conditions></line><line number="836" hits="104" branch="false"/><line number="837" hits="104" branch="false"/><line number="839" hits="344" branch="true" condition-coverage="100% (2/2)"><conditions><condition number="0" type="jump" coverage="100%"/></conditions></line><line number="840" hits="172" branch="false"/><line number="841" hits="172" branch="false"/><line number="843" hits="344" branch="true" condition-coverage="100% (2/2)"><conditions><condition number="0" type="jump" coverage="100%"/></conditions></line><line number="844" hits="172" branch="false"/><line number="845" hits="172" branch="false"/><line number="847" hits="344" branch="false"/><line number="849" hits="344" branch="false"/><line number="853" hits="344" branch="false"/><line number="855" hits="344" branch="false"/><line number="857" hits="344" branch="true" condition-coverage="100% (2/2)"><conditions><condition number="0" type="jump" coverage="100%"/></conditions></line><line number="858" hits="104" branch="false"/><line number="859" hits="104" branch="false"/><line number="860" hits="104" branch="false"/><line number="862" hits="344" branch="true" condition-coverage="100% (2/2)"><conditions><condition number="0" type="jump" coverage="100%"/></conditions></line><line number="863" hits="516" branch="true" condition-coverage="100% (2/2)"><conditions><condition number="0" type="jump" coverage="100%"/></conditions></line><line number="864" hits="344" branch="false"/><line number="865" hits="344" branch="false"/><line number="866" hits="344" branch="false"/><line number="867" hits="172" branch="false"/><line number="869" hits="344" branch="false"/><line number="871" hits="960" branch="true" condition-coverage="100% (4/4)"><conditions><condition number="0" type="jump" coverage="100%"/></conditions></line><line number="873" hits="616" branch="false"/><line number="875" hits="616" branch="false"/><line number="877" hits="616" branch="true" condition-coverage="100% (2/2)"><conditions><condition number="0" type="jump" coverage="100%"/></conditions></line><line number="878" hits="308" branch="true" condition-coverage="100% (2/2)"><conditions><condition number="0" type="jump" coverage="100%"/></conditions></line><line number="879" hits="172" branch="false"/><line number="880" hits="172" branch="false"/><line number="881" hits="172" branch="false"/><line number="882" hits="172" branch="false"/><line number="883" hits="172" branch="true" condition-coverage="100% (2/2)"><conditions><condition number="0" type="jump" coverage="100%"/></conditions></line><line number="884" hits="16" branch="false"/><line number="886" hits="16" branch="false"/><line number="887" hits="172" branch="false"/><line number="888" hits="172" branch="false"/><line number="889" hits="308" branch="false"/><line number="891" hits="33448" branch="true" condition-coverage="100% (2/2)"><conditions><condition number="0" type="jump" coverage="100%"/></conditions></line><line number="892" hits="32832" branch="false"/><line number="893" hits="32832" branch="false"/><line number="894" hits="32832" branch="false"/><line number="896" hits="616" branch="true" condition-coverage="100% (4/4)"><conditions><condition number="0" type="jump" coverage="100%"/></conditions></line><line number="897" hits="136" branch="false"/><line number="898" hits="136" branch="false"/><line number="899" hits="136" branch="false"/><line number="900" hits="616" branch="false"/><line number="902" hits="344" branch="false"/><line number="903" hits="344" branch="false"/><line number="906" hits="344" branch="false"/><line number="908" hits="344" branch="false"/><line number="909" hits="345" branch="false"/><line number="911" hits="548" branch="false"/><line number="912" hits="548" branch="true" condition-coverage="100% (2/2)"><conditions><condition number="0" type="jump" coverage="100%"/></conditions></line><line number="913" hits="158" branch="false"/><line number="915" hits="390" branch="false"/><line number="916" hits="548" branch="false"/><line number="930" hits="294" branch="false"/><line number="933" hits="294" branch="false"/><line number="935" hits="294" branch="false"/><line number="937" hits="294" branch="false"/><line number="941" hits="294" branch="false"/><line number="943" hits="1212" branch="true" condition-coverage="100% (2/2)"><conditions><condition number="0" type="jump" coverage="100%"/></conditions></line><line number="945" hits="918" branch="false"/><line number="947" hits="918" branch="true" condition-coverage="100% (2/2)"><conditions><condition number="0" type="jump" coverage="100%"/></conditions></line><line number="948" hits="594" branch="false"/><line number="949" hits="594" branch="false"/><line number="951" hits="918" branch="true" condition-coverage="100% (2/2)"><conditions><condition number="0" type="jump" coverage="100%"/></conditions></line><line number="952" hits="523" branch="false"/><line number="953" hits="523" branch="false"/><line number="955" hits="918" branch="false"/><line number="957" hits="918" branch="false"/><line number="958" hits="918" branch="false"/><line number="960" hits="918" branch="false"/><line number="962" hits="294" branch="false"/><line number="966" hits="294" branch="false"/><line number="968" hits="294" branch="false"/><line number="971" hits="202" branch="false"/><line number="976" hits="202" branch="false"/><line number="978" hits="202" branch="false"/><line number="980" hits="202" branch="false"/><line number="984" hits="202" branch="false"/><line number="986" hits="770" branch="true" condition-coverage="100% (2/2)"><conditions><condition number="0" type="jump" coverage="100%"/></conditions></line><line number="988" hits="568" branch="false"/><line number="990" hits="568" branch="true" condition-coverage="100% (2/2)"><conditions><condition number="0" type="jump" coverage="100%"/></conditions></line><line number="991" hits="366" branch="false"/><line number="992" hits="366" branch="false"/><line number="994" hits="568" branch="true" condition-coverage="100% (2/2)"><conditions><condition number="0" type="jump" coverage="100%"/></conditions></line><line number="995" hits="286" branch="false"/><line number="996" hits="286" branch="false"/><line number="998" hits="568" branch="true" condition-coverage="100% (2/2)"><conditions><condition number="0" type="jump" coverage="100%"/></conditions></line><line number="999" hits="36" branch="false"/><line number="1000" hits="36" branch="false"/><line number="1003" hits="568" branch="true" condition-coverage="100% (2/2)"><conditions><condition number="0" type="jump" coverage="100%"/></conditions></line><line number="1004" hits="532" branch="false"/><line number="1005" hits="532" branch="false"/><line number="1006" hits="36" branch="false"/><line number="1008" hits="36" branch="false"/><line number="1009" hits="36" branch="false"/><line number="1010" hits="36" branch="false"/><line number="1013" hits="568" branch="false"/><line number="1014" hits="568" branch="false"/><line number="1016" hits="202" branch="false"/><line number="1020" hits="202" branch="false"/><line number="1022" hits="202" branch="false"/><line number="1149" hits="294" branch="false"/><line number="1152" hits="294" branch="false"/><line number="1160" hits="184" branch="false"/><line number="1162" hits="184" branch="true" condition-coverage="100% (2/2)"><conditions><condition number="0" type="jump" coverage="100%"/></conditions></line><line number="1164" hits="108" branch="true" condition-coverage="100% (2/2)"><conditions><condition number="0" type="jump" coverage="100%"/></conditions></line><line number="1166" hits="81" branch="false"/><line number="1170" hits="27" branch="false"/><line number="1171" hits="27" branch="false"/><line number="1174" hits="76" branch="true" condition-coverage="100% (2/2)"><conditions><condition number="0" type="jump" coverage="100%"/></conditions></line><line number="1176" hits="28" branch="false"/><line number="1177" hits="28" branch="false"/><line number="1185" hits="48" branch="false"/><line number="1186" hits="48" branch="false"/><line number="1188" hits="48" branch="false"/><line number="1190" hits="48" branch="false"/><line number="1192" hits="48" branch="false"/><line number="1193" hits="184" branch="false"/><line number="1195" hits="202" branch="false"/><line number="1198" hits="202" branch="false"/><line number="1204" hits="234" branch="false"/><line number="1207" hits="234" branch="false"/><line number="1209" hits="234" branch="true" condition-coverage="100% (2/2)"><conditions><condition number="0" type="jump" coverage="100%"/></conditions></line><line number="1210" hits="32" branch="false"/><line number="1213" hits="202" branch="true" condition-coverage="100% (2/2)"><conditions><condition number="0" type="jump" coverage="100%"/></conditions></line><line number="1214" hits="142" branch="false"/><line number="1219" hits="60" branch="false"/><line number="1222" hits="60" branch="false"/><line number="1223" hits="60" branch="false"/><line number="1224" hits="234" branch="false"/><line number="1227" hits="185" branch="false"/><line number="1229" hits="185" branch="true" condition-coverage="100% (2/2)"><conditions><condition number="0" type="jump" coverage="100%"/></conditions></line><line number="1230" hits="137" branch="true" condition-coverage="100% (2/2)"><conditions><condition number="0" type="jump" coverage="100%"/></conditions></line><line number="1232" hits="110" branch="false"/><line number="1236" hits="27" branch="false"/><line number="1237" hits="27" branch="false"/><line number="1240" hits="48" branch="true" condition-coverage="100% (2/2)"><conditions><condition number="0" type="jump" coverage="100%"/></conditions></line><line number="1242" hits="28" branch="false"/><line number="1243" hits="28" branch="false"/><line number="1250" hits="20" branch="false"/><line number="1251" hits="20" branch="false"/><line number="1254" hits="20" branch="false"/><line number="1257" hits="20" branch="false"/><line number="1258" hits="185" branch="false"/><line number="1260" hits="36" branch="false"/><line number="1261" hits="36" branch="true" condition-coverage="100% (2/2)"><conditions><condition number="0" type="jump" coverage="100%"/></conditions></line><line number="1262" hits="5" branch="false"/><line number="1265" hits="31" branch="true" condition-coverage="100% (2/2)"><conditions><condition number="0" type="jump" coverage="100%"/></conditions></line><line number="1266" hits="3" branch="false"/><line number="1269" hits="74" branch="true" condition-coverage="100% (2/2)"><conditions><condition number="0" type="jump" coverage="100%"/></conditions></line><line number="1270" hits="56" branch="true" condition-coverage="100% (2/2)"><conditions><condition number="0" type="jump" coverage="100%"/></conditions></line><line number="1271" hits="10" branch="false"/><line number="1273" hits="46" branch="false"/><line number="1275" hits="18" branch="false"/><line number="1276" hits="36" branch="false"/><line number="1278" hits="20" branch="false"/><line number="1279" hits="20" branch="true" condition-coverage="100% (2/2)"><conditions><condition number="0" type="jump" coverage="100%"/></conditions></line><line number="1280" hits="5" branch="false"/><line number="1283" hits="15" branch="true" condition-coverage="100% (2/2)"><conditions><condition number="0" type="jump" coverage="100%"/></conditions></line><line number="1284" hits="5" branch="false"/><line number="1287" hits="10" branch="false"/><line number="1288" hits="20" branch="false"/><line number="1295" hits="364" branch="false"/><line number="1297" hits="364" branch="true" condition-coverage="100% (2/2)"><conditions><condition number="0" type="jump" coverage="100%"/></conditions></line><line number="1298" hits="40" branch="true" condition-coverage="100% (2/2)"><conditions><condition number="0" type="jump" coverage="100%"/></conditions></line><line number="1300" hits="20" branch="false"/><line number="1305" hits="20" branch="false"/><line number="1306" hits="20" branch="false"/><line number="1307" hits="20" branch="false"/><line number="1310" hits="324" branch="true" condition-coverage="100% (2/2)"><conditions><condition number="0" type="jump" coverage="100%"/></conditions></line><line number="1312" hits="15" branch="false"/><line number="1317" hits="309" branch="true" condition-coverage="100% (2/2)"><conditions><condition number="0" type="jump" coverage="100%"/></conditions></line><line number="1319" hits="10" branch="false"/><line number="1322" hits="299" branch="true" condition-coverage="100% (2/2)"><conditions><condition number="0" type="jump" coverage="100%"/></conditions></line><line number="1324" hits="55" branch="false"/><line number="1327" hits="365" branch="true" condition-coverage="100% (2/2)"><conditions><condition number="0" type="jump" coverage="100%"/></conditions></line><line number="1328" hits="308" branch="false"/><line number="1329" hits="308" branch="false"/><line number="1331" hits="308" branch="true" condition-coverage="100% (2/2)"><conditions><condition number="0" type="jump" coverage="100%"/></conditions></line><line number="1332" hits="80" branch="false"/><line number="1335" hits="228" branch="true" condition-coverage="100% (2/2)"><conditions><condition number="0" type="jump" coverage="100%"/></conditions></line><line number="1336" hits="107" branch="false"/><line number="1338" hits="121" branch="false"/><line number="1340" hits="57" branch="false"/><line number="1341" hits="364" branch="false"/><line number="1343" hits="6" branch="false"/><line number="1345" hits="6" branch="true" condition-coverage="100% (2/2)"><conditions><condition number="0" type="jump" coverage="100%"/></conditions></line><line number="1346" hits="3" branch="true" condition-coverage="100% (2/2)"><conditions><condition number="0" type="jump" coverage="100%"/></conditions></line><line number="1347" hits="1" branch="false"/><line number="1349" hits="2" branch="false"/><line number="1351" hits="5" branch="false"/><line number="1352" hits="6" branch="false"/><line number="1359" hits="372" branch="false"/><line number="1360" hits="372" branch="false"/><line number="1365" hits="138" branch="false"/><line number="1368" hits="138" branch="false"/><line number="1370" hits="138" branch="false"/><line number="1371" hits="138" branch="false"/><line number="1373" hits="138" branch="false"/><line number="1375" hits="276" branch="false"/><line number="1377" hits="138" branch="false"/><line number="1379" hits="138" branch="false"/><line number="1381" hits="138" branch="false"/><line number="1383" hits="138" branch="true" condition-coverage="100% (2/2)"><conditions><condition number="0" type="jump" coverage="100%"/></conditions></line><line number="1384" hits="73" branch="false"/><line number="1385" hits="73" branch="false"/><line number="1387" hits="138" branch="false"/><line number="1394" hits="138" branch="false"/><line number="1396" hits="138" branch="false"/><line number="1403" hits="52" branch="false"/><line number="1404" hits="52" branch="false"/><line number="1413" hits="291" branch="false"/><line number="1414" hits="291" branch="true" condition-coverage="100% (2/2)"><conditions><condition number="0" type="jump" coverage="100%"/></conditions></line><line number="1417" hits="178" branch="false"/><line number="1419" hits="534" branch="false"/><line number="1420" hits="178" branch="false"/><line number="1421" hits="178" branch="false"/><line number="1423" hits="178" branch="false"/><line number="1428" hits="52" branch="false"/><line number="1431" hits="52" branch="true" condition-coverage="100% (2/2)"><conditions><condition number="0" type="jump" coverage="100%"/></conditions></line><line number="1432" hits="21" branch="false"/><line number="1435" hits="31" branch="true" condition-coverage="100% (2/2)"><conditions><condition number="0" type="jump" coverage="100%"/></conditions></line><line number="1436" hits="22" branch="false"/><line number="1439" hits="9" branch="false"/><line number="1440" hits="52" branch="false"/><line number="1442" hits="104" branch="false"/><line number="1447" hits="104" branch="true" condition-coverage="100% (2/2)"><conditions><condition number="0" type="jump" coverage="100%"/></conditions></line><line number="1449" hits="43" branch="true" condition-coverage="50% (1/2)"><conditions><condition number="0" type="jump" coverage="50%"/></conditions></line><line number="1451" hits="0" branch="false"/><line number="1455" hits="43" branch="false"/><line number="1458" hits="61" branch="true" condition-coverage="50% (1/2)"><conditions><condition number="0" type="jump" coverage="50%"/></conditions></line><line number="1460" hits="0" branch="false"/><line number="1465" hits="61" branch="false"/><line number="1466" hits="61" branch="false"/><line number="1468" hits="61" branch="false"/><line number="1470" hits="61" branch="false"/><line number="1471" hits="61" branch="false"/><line number="1473" hits="61" branch="false"/><line number="1474" hits="104" branch="false"/><line number="1477" hits="104" branch="false"/><line number="1479" hits="104" branch="true" condition-coverage="50% (1/2)"><conditions><condition number="0" type="jump" coverage="50%"/></conditions></line><line number="1480" hits="0" branch="false"/><line number="1483" hits="104" branch="false"/><line number="1485" hits="104" branch="false"/><line number="1486" hits="104" branch="false"/><line number="1490" hits="482" branch="true" condition-coverage="100% (2/2)"><conditions><condition number="0" type="jump" coverage="100%"/></conditions></line><line number="1492" hits="378" branch="true" condition-coverage="100% (2/2)"><conditions><condition number="0" type="jump" coverage="100%"/></conditions></line><line number="1493" hits="153" branch="false"/><line number="1494" hits="153" branch="false"/><line number="1495" hits="153" branch="false"/><line number="1496" hits="225" branch="false"/><line number="1498" hits="378" branch="false"/><line number="1499" hits="104" branch="false"/><line number="1503" hits="247" branch="false"/><line number="1507" hits="247" branch="true" condition-coverage="100% (2/2)"><conditions><condition number="0" type="jump" coverage="100%"/></conditions></line><line number="1509" hits="212" branch="false"/><line number="1511" hits="212" branch="true" condition-coverage="100% (2/2)"><conditions><condition number="0" type="jump" coverage="100%"/></conditions></line><line number="1512" hits="25" branch="false"/><line number="1515" hits="187" branch="true" condition-coverage="100% (2/2)"><conditions><condition number="0" type="jump" coverage="100%"/></conditions></line><line number="1516" hits="9" branch="false"/><line number="1518" hits="178" branch="false"/><line number="1520" hits="213" branch="true" condition-coverage="100% (2/2)"><conditions><condition number="0" type="jump" coverage="100%"/></conditions></line><line number="1522" hits="183" branch="false"/><line number="1524" hits="183" branch="true" condition-coverage="100% (2/2)"><conditions><condition number="0" type="jump" coverage="100%"/></conditions></line><line number="1525" hits="19" branch="false"/><line number="1528" hits="164" branch="true" condition-coverage="100% (2/2)"><conditions><condition number="0" type="jump" coverage="100%"/></conditions></line><line number="1529" hits="4" branch="false"/><line number="1531" hits="160" branch="false"/><line number="1539" hits="190" branch="true" condition-coverage="100% (4/4)"><conditions><condition number="0" type="jump" coverage="100%"/></conditions></line><line number="1540" hits="138" branch="false"/><line number="1546" hits="52" branch="false"/><line number="1548" hits="52" branch="false"/><line number="1555" hits="52" branch="false"/><line number="1556" hits="52" branch="false"/><line number="1558" hits="52" branch="true" condition-coverage="100% (2/2)"><conditions><condition number="0" type="jump" coverage="100%"/></conditions></line><line number="1559" hits="62" branch="false"/><line number="1560" hits="31" branch="false"/><line number="1561" hits="31" branch="false"/><line number="1563" hits="31" branch="false"/><line number="1565" hits="21" branch="false"/><line number="1568" hits="52" branch="false"/><line number="1569" hits="52" branch="false"/><line number="1571" hits="52" branch="true" condition-coverage="100% (2/2)"><conditions><condition number="0" type="jump" coverage="100%"/></conditions></line><line number="1572" hits="60" branch="false"/><line number="1573" hits="30" branch="false"/><line number="1574" hits="30" branch="false"/><line number="1576" hits="30" branch="false"/><line number="1578" hits="22" branch="false"/><line number="1584" hits="52" branch="false"/><line number="1586" hits="52" branch="false"/><line number="1588" hits="52" branch="false"/><line number="1590" hits="52" branch="false"/><line number="1592" hits="52" branch="false"/><line number="1594" hits="52" branch="false"/><line number="1595" hits="52" branch="false"/><line number="1597" hits="52" branch="false"/><line number="1598" hits="52" branch="false"/><line number="1607" hits="52" branch="false"/><line number="1609" hits="52" branch="false"/><line number="1611" hits="52" branch="false"/><line number="1613" hits="52" branch="false"/><line number="1614" hits="52" branch="false"/><line number="1616" hits="52" branch="false"/><line number="1618" hits="52" branch="false"/><line number="1619" hits="52" branch="false"/><line number="1621" hits="52" branch="false"/><line number="1625" hits="52" branch="false"/><line number="1627" hits="247" branch="false"/><line number="1629" hits="186" branch="false"/><line number="1631" hits="372" branch="false"/><line number="1632" hits="186" branch="false"/><line number="1635" hits="134" branch="false"/><line number="1637" hits="134" branch="true" condition-coverage="100% (2/2)"><conditions><condition number="0" type="jump" coverage="100%"/></conditions></line><line number="1638" hits="86" branch="true" condition-coverage="100% (2/2)"><conditions><condition number="0" type="jump" coverage="100%"/></conditions></line><line number="1640" hits="59" branch="false"/><line number="1644" hits="27" branch="false"/><line number="1645" hits="27" branch="false"/><line number="1647" hits="27" branch="false"/><line number="1650" hits="27" branch="true" condition-coverage="100% (2/2)"><conditions><condition number="0" type="jump" coverage="100%"/></conditions></line><line number="1651" hits="25" branch="true" condition-coverage="100% (2/2)"><conditions><condition number="0" type="jump" coverage="100%"/></conditions></line><line number="1652" hits="9" branch="false"/><line number="1653" hits="9" branch="false"/><line number="1654" hits="25" branch="false"/><line number="1656" hits="27" branch="false"/><line number="1659" hits="48" branch="true" condition-coverage="100% (2/2)"><conditions><condition number="0" type="jump" coverage="100%"/></conditions></line><line number="1661" hits="28" branch="false"/><line number="1662" hits="28" branch="false"/><line number="1664" hits="28" branch="false"/><line number="1667" hits="28" branch="true" condition-coverage="100% (2/2)"><conditions><condition number="0" type="jump" coverage="100%"/></conditions></line><line number="1668" hits="26" branch="true" condition-coverage="100% (2/2)"><conditions><condition number="0" type="jump" coverage="100%"/></conditions></line><line number="1669" hits="9" branch="false"/><line number="1670" hits="9" branch="false"/><line number="1671" hits="26" branch="false"/><line number="1673" hits="28" branch="false"/><line number="1680" hits="20" branch="false"/><line number="1681" hits="20" branch="false"/><line number="1683" hits="20" branch="false"/><line number="1684" hits="134" branch="false"/></lines></class></classes></package><package name="src.lib.cpp" line-rate="0.7159533073929961" branch-rate="0.46511627906976744" complexity="0.0"><classes><class name="lib_hpp" filename="src/lib/cpp/lib.hpp" line-rate="0.7159533073929961" branch-rate="0.46511627906976744" complexity="0.0"><methods/><lines><line number="22" hits="8" branch="false"/><line number="23" hits="8" branch="false"/><line number="25" hits="8" branch="false"/><line number="28" hits="20" branch="true" condition-coverage="100% (2/2)"><conditions><condition number="0" type="jump" coverage="100%"/></conditions></line><line number="29" hits="12" branch="false"/><line number="30" hits="24" branch="false"/><line number="31" hits="12" branch="false"/><line number="32" hits="24" branch="false"/><line number="33" hits="12" branch="false"/><line number="34" hits="12" branch="false"/><line number="35" hits="24" branch="false"/><line number="36" hits="12" branch="false"/><line number="37" hits="12" branch="false"/><line number="39" hits="8" branch="false"/><line number="114" hits="11" branch="false"/><line number="116" hits="48" branch="false"/><line number="117" hits="48" branch="false"/><line number="118" hits="22" branch="false"/><line number="119" hits="11" branch="false"/><line number="120" hits="11" branch="false"/><line number="143" hits="3" branch="false"/><line number="145" hits="6" branch="false"/><line number="147" hits="3" branch="false"/><line number="149" hits="3" branch="false"/><line number="150" hits="3" branch="false"/><line number="151" hits="3" branch="false"/><line number="153" hits="3" branch="false"/><line number="160" hits="3" branch="false"/><line number="162" hits="22" branch="true" condition-coverage="100% (4/4)"><conditions><condition number="0" type="jump" coverage="100%"/></conditions></line><line number="163" hits="19" branch="false"/><line number="164" hits="19" branch="false"/><line number="165" hits="19" branch="false"/><line number="167" hits="3" branch="false"/><line number="168" hits="3" branch="false"/><line number="255" hits="8" branch="false"/><line number="256" hits="8" branch="false"/><line number="266" hits="18" branch="false"/><line number="267" hits="18" branch="false"/><line number="268" hits="18" branch="false"/><line number="270" hits="18" branch="false"/><line number="271" hits="18" branch="false"/><line number="272" hits="18" branch="false"/><line number="274" hits="18" branch="true" condition-coverage="100% (2/2)"><conditions><condition number="0" type="jump" coverage="100%"/></conditions></line><line number="275" hits="8" branch="false"/><line number="276" hits="8" branch="false"/><line number="277" hits="8" branch="false"/><line number="278" hits="8" branch="false"/><line number="280" hits="18" branch="false"/><line number="281" hits="18" branch="false"/><line number="283" hits="18" branch="false"/><line number="284" hits="18" branch="true" condition-coverage="50% (1/2)"><conditions><condition number="0" type="jump" coverage="50%"/></conditions></line><line number="286" hits="4" branch="false"/><line number="287" hits="4" branch="false"/><line number="289" hits="5" branch="false"/><line number="290" hits="5" branch="false"/><line number="292" hits="18" branch="false"/><line number="293" hits="18" branch="false"/><line number="296" hits="18" branch="false"/><line number="297" hits="18" branch="false"/><line number="300" hits="18" branch="false"/><line number="301" hits="18" branch="true" condition-coverage="100% (2/2)"><conditions><condition number="0" type="jump" coverage="100%"/></conditions></line><line number="302" hits="8" branch="false"/><line number="305" hits="10" branch="false"/><line number="306" hits="18" branch="false"/><line number="308" hits="1310" branch="false"/><line number="310" hits="1310" branch="false"/><line number="311" hits="1310" branch="false"/><line number="312" hits="1310" branch="false"/><line number="314" hits="99" branch="false"/><line number="315" hits="99" branch="false"/><line number="316" hits="99" branch="false"/><line number="318" hits="123" branch="false"/><line number="319" hits="123" branch="false"/><line number="320" hits="123" branch="false"/><line number="323" hits="324" branch="false"/><line number="325" hits="324" branch="false"/><line number="327" hits="324" branch="true" condition-coverage="75% (3/4)"><conditions><condition number="0" type="jump" coverage="75%"/></conditions></line><line number="328" hits="9" branch="true" condition-coverage="50% (1/2)"><conditions><condition number="0" type="jump" coverage="50%"/></conditions></line><line number="330" hits="9" branch="false"/><line number="333" hits="315" branch="false"/><line number="334" hits="315" branch="false"/><line number="336" hits="324" branch="false"/><line number="338" hits="2" branch="false"/><line number="339" hits="2" branch="false"/><line number="341" hits="2" branch="true" condition-coverage="100% (2/2)"><conditions><condition number="0" type="jump" coverage="100%"/></conditions></line><line number="342" hits="1" branch="true" condition-coverage="50% (1/2)"><conditions><condition number="0" type="jump" coverage="50%"/></conditions></line><line number="345" hits="1" branch="true" condition-coverage="50% (1/2)"><conditions><condition number="0" type="jump" coverage="50%"/></conditions></line><line number="346" hits="2" branch="false"/><line number="348" hits="4633" branch="false"/><line number="349" hits="4633" branch="true" condition-coverage="100% (2/2)"><conditions><condition number="0" type="jump" coverage="100%"/></conditions></line><line number="350" hits="1546" branch="true" condition-coverage="50% (1/2)"><conditions><condition number="0" type="jump" coverage="50%"/></conditions></line><line number="351" hits="1546" branch="false"/><line number="352" hits="4633" branch="false"/><line number="354" hits="3086" branch="false"/><line number="356" hits="3086" branch="false"/><line number="357" hits="3086" branch="false"/><line number="358" hits="3086" branch="false"/><line number="360" hits="1" branch="false"/><line number="362" hits="1" branch="true" condition-coverage="50% (1/2)"><conditions><condition number="0" type="jump" coverage="50%"/></conditions></line><line number="363" hits="1" branch="false"/><line number="364" hits="1" branch="false"/><line number="365" hits="1" branch="false"/><line number="367" hits="1" branch="false"/><line number="368" hits="1" branch="false"/><line number="369" hits="1" branch="false"/><line number="370" hits="1" branch="false"/><line number="374" hits="1" branch="false"/><line number="375" hits="1" branch="false"/><line number="378" hits="5658" branch="false"/><line number="379" hits="5658" branch="false"/><line number="383" hits="110" branch="false"/><line number="384" hits="110" branch="false"/><line number="386" hits="110" branch="true" condition-coverage="100% (2/2)"><conditions><condition number="0" type="jump" coverage="100%"/></conditions></line><line number="387" hits="25" branch="false"/><line number="390" hits="85" branch="true" condition-coverage="100% (2/2)"><conditions><condition number="0" type="jump" coverage="100%"/></conditions></line><line number="391" hits="110" branch="false"/><line number="393" hits="36" branch="false"/><line number="394" hits="36" branch="false"/><line number="397" hits="13" branch="false"/><line number="398" hits="13" branch="false"/><line number="401" hits="22" branch="false"/><line number="402" hits="22" branch="false"/><line number="405" hits="22" branch="false"/><line number="406" hits="22" branch="false"/><line number="409" hits="22" branch="false"/><line number="410" hits="22" branch="false"/><line number="413" hits="22" branch="false"/><line number="414" hits="22" branch="false"/><line number="417" hits="129" branch="false"/><line number="419" hits="129" branch="false"/><line number="421" hits="129" branch="false"/><line number="424" hits="130" branch="false"/><line number="425" hits="130" branch="false"/><line number="427" hits="130" branch="false"/><line number="430" hits="134" branch="false"/><line number="431" hits="134" branch="false"/><line number="433" hits="134" branch="false"/><line number="436" hits="0" branch="false"/><line number="438" hits="0" branch="false"/><line number="439" hits="0" branch="true" condition-coverage="0% (0/2)"><conditions><condition number="0" type="jump" coverage="0%"/></conditions></line><line number="440" hits="0" branch="false"/><line number="442" hits="0" branch="false"/><line number="444" hits="0" branch="false"/><line number="445" hits="0" branch="true" condition-coverage="0% (0/2)"><conditions><condition number="0" type="jump" coverage="0%"/></conditions></line><line number="446" hits="0" branch="false"/><line number="448" hits="0" branch="false"/><line number="450" hits="0" branch="false"/><line number="451" hits="0" branch="true" condition-coverage="0% (0/2)"><conditions><condition number="0" type="jump" coverage="0%"/></conditions></line><line number="452" hits="0" branch="false"/><line number="454" hits="6" branch="false"/><line number="455" hits="6" branch="false"/><line number="456" hits="6" branch="false"/><line number="459" hits="0" branch="false"/><line number="460" hits="0" branch="false"/><line number="462" hits="0" branch="false"/><line number="464" hits="0" branch="false"/><line number="466" hits="0" branch="false"/><line number="469" hits="0" branch="false"/><line number="470" hits="0" branch="false"/><line number="472" hits="0" branch="false"/><line number="474" hits="0" branch="false"/><line number="476" hits="0" branch="false"/><line number="479" hits="0" branch="false"/><line number="480" hits="0" branch="false"/><line number="482" hits="0" branch="false"/><line number="484" hits="0" branch="false"/><line number="486" hits="0" branch="false"/><line number="489" hits="0" branch="false"/><line number="491" hits="0" branch="false"/><line number="492" hits="0" branch="true" condition-coverage="0% (0/2)"><conditions><condition number="0" type="jump" coverage="0%"/></conditions></line><line number="493" hits="0" branch="false"/><line number="495" hits="0" branch="false"/><line number="497" hits="0" branch="false"/><line number="498" hits="0" branch="true" condition-coverage="0% (0/2)"><conditions><condition number="0" type="jump" coverage="0%"/></conditions></line><line number="499" hits="0" branch="false"/><line number="501" hits="0" branch="false"/><line number="503" hits="0" branch="false"/><line number="504" hits="0" branch="true" condition-coverage="0% (0/2)"><conditions><condition number="0" type="jump" coverage="0%"/></conditions></line><line number="505" hits="0" branch="false"/><line number="507" hits="480" branch="false"/><line number="508" hits="480" branch="false"/><line number="510" hits="480" branch="false"/><line number="512" hits="480" branch="false"/><line number="514" hits="480" branch="false"/><line number="516" hits="480" branch="true" condition-coverage="100% (2/2)"><conditions><condition number="0" type="jump" coverage="100%"/></conditions></line><line number="518" hits="160" branch="false"/><line number="520" hits="160" branch="false"/><line number="521" hits="160" branch="true" condition-coverage="50% (1/2)"><conditions><condition number="0" type="jump" coverage="50%"/></conditions></line><line number="523" hits="480" branch="true" condition-coverage="100% (2/2)"><conditions><condition number="0" type="jump" coverage="100%"/></conditions></line><line number="524" hits="160" branch="false"/><line number="525" hits="160" branch="true" condition-coverage="50% (1/2)"><conditions><condition number="0" type="jump" coverage="50%"/></conditions></line><line number="526" hits="160" branch="false"/><line number="527" hits="160" branch="false"/><line number="528" hits="160" branch="true" condition-coverage="50% (1/2)"><conditions><condition number="0" type="jump" coverage="50%"/></conditions></line><line number="529" hits="160" branch="false"/><line number="531" hits="480" branch="false"/><line number="532" hits="0" branch="false"/><line number="534" hits="0" branch="false"/><line number="536" hits="0" branch="false"/><line number="537" hits="0" branch="false"/><line number="538" hits="0" branch="true" condition-coverage="0% (0/2)"><conditions><condition number="0" type="jump" coverage="0%"/></conditions></line><line number="539" hits="0" branch="false"/><line number="541" hits="0" branch="false"/><line number="543" hits="0" branch="false"/><line number="544" hits="0" branch="true" condition-coverage="0% (0/2)"><conditions><condition number="0" type="jump" coverage="0%"/></conditions></line><line number="545" hits="0" branch="false"/><line number="547" hits="0" branch="false"/><line number="549" hits="0" branch="false"/><line number="550" hits="0" branch="true" condition-coverage="0% (0/2)"><conditions><condition number="0" type="jump" coverage="0%"/></conditions></line><line number="551" hits="0" branch="false"/><line number="553" hits="0" branch="false"/><line number="555" hits="0" branch="false"/><line number="556" hits="0" branch="true" condition-coverage="0% (0/2)"><conditions><condition number="0" type="jump" coverage="0%"/></conditions></line><line number="557" hits="0" branch="false"/><line number="559" hits="0" branch="false"/><line number="561" hits="0" branch="false"/><line number="562" hits="0" branch="true" condition-coverage="0% (0/2)"><conditions><condition number="0" type="jump" coverage="0%"/></conditions></line><line number="563" hits="0" branch="false"/><line number="565" hits="0" branch="false"/><line number="567" hits="0" branch="true" condition-coverage="0% (0/2)"><conditions><condition number="0" type="jump" coverage="0%"/></conditions></line><line number="568" hits="0" branch="false"/><line number="570" hits="0" branch="false"/><line number="572" hits="0" branch="true" condition-coverage="0% (0/2)"><conditions><condition number="0" type="jump" coverage="0%"/></conditions></line><line number="573" hits="0" branch="false"/><line number="575" hits="0" branch="false"/><line number="577" hits="0" branch="true" condition-coverage="0% (0/2)"><conditions><condition number="0" type="jump" coverage="0%"/></conditions></line><line number="578" hits="0" branch="false"/><line number="580" hits="0" branch="false"/><line number="582" hits="0" branch="true" condition-coverage="0% (0/2)"><conditions><condition number="0" type="jump" coverage="0%"/></conditions></line><line number="583" hits="0" branch="false"/><line number="585" hits="332" branch="false"/><line number="586" hits="332" branch="false"/><line number="587" hits="332" branch="true" condition-coverage="50% (1/2)"><conditions><condition number="0" type="jump" coverage="50%"/></conditions></line><line number="588" hits="332" branch="false"/><line number="589" hits="332" branch="false"/><line number="590" hits="332" branch="true" condition-coverage="50% (1/2)"><conditions><condition number="0" type="jump" coverage="50%"/></conditions></line><line number="592" hits="369" branch="false"/><line number="594" hits="369" branch="false"/><line number="595" hits="369" branch="true" condition-coverage="50% (1/2)"><conditions><condition number="0" type="jump" coverage="50%"/></conditions></line><line number="596" hits="369" branch="false"/><line number="597" hits="369" branch="false"/><line number="598" hits="369" branch="true" condition-coverage="50% (1/2)"><conditions><condition number="0" type="jump" coverage="50%"/></conditions></line><line number="600" hits="344" branch="false"/><line number="602" hits="344" branch="false"/><line number="603" hits="344" branch="true" condition-coverage="50% (1/2)"><conditions><condition number="0" type="jump" coverage="50%"/></conditions></line><line number="604" hits="344" branch="false"/><line number="605" hits="344" branch="false"/><line number="606" hits="344" branch="true" condition-coverage="50% (1/2)"><conditions><condition number="0" type="jump" coverage="50%"/></conditions></line><line number="608" hits="1" branch="false"/><line number="609" hits="1" branch="false"/><line number="612" hits="8" branch="false"/><line number="613" hits="8" branch="false"/><line number="616" hits="602" branch="false"/><line number="618" hits="602" branch="false"/><line number="620" hits="602" branch="false"/><line number="623" hits="1" branch="false"/><line number="624" hits="1" branch="false"/></lines></class></classes></package></packages></coverage>