<?xml version='1.0' encoding='UTF-8'?>
<!DOCTYPE coverage SYSTEM 'http://cobertura.sourceforge.net/xml/coverage-04.dtd'>
<coverage line-rate="0.9119047619047619" branch-rate="0.847457627118644" lines-covered="766" lines-valid="840" branches-covered="300" branches-valid="354" complexity="0.0" timestamp="1759791684" version="gcovr 7.0"><sources><source>..</source></sources><packages><package name="src.lib" line-rate="1.0" branch-rate="1.0" complexity="0.0"><classes><class name="lib_c" filename="src/lib/lib.c" line-rate="1.0" branch-rate="1.0" complexity="0.0"><methods/><lines><line number="12" hits="562" branch="false"/><line number="13" hits="562" branch="false"/><line number="16" hits="272" branch="false"/><line number="17" hits="272" branch="false"/><line number="19" hits="272" branch="false"/><line number="23" hits="9" branch="false"/><line number="24" hits="9" branch="false"/><line number="26" hits="9" branch="false"/><line number="33" hits="2744" branch="false"/><line number="35" hits="2744" branch="false"/><line number="37" hits="2744" branch="false"/><line number="42" hits="2744" branch="false"/><line number="43" hits="2744" branch="false"/><line number="45" hits="500" branch="false"/><line number="47" hits="500" branch="false"/><line number="49" hits="500" branch="false"/><line number="51" hits="500" branch="false"/><line number="53" hits="500" branch="false"/><line number="64" hits="610" branch="false"/><line number="65" hits="610" branch="true" condition-coverage="100% (2/2)"><conditions><condition number="0" type="jump" coverage="100%"/></conditions></line><line number="66" hits="607" branch="false"/><line number="67" hits="607" branch="false"/><line number="68" hits="610" branch="false"/><line number="75" hits="15420" branch="false"/><line number="77" hits="15420" branch="true" condition-coverage="100% (2/2)"><conditions><condition number="0" type="jump" coverage="100%"/></conditions></line><line number="78" hits="1155" branch="true" condition-coverage="100% (2/2)"><conditions><condition number="0" type="jump" coverage="100%"/></conditions></line><line number="80" hits="1155" branch="false"/><line number="82" hits="1155" branch="false"/><line number="87" hits="1155" branch="false"/><line number="88" hits="1155" branch="false"/><line number="89" hits="1155" branch="false"/><line number="91" hits="15420" branch="false"/><line number="93" hits="15420" branch="false"/><line number="94" hits="15420" branch="false"/><line number="99" hits="273" branch="false"/><line number="104" hits="273" branch="false"/><line number="110" hits="273" branch="false"/><line number="112" hits="273" branch="false"/><line number="114" hits="273" branch="false"/><line number="119" hits="27341" branch="true" condition-coverage="100% (2/2)"><conditions><condition number="0" type="jump" coverage="100%"/></conditions></line><line number="126" hits="27068" branch="true" condition-coverage="100% (2/2)"><conditions><condition number="0" type="jump" coverage="100%"/></conditions></line><line number="127" hits="626" branch="false"/><line number="128" hits="626" branch="false"/><line number="129" hits="626" branch="false"/><line number="130" hits="626" branch="false"/><line number="133" hits="106588" branch="true" condition-coverage="100% (2/2)"><conditions><condition number="0" type="jump" coverage="100%"/></conditions></line><line number="134" hits="79520" branch="false"/><line number="136" hits="79520" branch="true" condition-coverage="100% (2/2)"><conditions><condition number="0" type="jump" coverage="100%"/></conditions></line><line number="137" hits="27068" branch="false"/><line number="139" hits="27068" branch="false"/><line number="140" hits="52452" branch="true" condition-coverage="100% (2/2)"><conditions><condition number="0" type="jump" coverage="100%"/></conditions></line><line number="141" hits="26265" branch="false"/><line number="142" hits="26265" branch="false"/><line number="143" hits="26265" branch="false"/><line number="146" hits="79520" branch="false"/><line number="147" hits="79520" branch="false"/><line number="150" hits="27068" branch="false"/><line number="151" hits="27068" branch="true" condition-coverage="100% (2/2)"><conditions><condition number="0" type="jump" coverage="100%"/></conditions></line><line number="152" hits="10960" branch="false"/><line number="153" hits="10960" branch="false"/><line number="154" hits="10960" branch="false"/><line number="160" hits="1078544" branch="true" condition-coverage="100% (2/2)"><conditions><condition number="0" type="jump" coverage="100%"/></conditions></line><line number="161" hits="1051476" branch="false"/><line number="163" hits="1051476" branch="true" condition-coverage="100% (2/2)"><conditions><condition number="0" type="jump" coverage="100%"/></conditions></line><line number="166" hits="27068" branch="false"/><line number="167" hits="1024408" branch="true" condition-coverage="100% (2/2)"><conditions><condition number="0" type="jump" coverage="100%"/></conditions></line><line number="168" hits="424678" branch="false"/><line number="169" hits="424678" branch="false"/><line number="170" hits="424678" branch="false"/><line number="171" hits="424678" branch="false"/><line number="174" hits="1051476" branch="false"/><line number="175" hits="1051476" branch="false"/><line number="181" hits="1078544" branch="true" condition-coverage="100% (2/2)"><conditions><condition number="0" type="jump" coverage="100%"/></conditions></line><line number="185" hits="1051476" branch="false"/><line number="187" hits="1051476" branch="true" condition-coverage="100% (2/2)"><conditions><condition number="0" type="jump" coverage="100%"/></conditions></line><line number="188" hits="424678" branch="false"/><line number="189" hits="424678" branch="false"/><line number="190" hits="1051476" branch="false"/><line number="193" hits="27068" branch="false"/><line number="197" hits="27068" branch="true" condition-coverage="100% (2/2)"><conditions><condition number="0" type="jump" coverage="100%"/></conditions></line><line number="198" hits="6767" branch="false"/><line number="199" hits="6767" branch="false"/><line number="204" hits="273" branch="false"/><line number="205" hits="273" branch="false"/><line number="213" hits="273" branch="false"/><line number="215" hits="273" branch="false"/><line number="217" hits="273" branch="true" condition-coverage="100% (2/2)"><conditions><condition number="0" type="jump" coverage="100%"/></conditions></line><line number="220" hits="867" branch="true" condition-coverage="100% (2/2)"><conditions><condition number="0" type="jump" coverage="100%"/></conditions></line><line number="221" hits="596" branch="false"/><line number="223" hits="596" branch="true" condition-coverage="100% (2/2)"><conditions><condition number="0" type="jump" coverage="100%"/></conditions></line><line number="225" hits="271" branch="false"/><line number="226" hits="271" branch="false"/><line number="227" hits="325" branch="false"/><line number="230" hits="596" branch="false"/><line number="231" hits="596" branch="false"/><line number="232" hits="271" branch="false"/><line number="236" hits="899" branch="true" condition-coverage="100% (2/2)"><conditions><condition number="0" type="jump" coverage="100%"/></conditions></line><line number="237" hits="626" branch="false"/><line number="238" hits="626" branch="false"/><line number="242" hits="273" branch="false"/><line number="243" hits="273" branch="false"/><line number="245" hits="512" branch="false"/><line number="246" hits="512" branch="false"/><line number="251" hits="512" branch="true" condition-coverage="100% (2/2)"><conditions><condition number="0" type="jump" coverage="100%"/></conditions></line><line number="253" hits="141" branch="true" condition-coverage="100% (2/2)"><conditions><condition number="0" type="jump" coverage="100%"/></conditions></line><line number="254" hits="65" branch="false"/><line number="255" hits="65" branch="false"/><line number="258" hits="141" branch="false"/><line number="261" hits="690" branch="true" condition-coverage="100% (2/2)"><conditions><condition number="0" type="jump" coverage="100%"/></conditions></line><line number="262" hits="482" branch="true" condition-coverage="100% (2/2)"><conditions><condition number="0" type="jump" coverage="100%"/></conditions></line><line number="263" hits="319" branch="false"/><line number="264" hits="319" branch="false"/><line number="265" hits="163" branch="false"/><line number="267" hits="319" branch="false"/><line number="270" hits="371" branch="true" condition-coverage="100% (2/2)"><conditions><condition number="0" type="jump" coverage="100%"/></conditions></line><line number="271" hits="208" branch="true" condition-coverage="100% (2/2)"><conditions><condition number="0" type="jump" coverage="100%"/></conditions></line><line number="272" hits="6" branch="false"/><line number="273" hits="6" branch="false"/><line number="274" hits="208" branch="false"/><line number="277" hits="371" branch="false"/><line number="278" hits="512" branch="false"/><line number="280" hits="6815" branch="false"/><line number="281" hits="6815" branch="true" condition-coverage="100% (2/2)"><conditions><condition number="0" type="jump" coverage="100%"/></conditions></line><line number="284" hits="6781" branch="false"/><line number="285" hits="6781" branch="false"/><line number="288" hits="8639" branch="false"/><line number="290" hits="8639" branch="false"/><line number="292" hits="8639" branch="false"/><line number="295" hits="8849" branch="false"/><line number="298" hits="8849" branch="false"/><line number="300" hits="8849" branch="true" condition-coverage="100% (2/2)"><conditions><condition number="0" type="jump" coverage="100%"/></conditions></line><line number="301" hits="4481" branch="false"/><line number="304" hits="4368" branch="true" condition-coverage="100% (2/2)"><conditions><condition number="0" type="jump" coverage="100%"/></conditions></line><line number="305" hits="2224" branch="false"/><line number="308" hits="2144" branch="false"/><line number="309" hits="8849" branch="false"/><line number="311" hits="34" branch="false"/><line number="313" hits="34" branch="true" condition-coverage="100% (6/6)"><conditions><condition number="0" type="jump" coverage="100%"/></conditions></line><line number="318" hits="281" branch="false"/><line number="320" hits="281" branch="false"/><line number="322" hits="281" branch="false"/><line number="326" hits="281" branch="true" condition-coverage="100% (2/2)"><conditions><condition number="0" type="jump" coverage="100%"/></conditions></line><line number="327" hits="1" branch="false"/><line number="328" hits="2" branch="false"/><line number="329" hits="1" branch="false"/><line number="336" hits="280" branch="false"/><line number="338" hits="280" branch="true" condition-coverage="100% (2/2)"><conditions><condition number="0" type="jump" coverage="100%"/></conditions></line><line number="339" hits="68" branch="false"/><line number="340" hits="68" branch="false"/><line number="342" hits="68" branch="true" condition-coverage="100% (2/2)"><conditions><condition number="0" type="jump" coverage="100%"/></conditions></line><line number="343" hits="1" branch="false"/><line number="344" hits="2" branch="false"/><line number="345" hits="1" branch="false"/><line number="352" hits="279" branch="true" condition-coverage="100% (2/2)"><conditions><condition number="0" type="jump" coverage="100%"/></conditions></line><line number="353" hits="104" branch="false"/><line number="354" hits="104" branch="false"/><line number="356" hits="104" branch="true" condition-coverage="100% (2/2)"><conditions><condition number="0" type="jump" coverage="100%"/></conditions></line><line number="357" hits="1" branch="false"/><line number="358" hits="2" branch="false"/><line number="359" hits="1" branch="false"/><line number="365" hits="103" branch="false"/><line number="366" hits="108" branch="false"/><line number="369" hits="278" branch="false"/><line number="371" hits="278" branch="false"/><line number="373" hits="7088" branch="true" condition-coverage="100% (2/2)"><conditions><condition number="0" type="jump" coverage="100%"/></conditions></line><line number="374" hits="6815" branch="false"/><line number="376" hits="6815" branch="true" condition-coverage="100% (2/2)"><conditions><condition number="0" type="jump" coverage="100%"/></conditions></line><line number="377" hits="6781" branch="false"/><line number="378" hits="6815" branch="true" condition-coverage="100% (2/2)"><conditions><condition number="0" type="jump" coverage="100%"/></conditions></line><line number="379" hits="30" branch="true" condition-coverage="100% (2/2)"><conditions><condition number="0" type="jump" coverage="100%"/></conditions></line><line number="381" hits="1" branch="false"/><line number="382" hits="1" branch="false"/><line number="383" hits="1" branch="false"/><line number="384" hits="1" branch="false"/><line number="385" hits="3" branch="false"/><line number="387" hits="1" branch="false"/><line number="388" hits="1" branch="false"/><line number="392" hits="29" branch="false"/><line number="394" hits="4" branch="false"/><line number="395" hits="4" branch="false"/><line number="396" hits="8" branch="false"/><line number="397" hits="12" branch="false"/><line number="399" hits="4" branch="false"/><line number="400" hits="4" branch="false"/><line number="404" hits="6781" branch="true" condition-coverage="100% (2/2)"><conditions><condition number="0" type="jump" coverage="100%"/></conditions></line><line number="405" hits="275" branch="false"/><line number="406" hits="275" branch="false"/><line number="407" hits="6781" branch="false"/><line number="409" hits="273" branch="false"/><line number="411" hits="273" branch="false"/><line number="413" hits="273" branch="true" condition-coverage="100% (2/2)"><conditions><condition number="0" type="jump" coverage="100%"/></conditions></line><line number="414" hits="142" branch="true" condition-coverage="100% (2/2)"><conditions><condition number="0" type="jump" coverage="100%"/></conditions></line><line number="415" hits="66" branch="true" condition-coverage="100% (2/2)"><conditions><condition number="0" type="jump" coverage="100%"/></conditions></line><line number="416" hits="1" branch="false"/><line number="417" hits="2" branch="false"/><line number="418" hits="2" branch="false"/><line number="420" hits="1" branch="false"/><line number="424" hits="65" branch="false"/><line number="425" hits="141" branch="false"/><line number="427" hits="272" branch="false"/><line number="429" hits="272" branch="false"/><line number="430" hits="281" branch="false"/><line number="432" hits="85" branch="false"/><line number="433" hits="85" branch="false"/><line number="434" hits="85" branch="false"/><line number="435" hits="85" branch="false"/><line number="437" hits="85" branch="false"/><line number="440" hits="106" branch="false"/><line number="441" hits="106" branch="false"/><line number="443" hits="106" branch="true" condition-coverage="100% (2/2)"><conditions><condition number="0" type="jump" coverage="100%"/></conditions></line><line number="444" hits="95" branch="false"/><line number="446" hits="95" branch="true" condition-coverage="100% (2/2)"><conditions><condition number="0" type="jump" coverage="100%"/></conditions></line><line number="447" hits="1" branch="false"/><line number="448" hits="1" branch="false"/><line number="449" hits="94" branch="false"/><line number="451" hits="95" branch="false"/><line number="452" hits="11" branch="false"/><line number="453" hits="11" branch="false"/><line number="456" hits="106" branch="false"/><line number="459" hits="734" branch="false"/><line number="461" hits="1468" branch="false"/><line number="463" hits="734" branch="false"/><line number="465" hits="734" branch="false"/><line number="467" hits="734" branch="false"/><line number="469" hits="734" branch="false"/><line number="472" hits="9" branch="false"/><line number="475" hits="9" branch="false"/><line number="477" hits="9" branch="false"/><line number="479" hits="47" branch="true" condition-coverage="100% (2/2)"><conditions><condition number="0" type="jump" coverage="100%"/></conditions></line><line number="480" hits="38" branch="false"/><line number="481" hits="38" branch="false"/><line number="483" hits="9" branch="false"/><line number="485" hits="9" branch="false"/><line number="488" hits="1751" branch="false"/><line number="489" hits="1751" branch="true" condition-coverage="100% (2/2)"><conditions><condition number="0" type="jump" coverage="100%"/></conditions></line><line number="490" hits="1" branch="false"/><line number="493" hits="1750" branch="true" condition-coverage="100% (2/2)"><conditions><condition number="0" type="jump" coverage="100%"/></conditions></line><line number="494" hits="1749" branch="false"/><line number="495" hits="1749" branch="false"/><line number="496" hits="1749" branch="false"/><line number="497" hits="1751" branch="false"/><line number="499" hits="2" branch="false"/><line number="500" hits="2" branch="true" condition-coverage="100% (2/2)"><conditions><condition number="0" type="jump" coverage="100%"/></conditions></line><line number="501" hits="1" branch="false"/><line number="502" hits="1" branch="false"/><line number="503" hits="2" branch="false"/><line number="505" hits="402" branch="false"/><line number="506" hits="402" branch="false"/><line number="509" hits="689" branch="false"/><line number="511" hits="689" branch="false"/><line number="512" hits="689" branch="false"/><line number="514" hits="18491" branch="true" condition-coverage="100% (2/2)"><conditions><condition number="0" type="jump" coverage="100%"/></conditions></line><line number="515" hits="17802" branch="false"/><line number="516" hits="17802" branch="false"/><line number="519" hits="689" branch="false"/><line number="523" hits="332" branch="false"/><line number="528" hits="332" branch="false"/><line number="534" hits="517" branch="true" condition-coverage="100% (2/2)"><conditions><condition number="0" type="jump" coverage="100%"/></conditions></line><line number="535" hits="185" branch="false"/><line number="536" hits="185" branch="false"/><line number="538" hits="185" branch="false"/><line number="539" hits="185" branch="false"/><line number="542" hits="332" branch="false"/><line number="543" hits="332" branch="false"/><line number="547" hits="332" branch="true" condition-coverage="100% (2/2)"><conditions><condition number="0" type="jump" coverage="100%"/></conditions></line><line number="548" hits="32" branch="false"/><line number="549" hits="32" branch="false"/><line number="552" hits="332" branch="false"/><line number="555" hits="332" branch="false"/><line number="557" hits="332" branch="false"/><line number="558" hits="332" branch="false"/><line number="559" hits="332" branch="false"/><line number="561" hits="28421" branch="true" condition-coverage="100% (2/2)"><conditions><condition number="0" type="jump" coverage="100%"/></conditions></line><line number="565" hits="1019111" branch="true" condition-coverage="100% (2/2)"><conditions><condition number="0" type="jump" coverage="100%"/></conditions></line><line number="569" hits="991022" branch="false"/><line number="571" hits="991022" branch="true" condition-coverage="100% (2/2)"><conditions><condition number="0" type="jump" coverage="100%"/></conditions></line><line number="572" hits="490174" branch="false"/><line number="573" hits="490174" branch="false"/><line number="574" hits="991022" branch="false"/><line number="586" hits="28089" branch="false"/><line number="591" hits="28089" branch="true" condition-coverage="100% (2/2)"><conditions><condition number="0" type="jump" coverage="100%"/></conditions></line><line number="592" hits="332" branch="false"/><line number="593" hits="332" branch="false"/><line number="595" hits="27757" branch="false"/><line number="596" hits="27757" branch="false"/><line number="597" hits="27757" branch="false"/><line number="598" hits="27757" branch="true" condition-coverage="100% (2/2)"><conditions><condition number="0" type="jump" coverage="100%"/></conditions></line><line number="599" hits="8307" branch="false"/><line number="600" hits="8307" branch="false"/><line number="604" hits="28089" branch="true" condition-coverage="100% (2/2)"><conditions><condition number="0" type="jump" coverage="100%"/></conditions></line><line number="605" hits="8639" branch="false"/><line number="606" hits="8639" branch="false"/><line number="611" hits="1027750" branch="true" condition-coverage="100% (2/2)"><conditions><condition number="0" type="jump" coverage="100%"/></conditions></line><line number="613" hits="999661" branch="false"/><line number="615" hits="999661" branch="false"/><line number="617" hits="999661" branch="true" condition-coverage="100% (2/2)"><conditions><condition number="0" type="jump" coverage="100%"/></conditions></line><line number="618" hits="28089" branch="false"/><line number="621" hits="28089" branch="false"/><line number="622" hits="971572" branch="true" condition-coverage="100% (2/2)"><conditions><condition number="0" type="jump" coverage="100%"/></conditions></line><line number="623" hits="490174" branch="false"/><line number="624" hits="490174" branch="false"/><line number="628" hits="999661" branch="false"/><line number="629" hits="999661" branch="false"/><line number="631" hits="999661" branch="false"/><line number="637" hits="28089" branch="false"/><line number="639" hits="28089" branch="false"/><line number="640" hits="28089" branch="false"/><line number="642" hits="28089" branch="false"/><line number="644" hits="28089" branch="false"/><line number="646" hits="28089" branch="false"/><line number="647" hits="28089" branch="true" condition-coverage="100% (2/2)"><conditions><condition number="0" type="jump" coverage="100%"/></conditions></line><line number="648" hits="20281" branch="false"/><line number="649" hits="20281" branch="false"/><line number="654" hits="28089" branch="false"/><line number="657" hits="332" branch="false"/><line number="661" hits="333" branch="false"/><line number="663" hits="333" branch="true" condition-coverage="100% (2/2)"><conditions><condition number="0" type="jump" coverage="100%"/></conditions></line><line number="664" hits="1" branch="false"/><line number="667" hits="332" branch="false"/><line number="669" hits="332" branch="false"/><line number="671" hits="332" branch="false"/><line number="675" hits="332" branch="false"/><line number="677" hits="332" branch="true" condition-coverage="100% (2/2)"><conditions><condition number="0" type="jump" coverage="100%"/></conditions></line><line number="678" hits="102" branch="false"/><line number="679" hits="102" branch="false"/><line number="681" hits="332" branch="false"/><line number="683" hits="332" branch="false"/><line number="688" hits="332" branch="false"/><line number="690" hits="332" branch="false"/><line number="692" hits="332" branch="true" condition-coverage="100% (2/2)"><conditions><condition number="0" type="jump" coverage="100%"/></conditions></line><line number="693" hits="102" branch="false"/><line number="694" hits="102" branch="false"/><line number="695" hits="102" branch="false"/><line number="697" hits="332" branch="false"/><line number="699" hits="8971" branch="true" condition-coverage="100% (2/2)"><conditions><condition number="0" type="jump" coverage="100%"/></conditions></line><line number="701" hits="8639" branch="false"/><line number="702" hits="8639" branch="false"/><line number="704" hits="8639" branch="false"/><line number="705" hits="8639" branch="false"/><line number="707" hits="332" branch="false"/><line number="709" hits="332" branch="false"/><line number="710" hits="333" branch="false"/><line number="719" hits="370" branch="false"/><line number="723" hits="370" branch="true" condition-coverage="100% (2/2)"><conditions><condition number="0" type="jump" coverage="100%"/></conditions></line><line number="724" hits="1" branch="false"/><line number="727" hits="369" branch="false"/><line number="729" hits="369" branch="true" condition-coverage="100% (2/2)"><conditions><condition number="0" type="jump" coverage="100%"/></conditions></line><line number="730" hits="112" branch="false"/><line number="731" hits="112" branch="false"/><line number="733" hits="369" branch="true" condition-coverage="100% (2/2)"><conditions><condition number="0" type="jump" coverage="100%"/></conditions></line><line number="734" hits="185" branch="false"/><line number="735" hits="185" branch="false"/><line number="737" hits="369" branch="true" condition-coverage="100% (2/2)"><conditions><condition number="0" type="jump" coverage="100%"/></conditions></line><line number="738" hits="185" branch="false"/><line number="739" hits="185" branch="false"/><line number="741" hits="369" branch="false"/><line number="743" hits="369" branch="false"/><line number="747" hits="369" branch="false"/><line number="749" hits="369" branch="false"/><line number="751" hits="369" branch="true" condition-coverage="100% (2/2)"><conditions><condition number="0" type="jump" coverage="100%"/></conditions></line><line number="752" hits="112" branch="false"/><line number="753" hits="112" branch="false"/><line number="754" hits="112" branch="false"/><line number="756" hits="369" branch="true" condition-coverage="100% (2/2)"><conditions><condition number="0" type="jump" coverage="100%"/></conditions></line><line number="757" hits="555" branch="true" condition-coverage="100% (2/2)"><conditions><condition number="0" type="jump" coverage="100%"/></conditions></line><line number="758" hits="370" branch="false"/><line number="759" hits="370" branch="false"/><line number="760" hits="370" branch="false"/><line number="761" hits="185" branch="false"/><line number="763" hits="369" branch="false"/><line number="765" hits="1031" branch="true" condition-coverage="100% (4/4)"><conditions><condition number="0" type="jump" coverage="100%"/></conditions></line><line number="767" hits="662" branch="false"/><line number="769" hits="662" branch="false"/><line number="771" hits="662" branch="true" condition-coverage="100% (2/2)"><conditions><condition number="0" type="jump" coverage="100%"/></conditions></line><line number="772" hits="334" branch="true" condition-coverage="100% (2/2)"><conditions><condition number="0" type="jump" coverage="100%"/></conditions></line><line number="773" hits="185" branch="false"/><line number="774" hits="185" branch="false"/><line number="775" hits="185" branch="true" condition-coverage="100% (2/2)"><conditions><condition number="0" type="jump" coverage="100%"/></conditions></line><line number="776" hits="16" branch="false"/><line number="778" hits="16" branch="false"/><line number="779" hits="185" branch="false"/><line number="780" hits="185" branch="false"/><line number="781" hits="334" branch="false"/><line number="783" hits="9511" branch="true" condition-coverage="100% (2/2)"><conditions><condition number="0" type="jump" coverage="100%"/></conditions></line><line number="784" hits="8849" branch="false"/><line number="785" hits="8849" branch="false"/><line number="786" hits="8849" branch="false"/><line number="788" hits="662" branch="true" condition-coverage="100% (4/4)"><conditions><condition number="0" type="jump" coverage="100%"/></conditions></line><line number="789" hits="149" branch="false"/><line number="790" hits="149" branch="false"/><line number="791" hits="149" branch="false"/><line number="792" hits="662" branch="false"/><line number="794" hits="369" branch="false"/><line number="795" hits="369" branch="false"/><line number="798" hits="369" branch="false"/><line number="800" hits="369" branch="false"/><line number="801" hits="370" branch="false"/><line number="808" hits="345" branch="false"/><line number="810" hits="345" branch="true" condition-coverage="100% (2/2)"><conditions><condition number="0" type="jump" coverage="100%"/></conditions></line><line number="811" hits="1" branch="false"/><line number="814" hits="344" branch="false"/><line number="816" hits="344" branch="true" condition-coverage="100% (2/2)"><conditions><condition number="0" type="jump" coverage="100%"/></conditions></line><line number="817" hits="104" branch="false"/><line number="818" hits="104" branch="false"/><line number="820" hits="344" branch="true" condition-coverage="100% (2/2)"><conditions><condition number="0" type="jump" coverage="100%"/></conditions></line><line number="821" hits="172" branch="false"/><line number="822" hits="172" branch="false"/><line number="824" hits="344" branch="true" condition-coverage="100% (2/2)"><conditions><condition number="0" type="jump" coverage="100%"/></conditions></line><line number="825" hits="172" branch="false"/><line number="826" hits="172" branch="false"/><line number="828" hits="344" branch="false"/><line number="830" hits="344" branch="false"/><line number="834" hits="344" branch="false"/><line number="836" hits="344" branch="false"/><line number="838" hits="344" branch="true" condition-coverage="100% (2/2)"><conditions><condition number="0" type="jump" coverage="100%"/></conditions></line><line number="839" hits="104" branch="false"/><line number="840" hits="104" branch="false"/><line number="841" hits="104" branch="false"/><line number="843" hits="344" branch="true" condition-coverage="100% (2/2)"><conditions><condition number="0" type="jump" coverage="100%"/></conditions></line><line number="844" hits="516" branch="true" condition-coverage="100% (2/2)"><conditions><condition number="0" type="jump" coverage="100%"/></conditions></line><line number="845" hits="344" branch="false"/><line number="846" hits="344" branch="false"/><line number="847" hits="344" branch="false"/><line number="848" hits="172" branch="false"/><line number="850" hits="344" branch="false"/><line number="852" hits="960" branch="true" condition-coverage="100% (4/4)"><conditions><condition number="0" type="jump" coverage="100%"/></conditions></line><line number="854" hits="616" branch="false"/><line number="856" hits="616" branch="false"/><line number="858" hits="616" branch="true" condition-coverage="100% (2/2)"><conditions><condition number="0" type="jump" coverage="100%"/></conditions></line><line number="859" hits="308" branch="true" condition-coverage="100% (2/2)"><conditions><condition number="0" type="jump" coverage="100%"/></conditions></line><line number="860" hits="172" branch="false"/><line number="861" hits="172" branch="false"/><line number="862" hits="172" branch="true" condition-coverage="100% (2/2)"><conditions><condition number="0" type="jump" coverage="100%"/></conditions></line><line number="863" hits="16" branch="false"/><line number="865" hits="16" branch="false"/><line number="866" hits="172" branch="false"/><line number="867" hits="172" branch="false"/><line number="868" hits="308" branch="false"/><line number="870" hits="33448" branch="true" condition-coverage="100% (2/2)"><conditions><condition number="0" type="jump" coverage="100%"/></conditions></line><line number="871" hits="32832" branch="false"/><line number="872" hits="32832" branch="false"/><line number="873" hits="32832" branch="false"/><line number="875" hits="616" branch="true" condition-coverage="100% (4/4)"><conditions><condition number="0" type="jump" coverage="100%"/></conditions></line><line number="876" hits="136" branch="false"/><line number="877" hits="136" branch="false"/><line number="878" hits="136" branch="false"/><line number="879" hits="616" branch="false"/><line number="881" hits="344" branch="false"/><line number="882" hits="344" branch="false"/><line number="885" hits="344" branch="false"/><line number="887" hits="344" branch="false"/><line number="888" hits="345" branch="false"/><line number="890" hits="231" branch="false"/><line number="891" hits="231" branch="true" condition-coverage="100% (2/2)"><conditions><condition number="0" type="jump" coverage="100%"/></conditions></line><line number="892" hits="13" branch="false"/><line number="894" hits="218" branch="false"/><line number="895" hits="231" branch="false"/><line number="910" hits="129" branch="false"/><line number="912" hits="129" branch="false"/><line number="914" hits="129" branch="false"/><line number="916" hits="129" branch="false"/><line number="920" hits="129" branch="false"/><line number="922" hits="408" branch="true" condition-coverage="100% (2/2)"><conditions><condition number="0" type="jump" coverage="100%"/></conditions></line><line number="924" hits="279" branch="false"/><line number="926" hits="279" branch="true" condition-coverage="100% (2/2)"><conditions><condition number="0" type="jump" coverage="100%"/></conditions></line><line number="927" hits="142" branch="false"/><line number="928" hits="142" branch="false"/><line number="930" hits="279" branch="true" condition-coverage="100% (2/2)"><conditions><condition number="0" type="jump" coverage="100%"/></conditions></line><line number="931" hits="143" branch="false"/><line number="932" hits="143" branch="false"/><line number="934" hits="279" branch="false"/><line number="936" hits="279" branch="false"/><line number="937" hits="279" branch="false"/><line number="939" hits="129" branch="false"/><line number="943" hits="129" branch="false"/><line number="945" hits="129" branch="false"/><line number="949" hits="102" branch="false"/><line number="953" hits="102" branch="false"/><line number="955" hits="102" branch="false"/><line number="957" hits="102" branch="false"/><line number="961" hits="102" branch="false"/><line number="963" hits="326" branch="true" condition-coverage="100% (2/2)"><conditions><condition number="0" type="jump" coverage="100%"/></conditions></line><line number="965" hits="224" branch="false"/><line number="967" hits="224" branch="true" condition-coverage="100% (2/2)"><conditions><condition number="0" type="jump" coverage="100%"/></conditions></line><line number="968" hits="122" branch="false"/><line number="969" hits="122" branch="false"/><line number="971" hits="224" branch="true" condition-coverage="100% (2/2)"><conditions><condition number="0" type="jump" coverage="100%"/></conditions></line><line number="972" hits="107" branch="false"/><line number="973" hits="107" branch="false"/><line number="975" hits="224" branch="true" condition-coverage="100% (2/2)"><conditions><condition number="0" type="jump" coverage="100%"/></conditions></line><line number="976" hits="1" branch="false"/><line number="977" hits="1" branch="false"/><line number="980" hits="224" branch="true" condition-coverage="100% (2/2)"><conditions><condition number="0" type="jump" coverage="100%"/></conditions></line><line number="981" hits="223" branch="false"/><line number="982" hits="223" branch="false"/><line number="983" hits="1" branch="false"/><line number="984" hits="1" branch="false"/><line number="987" hits="224" branch="false"/><line number="988" hits="224" branch="false"/><line number="990" hits="102" branch="false"/><line number="994" hits="102" branch="false"/><line number="996" hits="102" branch="false"/><line number="1123" hits="129" branch="false"/><line number="1127" hits="129" branch="false"/><line number="1134" hits="184" branch="false"/><line number="1136" hits="184" branch="true" condition-coverage="100% (2/2)"><conditions><condition number="0" type="jump" coverage="100%"/></conditions></line><line number="1138" hits="108" branch="true" condition-coverage="100% (2/2)"><conditions><condition number="0" type="jump" coverage="100%"/></conditions></line><line number="1140" hits="81" branch="false"/><line number="1144" hits="27" branch="false"/><line number="1145" hits="27" branch="false"/><line number="1148" hits="76" branch="true" condition-coverage="100% (2/2)"><conditions><condition number="0" type="jump" coverage="100%"/></conditions></line><line number="1150" hits="28" branch="false"/><line number="1151" hits="28" branch="false"/><line number="1158" hits="48" branch="false"/><line number="1159" hits="48" branch="false"/><line number="1161" hits="48" branch="false"/><line number="1163" hits="48" branch="false"/><line number="1165" hits="48" branch="false"/><line number="1166" hits="184" branch="false"/><line number="1168" hits="102" branch="false"/><line number="1172" hits="102" branch="false"/><line number="1178" hits="130" branch="false"/><line number="1182" hits="130" branch="false"/><line number="1184" hits="130" branch="true" condition-coverage="100% (2/2)"><conditions><condition number="0" type="jump" coverage="100%"/></conditions></line><line number="1185" hits="28" branch="false"/><line number="1188" hits="102" branch="true" condition-coverage="100% (2/2)"><conditions><condition number="0" type="jump" coverage="100%"/></conditions></line><line number="1189" hits="42" branch="false"/><line number="1193" hits="60" branch="false"/><line number="1195" hits="60" branch="false"/><line number="1196" hits="60" branch="false"/><line number="1197" hits="130" branch="false"/><line number="1199" hits="185" branch="false"/><line number="1201" hits="185" branch="true" condition-coverage="100% (2/2)"><conditions><condition number="0" type="jump" coverage="100%"/></conditions></line><line number="1202" hits="137" branch="true" condition-coverage="100% (2/2)"><conditions><condition number="0" type="jump" coverage="100%"/></conditions></line><line number="1204" hits="110" branch="false"/><line number="1208" hits="27" branch="false"/><line number="1209" hits="27" branch="false"/><line number="1212" hits="48" branch="true" condition-coverage="100% (2/2)"><conditions><condition number="0" type="jump" coverage="100%"/></conditions></line><line number="1214" hits="28" branch="false"/><line number="1215" hits="28" branch="false"/><line number="1222" hits="20" branch="false"/><line number="1223" hits="20" branch="false"/><line number="1225" hits="20" branch="false"/><line number="1227" hits="20" branch="false"/><line number="1228" hits="185" branch="false"/><line number="1230" hits="36" branch="false"/><line number="1231" hits="36" branch="true" condition-coverage="100% (2/2)"><conditions><condition number="0" type="jump" coverage="100%"/></conditions></line><line number="1232" hits="5" branch="false"/><line number="1235" hits="31" branch="true" condition-coverage="100% (2/2)"><conditions><condition number="0" type="jump" coverage="100%"/></conditions></line><line number="1236" hits="3" branch="false"/><line number="1239" hits="74" branch="true" condition-coverage="100% (2/2)"><conditions><condition number="0" type="jump" coverage="100%"/></conditions></line><line number="1240" hits="56" branch="true" condition-coverage="100% (2/2)"><conditions><condition number="0" type="jump" coverage="100%"/></conditions></line><line number="1241" hits="10" branch="false"/><line number="1243" hits="46" branch="false"/><line number="1245" hits="18" branch="false"/><line number="1246" hits="36" branch="false"/><line number="1248" hits="20" branch="false"/><line number="1249" hits="20" branch="true" condition-coverage="100% (2/2)"><conditions><condition number="0" type="jump" coverage="100%"/></conditions></line><line number="1250" hits="5" branch="false"/><line number="1253" hits="15" branch="true" condition-coverage="100% (2/2)"><conditions><condition number="0" type="jump" coverage="100%"/></conditions></line><line number="1254" hits="5" branch="false"/><line number="1257" hits="10" branch="false"/><line number="1258" hits="20" branch="false"/><line number="1264" hits="260" branch="false"/><line number="1266" hits="260" branch="true" condition-coverage="100% (2/2)"><conditions><condition number="0" type="jump" coverage="100%"/></conditions></line><line number="1267" hits="40" branch="true" condition-coverage="100% (2/2)"><conditions><condition number="0" type="jump" coverage="100%"/></conditions></line><line number="1269" hits="20" branch="false"/><line number="1274" hits="20" branch="false"/><line number="1275" hits="20" branch="false"/><line number="1276" hits="20" branch="false"/><line number="1279" hits="220" branch="true" condition-coverage="100% (2/2)"><conditions><condition number="0" type="jump" coverage="100%"/></conditions></line><line number="1281" hits="15" branch="false"/><line number="1286" hits="205" branch="true" condition-coverage="100% (2/2)"><conditions><condition number="0" type="jump" coverage="100%"/></conditions></line><line number="1288" hits="10" branch="false"/><line number="1291" hits="195" branch="true" condition-coverage="100% (2/2)"><conditions><condition number="0" type="jump" coverage="100%"/></conditions></line><line number="1293" hits="9" branch="false"/><line number="1296" hits="275" branch="true" condition-coverage="100% (2/2)"><conditions><condition number="0" type="jump" coverage="100%"/></conditions></line><line number="1297" hits="222" branch="false"/><line number="1298" hits="222" branch="false"/><line number="1300" hits="222" branch="true" condition-coverage="100% (2/2)"><conditions><condition number="0" type="jump" coverage="100%"/></conditions></line><line number="1301" hits="80" branch="false"/><line number="1304" hits="142" branch="true" condition-coverage="100% (2/2)"><conditions><condition number="0" type="jump" coverage="100%"/></conditions></line><line number="1305" hits="53" branch="false"/><line number="1307" hits="89" branch="false"/><line number="1309" hits="53" branch="false"/><line number="1310" hits="260" branch="false"/><line number="1312" hits="6" branch="false"/><line number="1314" hits="6" branch="true" condition-coverage="100% (2/2)"><conditions><condition number="0" type="jump" coverage="100%"/></conditions></line><line number="1315" hits="3" branch="true" condition-coverage="100% (2/2)"><conditions><condition number="0" type="jump" coverage="100%"/></conditions></line><line number="1316" hits="1" branch="false"/><line number="1318" hits="2" branch="false"/><line number="1320" hits="5" branch="false"/><line number="1321" hits="6" branch="false"/></lines></class></classes></package><package name="src.lib.cpp" line-rate="0.7004048582995951" branch-rate="0.425531914893617" complexity="0.0"><classes><class name="lib_hpp" filename="src/lib/cpp/lib.hpp" line-rate="0.7004048582995951" branch-rate="0.425531914893617" complexity="0.0"><methods/><lines><line number="21" hits="8" branch="false"/><line number="22" hits="8" branch="false"/><line number="24" hits="8" branch="false"/><line number="27" hits="20" branch="true" condition-coverage="100% (2/2)"><conditions><condition number="0" type="jump" coverage="100%"/></conditions></line><line number="28" hits="24" branch="false"/><line number="29" hits="12" branch="false"/><line number="30" hits="12" branch="false"/><line number="32" hits="8" branch="false"/><line number="97" hits="9" branch="false"/><line number="99" hits="38" branch="false"/><line number="100" hits="38" branch="false"/><line number="101" hits="18" branch="false"/><line number="102" hits="9" branch="false"/><line number="103" hits="9" branch="false"/><line number="125" hits="3" branch="false"/><line number="127" hits="6" branch="false"/><line number="129" hits="3" branch="false"/><line number="131" hits="3" branch="false"/><line number="132" hits="3" branch="false"/><line number="134" hits="3" branch="false"/><line number="141" hits="3" branch="false"/><line number="143" hits="22" branch="true" condition-coverage="100% (4/4)"><conditions><condition number="0" type="jump" coverage="100%"/></conditions></line><line number="144" hits="19" branch="false"/><line number="145" hits="19" branch="false"/><line number="147" hits="3" branch="false"/><line number="148" hits="3" branch="false"/><line number="235" hits="8" branch="false"/><line number="236" hits="8" branch="false"/><line number="246" hits="18" branch="false"/><line number="247" hits="18" branch="false"/><line number="248" hits="18" branch="false"/><line number="250" hits="18" branch="false"/><line number="251" hits="18" branch="false"/><line number="252" hits="18" branch="false"/><line number="254" hits="18" branch="true" condition-coverage="100% (2/2)"><conditions><condition number="0" type="jump" coverage="100%"/></conditions></line><line number="255" hits="8" branch="false"/><line number="256" hits="8" branch="false"/><line number="257" hits="8" branch="false"/><line number="258" hits="8" branch="false"/><line number="260" hits="18" branch="false"/><line number="261" hits="18" branch="false"/><line number="263" hits="18" branch="false"/><line number="264" hits="18" branch="true" condition-coverage="50% (1/2)"><conditions><condition number="0" type="jump" coverage="50%"/></conditions></line><line number="266" hits="4" branch="false"/><line number="267" hits="4" branch="false"/><line number="269" hits="5" branch="false"/><line number="270" hits="5" branch="false"/><line number="272" hits="18" branch="false"/><line number="273" hits="18" branch="false"/><line number="276" hits="18" branch="false"/><line number="277" hits="18" branch="false"/><line number="280" hits="18" branch="false"/><line number="281" hits="18" branch="true" condition-coverage="100% (2/2)"><conditions><condition number="0" type="jump" coverage="100%"/></conditions></line><line number="282" hits="8" branch="false"/><line number="285" hits="10" branch="false"/><line number="286" hits="18" branch="false"/><line number="288" hits="933" branch="false"/><line number="290" hits="933" branch="false"/><line number="291" hits="933" branch="false"/><line number="292" hits="933" branch="false"/><line number="294" hits="83" branch="false"/><line number="295" hits="83" branch="false"/><line number="296" hits="83" branch="false"/><line number="298" hits="106" branch="false"/><line number="299" hits="106" branch="false"/><line number="300" hits="106" branch="false"/><line number="303" hits="281" branch="false"/><line number="305" hits="281" branch="false"/><line number="307" hits="281" branch="true" condition-coverage="75% (3/4)"><conditions><condition number="0" type="jump" coverage="75%"/></conditions></line><line number="308" hits="9" branch="true" condition-coverage="50% (1/2)"><conditions><condition number="0" type="jump" coverage="50%"/></conditions></line><line number="310" hits="9" branch="false"/><line number="313" hits="272" branch="false"/><line number="314" hits="272" branch="false"/><line number="316" hits="281" branch="false"/><line number="318" hits="2" branch="false"/><line number="319" hits="2" branch="false"/><line number="321" hits="2" branch="true" condition-coverage="100% (2/2)"><conditions><condition number="0" type="jump" coverage="100%"/></conditions></line><line number="322" hits="1" branch="true" condition-coverage="50% (1/2)"><conditions><condition number="0" type="jump" coverage="50%"/></conditions></line><line number="325" hits="1" branch="true" condition-coverage="50% (1/2)"><conditions><condition number="0" type="jump" coverage="50%"/></conditions></line><line number="326" hits="2" branch="false"/><line number="328" hits="3426" branch="false"/><line number="329" hits="3426" branch="true" condition-coverage="100% (2/2)"><conditions><condition number="0" type="jump" coverage="100%"/></conditions></line><line number="330" hits="1134" branch="true" condition-coverage="50% (1/2)"><conditions><condition number="0" type="jump" coverage="50%"/></conditions></line><line number="331" hits="1134" branch="false"/><line number="332" hits="3426" branch="false"/><line number="334" hits="2291" branch="false"/><line number="336" hits="2291" branch="false"/><line number="337" hits="2291" branch="false"/><line number="338" hits="2291" branch="false"/><line number="340" hits="1" branch="false"/><line number="342" hits="1" branch="true" condition-coverage="50% (1/2)"><conditions><condition number="0" type="jump" coverage="50%"/></conditions></line><line number="343" hits="1" branch="false"/><line number="344" hits="1" branch="false"/><line number="345" hits="1" branch="false"/><line number="347" hits="1" branch="false"/><line number="348" hits="1" branch="false"/><line number="349" hits="1" branch="false"/><line number="350" hits="1" branch="false"/><line number="354" hits="1" branch="false"/><line number="355" hits="1" branch="false"/><line number="358" hits="3742" branch="false"/><line number="359" hits="3742" branch="false"/><line number="363" hits="110" branch="false"/><line number="364" hits="110" branch="false"/><line number="366" hits="110" branch="true" condition-coverage="100% (2/2)"><conditions><condition number="0" type="jump" coverage="100%"/></conditions></line><line number="367" hits="25" branch="false"/><line number="370" hits="85" branch="true" condition-coverage="100% (2/2)"><conditions><condition number="0" type="jump" coverage="100%"/></conditions></line><line number="371" hits="110" branch="false"/><line number="373" hits="36" branch="false"/><line number="374" hits="36" branch="false"/><line number="377" hits="13" branch="false"/><line number="378" hits="13" branch="false"/><line number="381" hits="22" branch="false"/><line number="382" hits="22" branch="false"/><line number="385" hits="22" branch="false"/><line number="386" hits="22" branch="false"/><line number="389" hits="22" branch="false"/><line number="390" hits="22" branch="false"/><line number="393" hits="22" branch="false"/><line number="394" hits="22" branch="false"/><line number="397" hits="129" branch="false"/><line number="399" hits="129" branch="false"/><line number="401" hits="129" branch="false"/><line number="404" hits="130" branch="false"/><line number="405" hits="130" branch="false"/><line number="407" hits="130" branch="false"/><line number="410" hits="0" branch="false"/><line number="412" hits="0" branch="false"/><line number="413" hits="0" branch="true" condition-coverage="0% (0/2)"><conditions><condition number="0" type="jump" coverage="0%"/></conditions></line><line number="414" hits="0" branch="false"/><line number="416" hits="0" branch="false"/><line number="418" hits="0" branch="false"/><line number="419" hits="0" branch="true" condition-coverage="0% (0/2)"><conditions><condition number="0" type="jump" coverage="0%"/></conditions></line><line number="420" hits="0" branch="false"/><line number="422" hits="0" branch="false"/><line number="424" hits="0" branch="false"/><line number="425" hits="0" branch="true" condition-coverage="0% (0/2)"><conditions><condition number="0" type="jump" coverage="0%"/></conditions></line><line number="426" hits="0" branch="false"/><line number="428" hits="0" branch="false"/><line number="430" hits="0" branch="false"/><line number="431" hits="0" branch="true" condition-coverage="0% (0/2)"><conditions><condition number="0" type="jump" coverage="0%"/></conditions></line><line number="432" hits="0" branch="false"/><line number="434" hits="6" branch="false"/><line number="435" hits="6" branch="false"/><line number="436" hits="6" branch="false"/><line number="439" hits="0" branch="false"/><line number="441" hits="0" branch="false"/><line number="442" hits="0" branch="true" condition-coverage="0% (0/2)"><conditions><condition number="0" type="jump" coverage="0%"/></conditions></line><line number="443" hits="0" branch="false"/><line number="445" hits="0" branch="false"/><line number="447" hits="0" branch="false"/><line number="448" hits="0" branch="true" condition-coverage="0% (0/2)"><conditions><condition number="0" type="jump" coverage="0%"/></conditions></line><line number="449" hits="0" branch="false"/><line number="451" hits="0" branch="false"/><line number="453" hits="0" branch="false"/><line number="454" hits="0" branch="true" condition-coverage="0% (0/2)"><conditions><condition number="0" type="jump" coverage="0%"/></conditions></line><line number="455" hits="0" branch="false"/><line number="457" hits="0" branch="false"/><line number="459" hits="0" branch="false"/><line number="460" hits="0" branch="true" condition-coverage="0% (0/2)"><conditions><condition number="0" type="jump" coverage="0%"/></conditions></line><line number="461" hits="0" branch="false"/><line number="463" hits="0" branch="false"/><line number="465" hits="0" branch="false"/><line number="466" hits="0" branch="true" condition-coverage="0% (0/2)"><conditions><condition number="0" type="jump" coverage="0%"/></conditions></line><line number="467" hits="0" branch="false"/><line number="469" hits="0" branch="false"/><line number="471" hits="0" branch="false"/><line number="472" hits="0" branch="true" condition-coverage="0% (0/2)"><conditions><condition number="0" type="jump" coverage="0%"/></conditions></line><line number="473" hits="0" branch="false"/><line number="475" hits="480" branch="false"/><line number="476" hits="480" branch="false"/><line number="478" hits="480" branch="false"/><line number="480" hits="480" branch="false"/><line number="482" hits="480" branch="false"/><line number="484" hits="480" branch="true" condition-coverage="100% (2/2)"><conditions><condition number="0" type="jump" coverage="100%"/></conditions></line><line number="486" hits="160" branch="false"/><line number="488" hits="160" branch="false"/><line number="489" hits="160" branch="true" condition-coverage="50% (1/2)"><conditions><condition number="0" type="jump" coverage="50%"/></conditions></line><line number="491" hits="480" branch="true" condition-coverage="100% (2/2)"><conditions><condition number="0" type="jump" coverage="100%"/></conditions></line><line number="492" hits="160" branch="false"/><line number="493" hits="160" branch="true" condition-coverage="50% (1/2)"><conditions><condition number="0" type="jump" coverage="50%"/></conditions></line><line number="494" hits="160" branch="false"/><line number="495" hits="160" branch="false"/><line number="496" hits="160" branch="true" condition-coverage="50% (1/2)"><conditions><condition number="0" type="jump" coverage="50%"/></conditions></line><line number="497" hits="160" branch="false"/><line number="499" hits="480" branch="false"/><line number="500" hits="0" branch="false"/><line number="502" hits="0" branch="false"/><line number="504" hits="0" branch="false"/><line number="505" hits="0" branch="false"/><line number="506" hits="0" branch="true" condition-coverage="0% (0/2)"><conditions><condition number="0" type="jump" coverage="0%"/></conditions></line><line number="507" hits="0" branch="false"/><line number="509" hits="0" branch="false"/><line number="511" hits="0" branch="false"/><line number="512" hits="0" branch="true" condition-coverage="0% (0/2)"><conditions><condition number="0" type="jump" coverage="0%"/></conditions></line><line number="513" hits="0" branch="false"/><line number="515" hits="0" branch="false"/><line number="517" hits="0" branch="false"/><line number="518" hits="0" branch="true" condition-coverage="0% (0/2)"><conditions><condition number="0" type="jump" coverage="0%"/></conditions></line><line number="519" hits="0" branch="false"/><line number="521" hits="0" branch="false"/><line number="523" hits="0" branch="false"/><line number="524" hits="0" branch="true" condition-coverage="0% (0/2)"><conditions><condition number="0" type="jump" coverage="0%"/></conditions></line><line number="525" hits="0" branch="false"/><line number="527" hits="0" branch="false"/><line number="529" hits="0" branch="false"/><line number="530" hits="0" branch="true" condition-coverage="0% (0/2)"><conditions><condition number="0" type="jump" coverage="0%"/></conditions></line><line number="531" hits="0" branch="false"/><line number="533" hits="0" branch="false"/><line number="535" hits="0" branch="true" condition-coverage="0% (0/2)"><conditions><condition number="0" type="jump" coverage="0%"/></conditions></line><line number="536" hits="0" branch="false"/><line number="538" hits="0" branch="false"/><line number="540" hits="0" branch="true" condition-coverage="0% (0/2)"><conditions><condition number="0" type="jump" coverage="0%"/></conditions></line><line number="541" hits="0" branch="false"/><line number="543" hits="0" branch="false"/><line number="545" hits="0" branch="true" condition-coverage="0% (0/2)"><conditions><condition number="0" type="jump" coverage="0%"/></conditions></line><line number="546" hits="0" branch="false"/><line number="548" hits="0" branch="false"/><line number="550" hits="0" branch="true" condition-coverage="0% (0/2)"><conditions><condition number="0" type="jump" coverage="0%"/></conditions></line><line number="551" hits="0" branch="false"/><line number="553" hits="332" branch="false"/><line number="554" hits="332" branch="false"/><line number="555" hits="332" branch="true" condition-coverage="50% (1/2)"><conditions><condition number="0" type="jump" coverage="50%"/></conditions></line><line number="556" hits="332" branch="false"/><line number="557" hits="332" branch="false"/><line number="558" hits="332" branch="true" condition-coverage="50% (1/2)"><conditions><condition number="0" type="jump" coverage="50%"/></conditions></line><line number="560" hits="369" branch="false"/><line number="562" hits="369" branch="false"/><line number="563" hits="369" branch="true" condition-coverage="50% (1/2)"><conditions><condition number="0" type="jump" coverage="50%"/></conditions></line><line number="564" hits="369" branch="false"/><line number="565" hits="369" branch="false"/><line number="566" hits="369" branch="true" condition-coverage="50% (1/2)"><conditions><condition number="0" type="jump" coverage="50%"/></conditions></line><line number="568" hits="344" branch="false"/><line number="570" hits="344" branch="false"/><line number="571" hits="344" branch="true" condition-coverage="50% (1/2)"><conditions><condition number="0" type="jump" coverage="50%"/></conditions></line><line number="572" hits="344" branch="false"/><line number="573" hits="344" branch="false"/><line number="574" hits="344" branch="true" condition-coverage="50% (1/2)"><conditions><condition number="0" type="jump" coverage="50%"/></conditions></line><line number="576" hits="1" branch="false"/><line number="577" hits="1" branch="false"/><line number="580" hits="8" branch="false"/><line number="581" hits="8" branch="false"/><line number="584" hits="402" branch="false"/><line number="586" hits="402" branch="false"/><line number="588" hits="402" branch="false"/><line number="591" hits="1" branch="false"/><line number="592" hits="1" branch="false"/></lines></class></classes></package></packages></coverage>