<?xml version='1.0' encoding='UTF-8'?>
<!DOCTYPE coverage SYSTEM 'http://cobertura.sourceforge.net/xml/coverage-04.dtd'>
<coverage line-rate="0.9047029702970297" branch-rate="0.8924418604651163" lines-covered="731" lines-valid="808" branches-covered="307" branches-valid="344" complexity="0.0" timestamp="1759589559" version="gcovr 7.0"><sources><source>..</source></sources><packages><package name="src.lib" line-rate="1.0" branch-rate="1.0" complexity="0.0"><classes><class name="lib_c" filename="src/lib/lib.c" line-rate="1.0" branch-rate="1.0" complexity="0.0"><methods/><lines><line number="11" hits="548" branch="false"/><line number="12" hits="548" branch="false"/><line number="15" hits="265" branch="false"/><line number="16" hits="265" branch="false"/><line number="18" hits="265" branch="false"/><line number="21" hits="9" branch="false"/><line number="22" hits="9" branch="false"/><line number="24" hits="9" branch="false"/><line number="31" hits="2375" branch="false"/><line number="33" hits="2375" branch="false"/><line number="35" hits="2375" branch="false"/><line number="40" hits="2375" branch="false"/><line number="41" hits="2375" branch="false"/><line number="43" hits="489" branch="false"/><line number="45" hits="489" branch="false"/><line number="47" hits="489" branch="false"/><line number="49" hits="489" branch="false"/><line number="51" hits="489" branch="false"/><line number="62" hits="282" branch="false"/><line number="63" hits="282" branch="true" condition-coverage="100% (2/2)"><conditions><condition number="0" type="jump" coverage="100%"/></conditions></line><line number="64" hits="279" branch="false"/><line number="65" hits="279" branch="false"/><line number="66" hits="282" branch="false"/><line number="73" hits="7353" branch="false"/><line number="75" hits="7353" branch="true" condition-coverage="100% (2/2)"><conditions><condition number="0" type="jump" coverage="100%"/></conditions></line><line number="76" hits="525" branch="true" condition-coverage="100% (2/2)"><conditions><condition number="0" type="jump" coverage="100%"/></conditions></line><line number="78" hits="525" branch="false"/><line number="80" hits="525" branch="false"/><line number="85" hits="525" branch="false"/><line number="86" hits="525" branch="false"/><line number="87" hits="525" branch="false"/><line number="89" hits="7353" branch="false"/><line number="91" hits="7353" branch="false"/><line number="92" hits="7353" branch="false"/><line number="97" hits="266" branch="false"/><line number="101" hits="266" branch="false"/><line number="107" hits="266" branch="false"/><line number="109" hits="266" branch="false"/><line number="111" hits="266" branch="false"/><line number="116" hits="26142" branch="true" condition-coverage="100% (2/2)"><conditions><condition number="0" type="jump" coverage="100%"/></conditions></line><line number="123" hits="25876" branch="true" condition-coverage="100% (2/2)"><conditions><condition number="0" type="jump" coverage="100%"/></conditions></line><line number="124" hits="603" branch="false"/><line number="125" hits="603" branch="false"/><line number="126" hits="603" branch="false"/><line number="127" hits="603" branch="false"/><line number="130" hits="102240" branch="true" condition-coverage="100% (2/2)"><conditions><condition number="0" type="jump" coverage="100%"/></conditions></line><line number="131" hits="76364" branch="false"/><line number="133" hits="76364" branch="true" condition-coverage="100% (2/2)"><conditions><condition number="0" type="jump" coverage="100%"/></conditions></line><line number="134" hits="25876" branch="false"/><line number="136" hits="25876" branch="false"/><line number="137" hits="50488" branch="true" condition-coverage="100% (2/2)"><conditions><condition number="0" type="jump" coverage="100%"/></conditions></line><line number="138" hits="25321" branch="false"/><line number="139" hits="25321" branch="false"/><line number="140" hits="25321" branch="false"/><line number="143" hits="76364" branch="false"/><line number="144" hits="76364" branch="false"/><line number="147" hits="25876" branch="false"/><line number="148" hits="25876" branch="true" condition-coverage="100% (2/2)"><conditions><condition number="0" type="jump" coverage="100%"/></conditions></line><line number="149" hits="10484" branch="false"/><line number="150" hits="10484" branch="false"/><line number="151" hits="10484" branch="false"/><line number="157" hits="1036384" branch="true" condition-coverage="100% (2/2)"><conditions><condition number="0" type="jump" coverage="100%"/></conditions></line><line number="158" hits="1010508" branch="false"/><line number="160" hits="1010508" branch="true" condition-coverage="100% (2/2)"><conditions><condition number="0" type="jump" coverage="100%"/></conditions></line><line number="163" hits="25876" branch="false"/><line number="164" hits="984632" branch="true" condition-coverage="100% (2/2)"><conditions><condition number="0" type="jump" coverage="100%"/></conditions></line><line number="165" hits="408353" branch="false"/><line number="166" hits="408353" branch="false"/><line number="167" hits="408353" branch="false"/><line number="168" hits="408353" branch="false"/><line number="171" hits="1010508" branch="false"/><line number="172" hits="1010508" branch="false"/><line number="178" hits="1036384" branch="true" condition-coverage="100% (2/2)"><conditions><condition number="0" type="jump" coverage="100%"/></conditions></line><line number="182" hits="1010508" branch="false"/><line number="184" hits="1010508" branch="true" condition-coverage="100% (2/2)"><conditions><condition number="0" type="jump" coverage="100%"/></conditions></line><line number="185" hits="408353" branch="false"/><line number="186" hits="408353" branch="false"/><line number="187" hits="1010508" branch="false"/><line number="190" hits="25876" branch="false"/><line number="194" hits="25876" branch="true" condition-coverage="100% (2/2)"><conditions><condition number="0" type="jump" coverage="100%"/></conditions></line><line number="195" hits="6469" branch="false"/><line number="196" hits="6469" branch="false"/><line number="201" hits="266" branch="false"/><line number="202" hits="266" branch="false"/><line number="210" hits="266" branch="false"/><line number="212" hits="266" branch="false"/><line number="214" hits="266" branch="true" condition-coverage="100% (2/2)"><conditions><condition number="0" type="jump" coverage="100%"/></conditions></line><line number="217" hits="837" branch="true" condition-coverage="100% (2/2)"><conditions><condition number="0" type="jump" coverage="100%"/></conditions></line><line number="218" hits="573" branch="false"/><line number="220" hits="573" branch="true" condition-coverage="100% (2/2)"><conditions><condition number="0" type="jump" coverage="100%"/></conditions></line><line number="222" hits="264" branch="false"/><line number="223" hits="264" branch="false"/><line number="224" hits="309" branch="false"/><line number="227" hits="573" branch="false"/><line number="228" hits="573" branch="false"/><line number="229" hits="264" branch="false"/><line number="233" hits="869" branch="true" condition-coverage="100% (2/2)"><conditions><condition number="0" type="jump" coverage="100%"/></conditions></line><line number="234" hits="603" branch="false"/><line number="235" hits="603" branch="false"/><line number="239" hits="266" branch="false"/><line number="240" hits="266" branch="false"/><line number="242" hits="504" branch="false"/><line number="243" hits="504" branch="false"/><line number="247" hits="504" branch="true" condition-coverage="100% (2/2)"><conditions><condition number="0" type="jump" coverage="100%"/></conditions></line><line number="249" hits="139" branch="true" condition-coverage="100% (2/2)"><conditions><condition number="0" type="jump" coverage="100%"/></conditions></line><line number="250" hits="64" branch="false"/><line number="251" hits="64" branch="false"/><line number="254" hits="139" branch="false"/><line number="257" hits="680" branch="true" condition-coverage="100% (2/2)"><conditions><condition number="0" type="jump" coverage="100%"/></conditions></line><line number="258" hits="472" branch="true" condition-coverage="100% (2/2)"><conditions><condition number="0" type="jump" coverage="100%"/></conditions></line><line number="259" hits="315" branch="false"/><line number="260" hits="315" branch="false"/><line number="261" hits="157" branch="false"/><line number="263" hits="315" branch="false"/><line number="266" hits="365" branch="true" condition-coverage="100% (2/2)"><conditions><condition number="0" type="jump" coverage="100%"/></conditions></line><line number="267" hits="208" branch="true" condition-coverage="100% (2/2)"><conditions><condition number="0" type="jump" coverage="100%"/></conditions></line><line number="268" hits="6" branch="false"/><line number="269" hits="6" branch="false"/><line number="270" hits="208" branch="false"/><line number="273" hits="365" branch="false"/><line number="274" hits="504" branch="false"/><line number="276" hits="6517" branch="false"/><line number="277" hits="6517" branch="true" condition-coverage="100% (2/2)"><conditions><condition number="0" type="jump" coverage="100%"/></conditions></line><line number="280" hits="6483" branch="false"/><line number="281" hits="6483" branch="false"/><line number="284" hits="870" branch="false"/><line number="286" hits="870" branch="false"/><line number="288" hits="870" branch="false"/><line number="291" hits="1057" branch="false"/><line number="293" hits="1057" branch="false"/><line number="295" hits="1057" branch="true" condition-coverage="100% (2/2)"><conditions><condition number="0" type="jump" coverage="100%"/></conditions></line><line number="296" hits="689" branch="false"/><line number="299" hits="368" branch="true" condition-coverage="100% (2/2)"><conditions><condition number="0" type="jump" coverage="100%"/></conditions></line><line number="300" hits="224" branch="false"/><line number="303" hits="144" branch="false"/><line number="304" hits="1057" branch="false"/><line number="306" hits="34" branch="false"/><line number="308" hits="34" branch="true" condition-coverage="100% (6/6)"><conditions><condition number="0" type="jump" coverage="100%"/></conditions></line><line number="313" hits="274" branch="false"/><line number="315" hits="274" branch="false"/><line number="317" hits="274" branch="false"/><line number="321" hits="274" branch="true" condition-coverage="100% (2/2)"><conditions><condition number="0" type="jump" coverage="100%"/></conditions></line><line number="322" hits="1" branch="false"/><line number="323" hits="2" branch="false"/><line number="324" hits="1" branch="false"/><line number="331" hits="273" branch="false"/><line number="333" hits="273" branch="true" condition-coverage="100% (2/2)"><conditions><condition number="0" type="jump" coverage="100%"/></conditions></line><line number="334" hits="65" branch="false"/><line number="335" hits="65" branch="false"/><line number="337" hits="65" branch="true" condition-coverage="100% (2/2)"><conditions><condition number="0" type="jump" coverage="100%"/></conditions></line><line number="338" hits="1" branch="false"/><line number="339" hits="2" branch="false"/><line number="340" hits="1" branch="false"/><line number="347" hits="272" branch="true" condition-coverage="100% (2/2)"><conditions><condition number="0" type="jump" coverage="100%"/></conditions></line><line number="348" hits="103" branch="false"/><line number="349" hits="103" branch="false"/><line number="351" hits="103" branch="true" condition-coverage="100% (2/2)"><conditions><condition number="0" type="jump" coverage="100%"/></conditions></line><line number="352" hits="1" branch="false"/><line number="353" hits="2" branch="false"/><line number="354" hits="1" branch="false"/><line number="360" hits="102" branch="false"/><line number="361" hits="105" branch="false"/><line number="364" hits="271" branch="false"/><line number="366" hits="271" branch="false"/><line number="368" hits="6783" branch="true" condition-coverage="100% (2/2)"><conditions><condition number="0" type="jump" coverage="100%"/></conditions></line><line number="369" hits="6517" branch="false"/><line number="371" hits="6517" branch="true" condition-coverage="100% (2/2)"><conditions><condition number="0" type="jump" coverage="100%"/></conditions></line><line number="372" hits="6483" branch="false"/><line number="373" hits="6517" branch="true" condition-coverage="100% (2/2)"><conditions><condition number="0" type="jump" coverage="100%"/></conditions></line><line number="374" hits="30" branch="true" condition-coverage="100% (2/2)"><conditions><condition number="0" type="jump" coverage="100%"/></conditions></line><line number="376" hits="1" branch="false"/><line number="377" hits="1" branch="false"/><line number="378" hits="1" branch="false"/><line number="379" hits="1" branch="false"/><line number="380" hits="3" branch="false"/><line number="382" hits="1" branch="false"/><line number="383" hits="1" branch="false"/><line number="387" hits="29" branch="false"/><line number="389" hits="4" branch="false"/><line number="390" hits="4" branch="false"/><line number="391" hits="8" branch="false"/><line number="392" hits="12" branch="false"/><line number="394" hits="4" branch="false"/><line number="395" hits="4" branch="false"/><line number="399" hits="6483" branch="true" condition-coverage="100% (2/2)"><conditions><condition number="0" type="jump" coverage="100%"/></conditions></line><line number="400" hits="268" branch="false"/><line number="401" hits="268" branch="false"/><line number="402" hits="6483" branch="false"/><line number="404" hits="266" branch="false"/><line number="406" hits="266" branch="false"/><line number="408" hits="266" branch="true" condition-coverage="100% (2/2)"><conditions><condition number="0" type="jump" coverage="100%"/></conditions></line><line number="409" hits="140" branch="true" condition-coverage="100% (2/2)"><conditions><condition number="0" type="jump" coverage="100%"/></conditions></line><line number="410" hits="65" branch="true" condition-coverage="100% (2/2)"><conditions><condition number="0" type="jump" coverage="100%"/></conditions></line><line number="411" hits="1" branch="false"/><line number="412" hits="2" branch="false"/><line number="413" hits="2" branch="false"/><line number="415" hits="1" branch="false"/><line number="419" hits="64" branch="false"/><line number="420" hits="139" branch="false"/><line number="422" hits="265" branch="false"/><line number="424" hits="265" branch="false"/><line number="425" hits="274" branch="false"/><line number="427" hits="83" branch="false"/><line number="428" hits="83" branch="false"/><line number="429" hits="83" branch="false"/><line number="430" hits="83" branch="false"/><line number="432" hits="83" branch="false"/><line number="435" hits="104" branch="false"/><line number="436" hits="104" branch="false"/><line number="438" hits="104" branch="true" condition-coverage="100% (2/2)"><conditions><condition number="0" type="jump" coverage="100%"/></conditions></line><line number="439" hits="93" branch="false"/><line number="441" hits="93" branch="true" condition-coverage="100% (2/2)"><conditions><condition number="0" type="jump" coverage="100%"/></conditions></line><line number="442" hits="1" branch="false"/><line number="443" hits="1" branch="false"/><line number="444" hits="92" branch="false"/><line number="446" hits="93" branch="false"/><line number="447" hits="11" branch="false"/><line number="448" hits="11" branch="false"/><line number="451" hits="104" branch="false"/><line number="454" hits="413" branch="false"/><line number="456" hits="826" branch="false"/><line number="458" hits="413" branch="false"/><line number="460" hits="413" branch="false"/><line number="462" hits="413" branch="false"/><line number="464" hits="413" branch="false"/><line number="467" hits="8" branch="false"/><line number="469" hits="8" branch="false"/><line number="471" hits="8" branch="false"/><line number="473" hits="41" branch="true" condition-coverage="100% (2/2)"><conditions><condition number="0" type="jump" coverage="100%"/></conditions></line><line number="474" hits="33" branch="false"/><line number="475" hits="33" branch="false"/><line number="477" hits="8" branch="false"/><line number="479" hits="8" branch="false"/><line number="482" hits="1411" branch="false"/><line number="483" hits="1411" branch="true" condition-coverage="100% (2/2)"><conditions><condition number="0" type="jump" coverage="100%"/></conditions></line><line number="484" hits="1" branch="false"/><line number="487" hits="1410" branch="true" condition-coverage="100% (2/2)"><conditions><condition number="0" type="jump" coverage="100%"/></conditions></line><line number="488" hits="1409" branch="false"/><line number="489" hits="1409" branch="false"/><line number="490" hits="1409" branch="false"/><line number="491" hits="1411" branch="false"/><line number="493" hits="2" branch="false"/><line number="494" hits="2" branch="true" condition-coverage="100% (2/2)"><conditions><condition number="0" type="jump" coverage="100%"/></conditions></line><line number="495" hits="1" branch="false"/><line number="496" hits="1" branch="false"/><line number="497" hits="2" branch="false"/><line number="499" hits="402" branch="false"/><line number="500" hits="402" branch="false"/><line number="503" hits="48" branch="false"/><line number="505" hits="48" branch="false"/><line number="506" hits="48" branch="false"/><line number="508" hits="789" branch="true" condition-coverage="100% (2/2)"><conditions><condition number="0" type="jump" coverage="100%"/></conditions></line><line number="509" hits="741" branch="false"/><line number="510" hits="741" branch="false"/><line number="513" hits="48" branch="false"/><line number="516" hits="11" branch="false"/><line number="521" hits="11" branch="false"/><line number="527" hits="34" branch="true" condition-coverage="100% (2/2)"><conditions><condition number="0" type="jump" coverage="100%"/></conditions></line><line number="528" hits="23" branch="false"/><line number="529" hits="23" branch="false"/><line number="531" hits="23" branch="false"/><line number="532" hits="23" branch="false"/><line number="535" hits="11" branch="false"/><line number="536" hits="11" branch="false"/><line number="541" hits="11" branch="false"/><line number="544" hits="11" branch="false"/><line number="547" hits="11" branch="false"/><line number="549" hits="11" branch="false"/><line number="550" hits="11" branch="false"/><line number="551" hits="11" branch="false"/><line number="553" hits="2879" branch="true" condition-coverage="100% (2/2)"><conditions><condition number="0" type="jump" coverage="100%"/></conditions></line><line number="557" hits="234906" branch="true" condition-coverage="100% (2/2)"><conditions><condition number="0" type="jump" coverage="100%"/></conditions></line><line number="561" hits="232038" branch="false"/><line number="563" hits="232038" branch="true" condition-coverage="100% (2/2)"><conditions><condition number="0" type="jump" coverage="100%"/></conditions></line><line number="564" hits="114901" branch="false"/><line number="565" hits="114901" branch="false"/><line number="566" hits="232038" branch="false"/><line number="578" hits="2868" branch="false"/><line number="583" hits="2868" branch="true" condition-coverage="100% (2/2)"><conditions><condition number="0" type="jump" coverage="100%"/></conditions></line><line number="584" hits="11" branch="false"/><line number="585" hits="11" branch="false"/><line number="587" hits="2857" branch="false"/><line number="588" hits="2857" branch="false"/><line number="589" hits="2857" branch="false"/><line number="590" hits="2857" branch="true" condition-coverage="100% (2/2)"><conditions><condition number="0" type="jump" coverage="100%"/></conditions></line><line number="591" hits="859" branch="false"/><line number="592" hits="859" branch="false"/><line number="596" hits="2868" branch="true" condition-coverage="100% (2/2)"><conditions><condition number="0" type="jump" coverage="100%"/></conditions></line><line number="597" hits="870" branch="false"/><line number="598" hits="870" branch="false"/><line number="603" hits="235776" branch="true" condition-coverage="100% (2/2)"><conditions><condition number="0" type="jump" coverage="100%"/></conditions></line><line number="605" hits="232908" branch="false"/><line number="607" hits="232908" branch="false"/><line number="609" hits="232908" branch="true" condition-coverage="100% (2/2)"><conditions><condition number="0" type="jump" coverage="100%"/></conditions></line><line number="610" hits="2868" branch="false"/><line number="613" hits="2868" branch="false"/><line number="614" hits="230040" branch="true" condition-coverage="100% (2/2)"><conditions><condition number="0" type="jump" coverage="100%"/></conditions></line><line number="615" hits="114901" branch="false"/><line number="616" hits="114901" branch="false"/><line number="620" hits="232908" branch="false"/><line number="621" hits="232908" branch="false"/><line number="623" hits="232908" branch="false"/><line number="629" hits="2868" branch="false"/><line number="631" hits="2868" branch="false"/><line number="632" hits="2868" branch="false"/><line number="634" hits="2868" branch="false"/><line number="636" hits="2868" branch="false"/><line number="638" hits="2868" branch="false"/><line number="639" hits="2868" branch="true" condition-coverage="100% (2/2)"><conditions><condition number="0" type="jump" coverage="100%"/></conditions></line><line number="640" hits="1485" branch="false"/><line number="641" hits="1485" branch="false"/><line number="646" hits="2868" branch="false"/><line number="649" hits="11" branch="false"/><line number="653" hits="12" branch="false"/><line number="655" hits="12" branch="true" condition-coverage="100% (2/2)"><conditions><condition number="0" type="jump" coverage="100%"/></conditions></line><line number="656" hits="1" branch="false"/><line number="659" hits="11" branch="false"/><line number="661" hits="11" branch="false"/><line number="663" hits="11" branch="false"/><line number="667" hits="11" branch="false"/><line number="669" hits="11" branch="true" condition-coverage="100% (2/2)"><conditions><condition number="0" type="jump" coverage="100%"/></conditions></line><line number="670" hits="5" branch="false"/><line number="671" hits="5" branch="false"/><line number="673" hits="11" branch="false"/><line number="675" hits="11" branch="false"/><line number="680" hits="11" branch="false"/><line number="682" hits="11" branch="false"/><line number="684" hits="11" branch="true" condition-coverage="100% (2/2)"><conditions><condition number="0" type="jump" coverage="100%"/></conditions></line><line number="685" hits="5" branch="false"/><line number="686" hits="5" branch="false"/><line number="687" hits="5" branch="false"/><line number="689" hits="11" branch="false"/><line number="691" hits="881" branch="true" condition-coverage="100% (2/2)"><conditions><condition number="0" type="jump" coverage="100%"/></conditions></line><line number="693" hits="870" branch="false"/><line number="694" hits="870" branch="false"/><line number="696" hits="870" branch="false"/><line number="697" hits="870" branch="false"/><line number="699" hits="11" branch="false"/><line number="701" hits="11" branch="false"/><line number="702" hits="12" branch="false"/><line number="711" hits="50" branch="false"/><line number="714" hits="50" branch="true" condition-coverage="100% (2/2)"><conditions><condition number="0" type="jump" coverage="100%"/></conditions></line><line number="715" hits="1" branch="false"/><line number="718" hits="49" branch="false"/><line number="720" hits="49" branch="true" condition-coverage="100% (2/2)"><conditions><condition number="0" type="jump" coverage="100%"/></conditions></line><line number="721" hits="16" branch="false"/><line number="722" hits="16" branch="false"/><line number="724" hits="49" branch="true" condition-coverage="100% (2/2)"><conditions><condition number="0" type="jump" coverage="100%"/></conditions></line><line number="725" hits="25" branch="false"/><line number="726" hits="25" branch="false"/><line number="728" hits="49" branch="true" condition-coverage="100% (2/2)"><conditions><condition number="0" type="jump" coverage="100%"/></conditions></line><line number="729" hits="25" branch="false"/><line number="730" hits="25" branch="false"/><line number="732" hits="49" branch="false"/><line number="734" hits="49" branch="false"/><line number="738" hits="49" branch="false"/><line number="740" hits="49" branch="false"/><line number="742" hits="49" branch="true" condition-coverage="100% (2/2)"><conditions><condition number="0" type="jump" coverage="100%"/></conditions></line><line number="743" hits="16" branch="false"/><line number="744" hits="16" branch="false"/><line number="745" hits="16" branch="false"/><line number="747" hits="49" branch="true" condition-coverage="100% (2/2)"><conditions><condition number="0" type="jump" coverage="100%"/></conditions></line><line number="748" hits="75" branch="true" condition-coverage="100% (2/2)"><conditions><condition number="0" type="jump" coverage="100%"/></conditions></line><line number="749" hits="50" branch="false"/><line number="750" hits="50" branch="false"/><line number="751" hits="50" branch="false"/><line number="752" hits="25" branch="false"/><line number="754" hits="49" branch="false"/><line number="756" hits="135" branch="true" condition-coverage="100% (4/4)"><conditions><condition number="0" type="jump" coverage="100%"/></conditions></line><line number="758" hits="86" branch="false"/><line number="760" hits="86" branch="false"/><line number="762" hits="86" branch="true" condition-coverage="100% (2/2)"><conditions><condition number="0" type="jump" coverage="100%"/></conditions></line><line number="763" hits="46" branch="true" condition-coverage="100% (2/2)"><conditions><condition number="0" type="jump" coverage="100%"/></conditions></line><line number="764" hits="25" branch="false"/><line number="765" hits="25" branch="false"/><line number="766" hits="25" branch="false"/><line number="767" hits="25" branch="false"/><line number="768" hits="46" branch="false"/><line number="770" hits="1143" branch="true" condition-coverage="100% (2/2)"><conditions><condition number="0" type="jump" coverage="100%"/></conditions></line><line number="771" hits="1057" branch="false"/><line number="772" hits="1057" branch="false"/><line number="773" hits="1057" branch="false"/><line number="775" hits="86" branch="true" condition-coverage="100% (4/4)"><conditions><condition number="0" type="jump" coverage="100%"/></conditions></line><line number="776" hits="21" branch="false"/><line number="777" hits="21" branch="false"/><line number="778" hits="21" branch="false"/><line number="779" hits="86" branch="false"/><line number="781" hits="49" branch="false"/><line number="782" hits="49" branch="false"/><line number="785" hits="49" branch="false"/><line number="787" hits="49" branch="false"/><line number="788" hits="50" branch="false"/><line number="795" hits="25" branch="false"/><line number="797" hits="25" branch="true" condition-coverage="100% (2/2)"><conditions><condition number="0" type="jump" coverage="100%"/></conditions></line><line number="798" hits="1" branch="false"/><line number="801" hits="24" branch="false"/><line number="803" hits="24" branch="true" condition-coverage="100% (2/2)"><conditions><condition number="0" type="jump" coverage="100%"/></conditions></line><line number="804" hits="8" branch="false"/><line number="805" hits="8" branch="false"/><line number="807" hits="24" branch="true" condition-coverage="100% (2/2)"><conditions><condition number="0" type="jump" coverage="100%"/></conditions></line><line number="808" hits="12" branch="false"/><line number="809" hits="12" branch="false"/><line number="811" hits="24" branch="true" condition-coverage="100% (2/2)"><conditions><condition number="0" type="jump" coverage="100%"/></conditions></line><line number="812" hits="12" branch="false"/><line number="813" hits="12" branch="false"/><line number="815" hits="24" branch="false"/><line number="817" hits="24" branch="false"/><line number="821" hits="24" branch="false"/><line number="823" hits="24" branch="false"/><line number="825" hits="24" branch="true" condition-coverage="100% (2/2)"><conditions><condition number="0" type="jump" coverage="100%"/></conditions></line><line number="826" hits="8" branch="false"/><line number="827" hits="8" branch="false"/><line number="828" hits="8" branch="false"/><line number="830" hits="24" branch="true" condition-coverage="100% (2/2)"><conditions><condition number="0" type="jump" coverage="100%"/></conditions></line><line number="831" hits="36" branch="true" condition-coverage="100% (2/2)"><conditions><condition number="0" type="jump" coverage="100%"/></conditions></line><line number="832" hits="24" branch="false"/><line number="833" hits="24" branch="false"/><line number="834" hits="24" branch="false"/><line number="835" hits="12" branch="false"/><line number="837" hits="24" branch="false"/><line number="839" hits="64" branch="true" condition-coverage="100% (4/4)"><conditions><condition number="0" type="jump" coverage="100%"/></conditions></line><line number="841" hits="40" branch="false"/><line number="843" hits="40" branch="false"/><line number="845" hits="40" branch="true" condition-coverage="100% (2/2)"><conditions><condition number="0" type="jump" coverage="100%"/></conditions></line><line number="846" hits="20" branch="true" condition-coverage="100% (2/2)"><conditions><condition number="0" type="jump" coverage="100%"/></conditions></line><line number="847" hits="12" branch="false"/><line number="848" hits="12" branch="false"/><line number="849" hits="12" branch="false"/><line number="850" hits="12" branch="false"/><line number="851" hits="20" branch="false"/><line number="853" hits="1976" branch="true" condition-coverage="100% (2/2)"><conditions><condition number="0" type="jump" coverage="100%"/></conditions></line><line number="854" hits="1936" branch="false"/><line number="855" hits="1936" branch="false"/><line number="856" hits="1936" branch="false"/><line number="858" hits="40" branch="true" condition-coverage="100% (4/4)"><conditions><condition number="0" type="jump" coverage="100%"/></conditions></line><line number="859" hits="8" branch="false"/><line number="860" hits="8" branch="false"/><line number="861" hits="8" branch="false"/><line number="862" hits="40" branch="false"/><line number="864" hits="24" branch="false"/><line number="865" hits="24" branch="false"/><line number="868" hits="24" branch="false"/><line number="870" hits="24" branch="false"/><line number="871" hits="25" branch="false"/><line number="873" hits="231" branch="false"/><line number="874" hits="231" branch="true" condition-coverage="100% (2/2)"><conditions><condition number="0" type="jump" coverage="100%"/></conditions></line><line number="875" hits="13" branch="false"/><line number="877" hits="218" branch="false"/><line number="878" hits="231" branch="false"/><line number="885" hits="129" branch="false"/><line number="888" hits="129" branch="false"/><line number="890" hits="129" branch="false"/><line number="892" hits="129" branch="false"/><line number="896" hits="129" branch="false"/><line number="898" hits="408" branch="true" condition-coverage="100% (2/2)"><conditions><condition number="0" type="jump" coverage="100%"/></conditions></line><line number="900" hits="279" branch="false"/><line number="902" hits="279" branch="true" condition-coverage="100% (2/2)"><conditions><condition number="0" type="jump" coverage="100%"/></conditions></line><line number="903" hits="142" branch="false"/><line number="904" hits="142" branch="false"/><line number="906" hits="279" branch="true" condition-coverage="100% (2/2)"><conditions><condition number="0" type="jump" coverage="100%"/></conditions></line><line number="907" hits="143" branch="false"/><line number="908" hits="143" branch="false"/><line number="910" hits="279" branch="false"/><line number="912" hits="279" branch="false"/><line number="913" hits="279" branch="false"/><line number="915" hits="129" branch="false"/><line number="919" hits="129" branch="false"/><line number="921" hits="129" branch="false"/><line number="924" hits="102" branch="false"/><line number="929" hits="102" branch="false"/><line number="931" hits="102" branch="false"/><line number="933" hits="102" branch="false"/><line number="937" hits="102" branch="false"/><line number="939" hits="326" branch="true" condition-coverage="100% (2/2)"><conditions><condition number="0" type="jump" coverage="100%"/></conditions></line><line number="941" hits="224" branch="false"/><line number="943" hits="224" branch="true" condition-coverage="100% (2/2)"><conditions><condition number="0" type="jump" coverage="100%"/></conditions></line><line number="944" hits="122" branch="false"/><line number="945" hits="122" branch="false"/><line number="947" hits="224" branch="true" condition-coverage="100% (2/2)"><conditions><condition number="0" type="jump" coverage="100%"/></conditions></line><line number="948" hits="107" branch="false"/><line number="949" hits="107" branch="false"/><line number="951" hits="224" branch="true" condition-coverage="100% (2/2)"><conditions><condition number="0" type="jump" coverage="100%"/></conditions></line><line number="952" hits="1" branch="false"/><line number="953" hits="1" branch="false"/><line number="956" hits="224" branch="true" condition-coverage="100% (2/2)"><conditions><condition number="0" type="jump" coverage="100%"/></conditions></line><line number="957" hits="223" branch="false"/><line number="958" hits="223" branch="false"/><line number="959" hits="1" branch="false"/><line number="960" hits="1" branch="false"/><line number="963" hits="224" branch="false"/><line number="964" hits="224" branch="false"/><line number="966" hits="102" branch="false"/><line number="970" hits="102" branch="false"/><line number="972" hits="102" branch="false"/><line number="977" hits="129" branch="false"/><line number="980" hits="129" branch="false"/><line number="987" hits="184" branch="false"/><line number="989" hits="184" branch="true" condition-coverage="100% (2/2)"><conditions><condition number="0" type="jump" coverage="100%"/></conditions></line><line number="991" hits="108" branch="true" condition-coverage="100% (2/2)"><conditions><condition number="0" type="jump" coverage="100%"/></conditions></line><line number="993" hits="81" branch="false"/><line number="997" hits="27" branch="false"/><line number="998" hits="27" branch="false"/><line number="1001" hits="76" branch="true" condition-coverage="100% (2/2)"><conditions><condition number="0" type="jump" coverage="100%"/></conditions></line><line number="1003" hits="28" branch="false"/><line number="1004" hits="28" branch="false"/><line number="1011" hits="48" branch="false"/><line number="1012" hits="48" branch="false"/><line number="1014" hits="48" branch="false"/><line number="1016" hits="48" branch="false"/><line number="1018" hits="48" branch="false"/><line number="1019" hits="184" branch="false"/><line number="1021" hits="102" branch="false"/><line number="1024" hits="102" branch="false"/><line number="1030" hits="130" branch="false"/><line number="1033" hits="130" branch="false"/><line number="1035" hits="130" branch="true" condition-coverage="100% (2/2)"><conditions><condition number="0" type="jump" coverage="100%"/></conditions></line><line number="1036" hits="28" branch="false"/><line number="1039" hits="102" branch="true" condition-coverage="100% (2/2)"><conditions><condition number="0" type="jump" coverage="100%"/></conditions></line><line number="1040" hits="42" branch="false"/><line number="1044" hits="60" branch="false"/><line number="1046" hits="60" branch="false"/><line number="1047" hits="60" branch="false"/><line number="1048" hits="130" branch="false"/><line number="1050" hits="185" branch="false"/><line number="1052" hits="185" branch="true" condition-coverage="100% (2/2)"><conditions><condition number="0" type="jump" coverage="100%"/></conditions></line><line number="1053" hits="137" branch="true" condition-coverage="100% (2/2)"><conditions><condition number="0" type="jump" coverage="100%"/></conditions></line><line number="1055" hits="110" branch="false"/><line number="1059" hits="27" branch="false"/><line number="1060" hits="27" branch="false"/><line number="1063" hits="48" branch="true" condition-coverage="100% (2/2)"><conditions><condition number="0" type="jump" coverage="100%"/></conditions></line><line number="1065" hits="28" branch="false"/><line number="1066" hits="28" branch="false"/><line number="1073" hits="20" branch="false"/><line number="1074" hits="20" branch="false"/><line number="1076" hits="20" branch="false"/><line number="1078" hits="20" branch="false"/><line number="1079" hits="185" branch="false"/><line number="1081" hits="36" branch="false"/><line number="1082" hits="36" branch="true" condition-coverage="100% (2/2)"><conditions><condition number="0" type="jump" coverage="100%"/></conditions></line><line number="1083" hits="5" branch="false"/><line number="1086" hits="31" branch="true" condition-coverage="100% (2/2)"><conditions><condition number="0" type="jump" coverage="100%"/></conditions></line><line number="1087" hits="3" branch="false"/><line number="1090" hits="74" branch="true" condition-coverage="100% (2/2)"><conditions><condition number="0" type="jump" coverage="100%"/></conditions></line><line number="1091" hits="56" branch="true" condition-coverage="100% (2/2)"><conditions><condition number="0" type="jump" coverage="100%"/></conditions></line><line number="1092" hits="10" branch="false"/><line number="1094" hits="46" branch="false"/><line number="1096" hits="18" branch="false"/><line number="1097" hits="36" branch="false"/><line number="1099" hits="20" branch="false"/><line number="1100" hits="20" branch="true" condition-coverage="100% (2/2)"><conditions><condition number="0" type="jump" coverage="100%"/></conditions></line><line number="1101" hits="5" branch="false"/><line number="1104" hits="15" branch="true" condition-coverage="100% (2/2)"><conditions><condition number="0" type="jump" coverage="100%"/></conditions></line><line number="1105" hits="5" branch="false"/><line number="1108" hits="10" branch="false"/><line number="1109" hits="20" branch="false"/><line number="1115" hits="260" branch="false"/><line number="1117" hits="260" branch="true" condition-coverage="100% (2/2)"><conditions><condition number="0" type="jump" coverage="100%"/></conditions></line><line number="1118" hits="40" branch="true" condition-coverage="100% (2/2)"><conditions><condition number="0" type="jump" coverage="100%"/></conditions></line><line number="1120" hits="20" branch="false"/><line number="1125" hits="20" branch="false"/><line number="1126" hits="20" branch="false"/><line number="1127" hits="20" branch="false"/><line number="1130" hits="220" branch="true" condition-coverage="100% (2/2)"><conditions><condition number="0" type="jump" coverage="100%"/></conditions></line><line number="1132" hits="15" branch="false"/><line number="1137" hits="205" branch="true" condition-coverage="100% (2/2)"><conditions><condition number="0" type="jump" coverage="100%"/></conditions></line><line number="1139" hits="10" branch="false"/><line number="1142" hits="195" branch="true" condition-coverage="100% (2/2)"><conditions><condition number="0" type="jump" coverage="100%"/></conditions></line><line number="1144" hits="9" branch="false"/><line number="1147" hits="275" branch="true" condition-coverage="100% (2/2)"><conditions><condition number="0" type="jump" coverage="100%"/></conditions></line><line number="1148" hits="222" branch="false"/><line number="1149" hits="222" branch="false"/><line number="1151" hits="222" branch="true" condition-coverage="100% (2/2)"><conditions><condition number="0" type="jump" coverage="100%"/></conditions></line><line number="1152" hits="80" branch="false"/><line number="1155" hits="142" branch="true" condition-coverage="100% (2/2)"><conditions><condition number="0" type="jump" coverage="100%"/></conditions></line><line number="1156" hits="53" branch="false"/><line number="1158" hits="89" branch="false"/><line number="1160" hits="53" branch="false"/><line number="1161" hits="260" branch="false"/><line number="1163" hits="6" branch="false"/><line number="1165" hits="6" branch="true" condition-coverage="100% (2/2)"><conditions><condition number="0" type="jump" coverage="100%"/></conditions></line><line number="1166" hits="3" branch="true" condition-coverage="100% (2/2)"><conditions><condition number="0" type="jump" coverage="100%"/></conditions></line><line number="1167" hits="1" branch="false"/><line number="1169" hits="2" branch="false"/><line number="1171" hits="5" branch="false"/><line number="1172" hits="6" branch="false"/></lines></class></classes></package><package name="src.lib.cpp" line-rate="0.6547085201793722" branch-rate="0.5888888888888889" complexity="0.0"><classes><class name="lib_hpp" filename="src/lib/cpp/lib.hpp" line-rate="0.6547085201793722" branch-rate="0.5888888888888889" complexity="0.0"><methods/><lines><line number="21" hits="8" branch="false"/><line number="22" hits="8" branch="false"/><line number="24" hits="8" branch="false"/><line number="27" hits="20" branch="true" condition-coverage="100% (2/2)"><conditions><condition number="0" type="jump" coverage="100%"/></conditions></line><line number="28" hits="24" branch="false"/><line number="29" hits="12" branch="false"/><line number="30" hits="12" branch="false"/><line number="32" hits="8" branch="false"/><line number="73" hits="8" branch="false"/><line number="75" hits="8" branch="true" condition-coverage="50% (3/6)"><conditions><condition number="0" type="jump" coverage="50%"/></conditions></line><line number="77" hits="8" branch="true" condition-coverage="50% (3/6)"><conditions><condition number="0" type="jump" coverage="50%"/></conditions></line><line number="78" hits="8" branch="false"/><line number="100" hits="3" branch="false"/><line number="102" hits="6" branch="false"/><line number="104" hits="3" branch="false"/><line number="106" hits="3" branch="false"/><line number="107" hits="3" branch="false"/><line number="109" hits="3" branch="false"/><line number="114" hits="3" branch="false"/><line number="116" hits="22" branch="true" condition-coverage="100% (4/4)"><conditions><condition number="0" type="jump" coverage="100%"/></conditions></line><line number="117" hits="19" branch="false"/><line number="118" hits="19" branch="false"/><line number="120" hits="3" branch="false"/><line number="121" hits="3" branch="false"/><line number="219" hits="8" branch="true" condition-coverage="50% (1/2)"><conditions><condition number="0" type="jump" coverage="50%"/></conditions></line><line number="228" hits="18" branch="false"/><line number="229" hits="18" branch="true" condition-coverage="50% (1/2)"><conditions><condition number="0" type="jump" coverage="50%"/></conditions></line><line number="231" hits="18" branch="true" condition-coverage="50% (1/2)"><conditions><condition number="0" type="jump" coverage="50%"/></conditions></line><line number="232" hits="18" branch="true" condition-coverage="50% (2/4)"><conditions><condition number="0" type="jump" coverage="50%"/></conditions></line><line number="234" hits="18" branch="true" condition-coverage="100% (2/2)"><conditions><condition number="0" type="jump" coverage="100%"/></conditions></line><line number="235" hits="8" branch="true" condition-coverage="50% (1/2)"><conditions><condition number="0" type="jump" coverage="50%"/></conditions></line><line number="236" hits="8" branch="true" condition-coverage="50% (1/2)"><conditions><condition number="0" type="jump" coverage="50%"/></conditions></line><line number="237" hits="8" branch="true" condition-coverage="50% (1/2)"><conditions><condition number="0" type="jump" coverage="50%"/></conditions></line><line number="238" hits="8" branch="false"/><line number="240" hits="18" branch="false"/><line number="241" hits="18" branch="true" condition-coverage="50% (1/2)"><conditions><condition number="0" type="jump" coverage="50%"/></conditions></line><line number="243" hits="18" branch="false"/><line number="244" hits="18" branch="true" condition-coverage="50% (1/2)"><conditions><condition number="0" type="jump" coverage="50%"/></conditions></line><line number="246" hits="4" branch="false"/><line number="247" hits="4" branch="false"/><line number="249" hits="5" branch="false"/><line number="250" hits="5" branch="false"/><line number="252" hits="18" branch="false"/><line number="253" hits="18" branch="false"/><line number="256" hits="18" branch="false"/><line number="257" hits="18" branch="false"/><line number="260" hits="18" branch="false"/><line number="261" hits="18" branch="true" condition-coverage="100% (2/2)"><conditions><condition number="0" type="jump" coverage="100%"/></conditions></line><line number="262" hits="8" branch="false"/><line number="265" hits="10" branch="false"/><line number="266" hits="18" branch="false"/><line number="268" hits="926" branch="false"/><line number="270" hits="926" branch="false"/><line number="271" hits="926" branch="false"/><line number="272" hits="926" branch="false"/><line number="274" hits="81" branch="false"/><line number="275" hits="81" branch="true" condition-coverage="50% (1/2)"><conditions><condition number="0" type="jump" coverage="50%"/></conditions></line><line number="276" hits="81" branch="false"/><line number="278" hits="104" branch="false"/><line number="279" hits="104" branch="true" condition-coverage="50% (1/2)"><conditions><condition number="0" type="jump" coverage="50%"/></conditions></line><line number="280" hits="104" branch="false"/><line number="283" hits="274" branch="false"/><line number="284" hits="274" branch="true" condition-coverage="50% (1/2)"><conditions><condition number="0" type="jump" coverage="50%"/></conditions></line><line number="286" hits="274" branch="true" condition-coverage="75% (3/4)"><conditions><condition number="0" type="jump" coverage="75%"/></conditions></line><line number="287" hits="9" branch="true" condition-coverage="50% (1/2)"><conditions><condition number="0" type="jump" coverage="50%"/></conditions></line><line number="288" hits="9" branch="true" condition-coverage="50% (1/2)"><conditions><condition number="0" type="jump" coverage="50%"/></conditions></line><line number="291" hits="265" branch="true" condition-coverage="50% (1/2)"><conditions><condition number="0" type="jump" coverage="50%"/></conditions></line><line number="292" hits="274" branch="false"/><line number="294" hits="2" branch="false"/><line number="295" hits="2" branch="false"/><line number="297" hits="2" branch="true" condition-coverage="100% (2/2)"><conditions><condition number="0" type="jump" coverage="100%"/></conditions></line><line number="298" hits="1" branch="true" condition-coverage="50% (1/2)"><conditions><condition number="0" type="jump" coverage="50%"/></conditions></line><line number="301" hits="1" branch="true" condition-coverage="50% (1/2)"><conditions><condition number="0" type="jump" coverage="50%"/></conditions></line><line number="302" hits="2" branch="false"/><line number="304" hits="3392" branch="false"/><line number="305" hits="3392" branch="true" condition-coverage="100% (2/2)"><conditions><condition number="0" type="jump" coverage="100%"/></conditions></line><line number="306" hits="1122" branch="true" condition-coverage="50% (1/2)"><conditions><condition number="0" type="jump" coverage="50%"/></conditions></line><line number="307" hits="1122" branch="false"/><line number="308" hits="3392" branch="false"/><line number="310" hits="2269" branch="false"/><line number="312" hits="2269" branch="false"/><line number="313" hits="2269" branch="false"/><line number="314" hits="2269" branch="false"/><line number="316" hits="1" branch="false"/><line number="318" hits="1" branch="true" condition-coverage="50% (1/2)"><conditions><condition number="0" type="jump" coverage="50%"/></conditions></line><line number="319" hits="1" branch="false"/><line number="320" hits="1" branch="false"/><line number="321" hits="1" branch="false"/><line number="323" hits="1" branch="false"/><line number="324" hits="1" branch="false"/><line number="325" hits="1" branch="false"/><line number="326" hits="1" branch="false"/><line number="330" hits="0" branch="false"/><line number="331" hits="0" branch="false"/><line number="334" hits="3741" branch="false"/><line number="335" hits="3741" branch="false"/><line number="339" hits="110" branch="false"/><line number="340" hits="110" branch="false"/><line number="342" hits="110" branch="true" condition-coverage="100% (2/2)"><conditions><condition number="0" type="jump" coverage="100%"/></conditions></line><line number="343" hits="25" branch="false"/><line number="346" hits="85" branch="true" condition-coverage="100% (2/2)"><conditions><condition number="0" type="jump" coverage="100%"/></conditions></line><line number="347" hits="110" branch="false"/><line number="349" hits="36" branch="false"/><line number="350" hits="36" branch="false"/><line number="353" hits="13" branch="false"/><line number="354" hits="13" branch="false"/><line number="357" hits="22" branch="false"/><line number="358" hits="22" branch="false"/><line number="361" hits="22" branch="false"/><line number="362" hits="22" branch="false"/><line number="365" hits="22" branch="false"/><line number="366" hits="22" branch="false"/><line number="369" hits="22" branch="false"/><line number="370" hits="22" branch="false"/><line number="373" hits="129" branch="false"/><line number="375" hits="129" branch="false"/><line number="377" hits="129" branch="false"/><line number="380" hits="130" branch="false"/><line number="381" hits="130" branch="false"/><line number="383" hits="130" branch="false"/><line number="386" hits="0" branch="false"/><line number="388" hits="0" branch="false"/><line number="389" hits="0" branch="false"/><line number="392" hits="0" branch="false"/><line number="394" hits="0" branch="false"/><line number="395" hits="0" branch="false"/><line number="398" hits="0" branch="false"/><line number="400" hits="0" branch="false"/><line number="401" hits="0" branch="false"/><line number="404" hits="0" branch="false"/><line number="406" hits="0" branch="false"/><line number="407" hits="0" branch="false"/><line number="410" hits="6" branch="false"/><line number="411" hits="6" branch="false"/><line number="412" hits="6" branch="false"/><line number="415" hits="0" branch="false"/><line number="417" hits="0" branch="false"/><line number="418" hits="0" branch="false"/><line number="421" hits="0" branch="false"/><line number="423" hits="0" branch="false"/><line number="424" hits="0" branch="false"/><line number="427" hits="0" branch="false"/><line number="429" hits="0" branch="false"/><line number="430" hits="0" branch="false"/><line number="433" hits="0" branch="false"/><line number="435" hits="0" branch="false"/><line number="436" hits="0" branch="false"/><line number="439" hits="0" branch="false"/><line number="441" hits="0" branch="false"/><line number="442" hits="0" branch="false"/><line number="445" hits="0" branch="false"/><line number="447" hits="0" branch="false"/><line number="448" hits="0" branch="false"/><line number="451" hits="0" branch="false"/><line number="452" hits="0" branch="false"/><line number="454" hits="0" branch="false"/><line number="456" hits="0" branch="false"/><line number="458" hits="0" branch="false"/><line number="460" hits="0" branch="true" condition-coverage="0% (0/2)"><conditions><condition number="0" type="jump" coverage="0%"/></conditions></line><line number="462" hits="0" branch="false"/><line number="464" hits="0" branch="false"/><line number="465" hits="0" branch="false"/><line number="466" hits="0" branch="false"/><line number="467" hits="0" branch="false"/><line number="469" hits="0" branch="true" condition-coverage="0% (0/2)"><conditions><condition number="0" type="jump" coverage="0%"/></conditions></line><line number="470" hits="0" branch="false"/><line number="471" hits="0" branch="false"/><line number="472" hits="0" branch="false"/><line number="473" hits="0" branch="false"/><line number="474" hits="0" branch="false"/><line number="475" hits="0" branch="false"/><line number="476" hits="0" branch="false"/><line number="479" hits="0" branch="false"/><line number="482" hits="0" branch="false"/><line number="484" hits="0" branch="false"/><line number="485" hits="0" branch="false"/><line number="488" hits="0" branch="false"/><line number="490" hits="0" branch="false"/><line number="491" hits="0" branch="false"/><line number="494" hits="0" branch="false"/><line number="496" hits="0" branch="false"/><line number="497" hits="0" branch="false"/><line number="500" hits="0" branch="false"/><line number="502" hits="0" branch="false"/><line number="503" hits="0" branch="false"/><line number="506" hits="0" branch="false"/><line number="508" hits="0" branch="false"/><line number="509" hits="0" branch="false"/><line number="512" hits="0" branch="false"/><line number="514" hits="0" branch="false"/><line number="517" hits="0" branch="false"/><line number="519" hits="0" branch="false"/><line number="522" hits="0" branch="false"/><line number="524" hits="0" branch="false"/><line number="527" hits="0" branch="false"/><line number="529" hits="0" branch="false"/><line number="532" hits="11" branch="false"/><line number="533" hits="11" branch="false"/><line number="534" hits="11" branch="true" condition-coverage="50% (1/2)"><conditions><condition number="0" type="jump" coverage="50%"/></conditions></line><line number="535" hits="11" branch="false"/><line number="536" hits="11" branch="false"/><line number="537" hits="11" branch="true" condition-coverage="50% (1/2)"><conditions><condition number="0" type="jump" coverage="50%"/></conditions></line><line number="539" hits="49" branch="false"/><line number="541" hits="49" branch="false"/><line number="542" hits="49" branch="true" condition-coverage="50% (1/2)"><conditions><condition number="0" type="jump" coverage="50%"/></conditions></line><line number="543" hits="49" branch="false"/><line number="544" hits="49" branch="false"/><line number="545" hits="49" branch="true" condition-coverage="50% (1/2)"><conditions><condition number="0" type="jump" coverage="50%"/></conditions></line><line number="547" hits="24" branch="false"/><line number="549" hits="24" branch="false"/><line number="550" hits="24" branch="true" condition-coverage="50% (1/2)"><conditions><condition number="0" type="jump" coverage="50%"/></conditions></line><line number="551" hits="24" branch="false"/><line number="552" hits="24" branch="false"/><line number="553" hits="24" branch="true" condition-coverage="50% (1/2)"><conditions><condition number="0" type="jump" coverage="50%"/></conditions></line><line number="555" hits="0" branch="false"/><line number="556" hits="0" branch="false"/><line number="559" hits="8" branch="false"/><line number="560" hits="8" branch="false"/><line number="563" hits="402" branch="false"/><line number="565" hits="402" branch="false"/><line number="567" hits="402" branch="false"/><line number="570" hits="1" branch="false"/><line number="571" hits="1" branch="false"/></lines></class></classes></package></packages></coverage>