<?xml version='1.0' encoding='UTF-8'?>
<!DOCTYPE coverage SYSTEM 'http://cobertura.sourceforge.net/xml/coverage-04.dtd'>
<coverage line-rate="0.6905149051490515" branch-rate="0.6850152905198776" lines-covered="1274" lines-valid="1845" branches-covered="448" branches-valid="654" complexity="0.0" timestamp="1762739749" version="gcovr 7.0"><sources><source>..</source></sources><packages><package name="src.lib" line-rate="0.6748387096774193" branch-rate="0.6962457337883959" complexity="0.0"><classes><class name="lib_c" filename="src/lib/lib.c" line-rate="0.6748387096774193" branch-rate="0.6962457337883959" complexity="0.0"><methods/><lines><line number="24" hits="812" branch="false"/><line number="25" hits="812" branch="false"/><line number="28" hits="397" branch="false"/><line number="29" hits="397" branch="false"/><line number="31" hits="397" branch="false"/><line number="35" hits="9" branch="false"/><line number="36" hits="9" branch="false"/><line number="38" hits="9" branch="false"/><line number="45" hits="32252" branch="false"/><line number="47" hits="32252" branch="false"/><line number="48" hits="32252" branch="false"/><line number="50" hits="32252" branch="false"/><line number="55" hits="32252" branch="false"/><line number="56" hits="32252" branch="false"/><line number="58" hits="961" branch="false"/><line number="60" hits="961" branch="false"/><line number="62" hits="961" branch="false"/><line number="64" hits="961" branch="false"/><line number="66" hits="961" branch="false"/><line number="69" hits="792" branch="false"/><line number="70" hits="792" branch="false"/><line number="73" hits="24967" branch="false"/><line number="74" hits="24967" branch="true" condition-coverage="100% (2/2)"><conditions><condition number="0" type="jump" coverage="100%"/></conditions></line><line number="85" hits="735" branch="false"/><line number="86" hits="735" branch="true" condition-coverage="100% (2/2)"><conditions><condition number="0" type="jump" coverage="100%"/></conditions></line><line number="87" hits="732" branch="false"/><line number="88" hits="732" branch="false"/><line number="89" hits="735" branch="false"/><line number="96" hits="21171" branch="false"/><line number="98" hits="21171" branch="true" condition-coverage="100% (2/2)"><conditions><condition number="0" type="jump" coverage="100%"/></conditions></line><line number="99" hits="1440" branch="false"/><line number="100" hits="1440" branch="true" condition-coverage="100% (2/2)"><conditions><condition number="0" type="jump" coverage="100%"/></conditions></line><line number="102" hits="1440" branch="false"/><line number="103" hits="1440" branch="false"/><line number="105" hits="1440" branch="false"/><line number="110" hits="1440" branch="false"/><line number="111" hits="1440" branch="false"/><line number="112" hits="1440" branch="false"/><line number="114" hits="21171" branch="false"/><line number="116" hits="21171" branch="false"/><line number="117" hits="21171" branch="false"/><line number="124" hits="398" branch="false"/><line number="128" hits="398" branch="false"/><line number="134" hits="398" branch="false"/><line number="136" hits="398" branch="false"/><line number="138" hits="398" branch="false"/><line number="143" hits="50470" branch="true" condition-coverage="100% (2/2)"><conditions><condition number="0" type="jump" coverage="100%"/></conditions></line><line number="150" hits="50072" branch="true" condition-coverage="100% (2/2)"><conditions><condition number="0" type="jump" coverage="100%"/></conditions></line><line number="151" hits="1078" branch="false"/><line number="152" hits="1078" branch="false"/><line number="153" hits="1078" branch="false"/><line number="154" hits="1078" branch="false"/><line number="157" hits="324048" branch="true" condition-coverage="100% (2/2)"><conditions><condition number="0" type="jump" coverage="100%"/></conditions></line><line number="158" hits="273976" branch="false"/><line number="160" hits="273976" branch="true" condition-coverage="100% (2/2)"><conditions><condition number="0" type="jump" coverage="100%"/></conditions></line><line number="161" hits="50072" branch="false"/><line number="163" hits="50072" branch="false"/><line number="164" hits="223904" branch="true" condition-coverage="100% (2/2)"><conditions><condition number="0" type="jump" coverage="100%"/></conditions></line><line number="165" hits="111886" branch="false"/><line number="166" hits="111886" branch="false"/><line number="167" hits="111886" branch="false"/><line number="170" hits="273976" branch="false"/><line number="171" hits="273976" branch="false"/><line number="174" hits="50072" branch="false"/><line number="175" hits="50072" branch="true" condition-coverage="100% (2/2)"><conditions><condition number="0" type="jump" coverage="100%"/></conditions></line><line number="176" hits="20239" branch="false"/><line number="177" hits="20239" branch="false"/><line number="178" hits="20239" branch="false"/><line number="184" hits="4032048" branch="true" condition-coverage="100% (2/2)"><conditions><condition number="0" type="jump" coverage="100%"/></conditions></line><line number="185" hits="3981976" branch="false"/><line number="187" hits="3981976" branch="true" condition-coverage="100% (2/2)"><conditions><condition number="0" type="jump" coverage="100%"/></conditions></line><line number="190" hits="50072" branch="false"/><line number="191" hits="3931904" branch="true" condition-coverage="100% (2/2)"><conditions><condition number="0" type="jump" coverage="100%"/></conditions></line><line number="192" hits="1621158" branch="false"/><line number="193" hits="1621158" branch="false"/><line number="194" hits="1621158" branch="false"/><line number="195" hits="1621158" branch="false"/><line number="198" hits="3981976" branch="false"/><line number="199" hits="3981976" branch="false"/><line number="205" hits="4032048" branch="true" condition-coverage="100% (2/2)"><conditions><condition number="0" type="jump" coverage="100%"/></conditions></line><line number="209" hits="3981976" branch="false"/><line number="211" hits="3981976" branch="true" condition-coverage="100% (2/2)"><conditions><condition number="0" type="jump" coverage="100%"/></conditions></line><line number="213" hits="1621158" branch="false"/><line number="214" hits="1621158" branch="false"/><line number="215" hits="3981976" branch="false"/><line number="218" hits="50072" branch="false"/><line number="222" hits="50072" branch="true" condition-coverage="100% (2/2)"><conditions><condition number="0" type="jump" coverage="100%"/></conditions></line><line number="223" hits="12518" branch="false"/><line number="224" hits="12518" branch="false"/><line number="229" hits="398" branch="false"/><line number="230" hits="398" branch="false"/><line number="238" hits="398" branch="false"/><line number="240" hits="398" branch="false"/><line number="242" hits="398" branch="true" condition-coverage="100% (2/2)"><conditions><condition number="0" type="jump" coverage="100%"/></conditions></line><line number="245" hits="1444" branch="true" condition-coverage="100% (2/2)"><conditions><condition number="0" type="jump" coverage="100%"/></conditions></line><line number="246" hits="1048" branch="false"/><line number="247" hits="1048" branch="false"/><line number="249" hits="1048" branch="true" condition-coverage="100% (2/2)"><conditions><condition number="0" type="jump" coverage="100%"/></conditions></line><line number="251" hits="396" branch="false"/><line number="252" hits="396" branch="false"/><line number="253" hits="652" branch="false"/><line number="256" hits="1048" branch="false"/><line number="257" hits="1048" branch="false"/><line number="258" hits="396" branch="false"/><line number="262" hits="1476" branch="true" condition-coverage="100% (2/2)"><conditions><condition number="0" type="jump" coverage="100%"/></conditions></line><line number="263" hits="1078" branch="false"/><line number="264" hits="1078" branch="false"/><line number="268" hits="398" branch="false"/><line number="269" hits="398" branch="false"/><line number="271" hits="8634" branch="false"/><line number="272" hits="8634" branch="false"/><line number="277" hits="8634" branch="true" condition-coverage="100% (2/2)"><conditions><condition number="0" type="jump" coverage="100%"/></conditions></line><line number="278" hits="2294" branch="true" condition-coverage="100% (2/2)"><conditions><condition number="0" type="jump" coverage="100%"/></conditions></line><line number="279" hits="87" branch="false"/><line number="280" hits="87" branch="false"/><line number="282" hits="2294" branch="false"/><line number="285" hits="6625" branch="true" condition-coverage="100% (2/2)"><conditions><condition number="0" type="jump" coverage="100%"/></conditions></line><line number="286" hits="6580" branch="true" condition-coverage="100% (2/2)"><conditions><condition number="0" type="jump" coverage="100%"/></conditions></line><line number="287" hits="285" branch="false"/><line number="288" hits="285" branch="false"/><line number="289" hits="6295" branch="false"/><line number="291" hits="285" branch="false"/><line number="293" hits="6340" branch="true" condition-coverage="100% (2/2)"><conditions><condition number="0" type="jump" coverage="100%"/></conditions></line><line number="294" hits="2" branch="false"/><line number="295" hits="2" branch="false"/><line number="297" hits="6340" branch="false"/><line number="298" hits="8634" branch="false"/><line number="300" hits="15316" branch="false"/><line number="301" hits="15316" branch="false"/><line number="306" hits="15316" branch="true" condition-coverage="100% (2/2)"><conditions><condition number="0" type="jump" coverage="100%"/></conditions></line><line number="307" hits="2141" branch="true" condition-coverage="100% (2/2)"><conditions><condition number="0" type="jump" coverage="100%"/></conditions></line><line number="308" hits="8" branch="false"/><line number="310" hits="8" branch="false"/><line number="312" hits="2141" branch="false"/><line number="315" hits="20250" branch="true" condition-coverage="100% (2/2)"><conditions><condition number="0" type="jump" coverage="100%"/></conditions></line><line number="316" hits="18261" branch="true" condition-coverage="100% (2/2)"><conditions><condition number="0" type="jump" coverage="100%"/></conditions></line><line number="317" hits="7075" branch="false"/><line number="318" hits="7075" branch="false"/><line number="319" hits="11186" branch="false"/><line number="321" hits="7075" branch="false"/><line number="323" hits="13175" branch="true" condition-coverage="100% (2/2)"><conditions><condition number="0" type="jump" coverage="100%"/></conditions></line><line number="324" hits="6" branch="false"/><line number="325" hits="6" branch="false"/><line number="327" hits="13175" branch="false"/><line number="328" hits="15316" branch="false"/><line number="330" hits="12566" branch="false"/><line number="331" hits="12566" branch="true" condition-coverage="100% (2/2)"><conditions><condition number="0" type="jump" coverage="100%"/></conditions></line><line number="334" hits="12532" branch="false"/><line number="335" hits="12532" branch="false"/><line number="338" hits="8639" branch="false"/><line number="340" hits="8639" branch="false"/><line number="342" hits="8639" branch="false"/><line number="345" hits="8849" branch="false"/><line number="347" hits="8849" branch="false"/><line number="349" hits="8849" branch="true" condition-coverage="100% (2/2)"><conditions><condition number="0" type="jump" coverage="100%"/></conditions></line><line number="350" hits="4481" branch="false"/><line number="353" hits="4368" branch="true" condition-coverage="100% (2/2)"><conditions><condition number="0" type="jump" coverage="100%"/></conditions></line><line number="354" hits="2224" branch="false"/><line number="355" hits="2224" branch="false"/><line number="356" hits="2224" branch="false"/><line number="360" hits="2144" branch="false"/><line number="361" hits="2144" branch="false"/><line number="362" hits="2144" branch="false"/><line number="364" hits="8849" branch="false"/><line number="366" hits="34" branch="false"/><line number="368" hits="34" branch="true" condition-coverage="100% (6/6)"><conditions><condition number="0" type="jump" coverage="100%"/></conditions></line><line number="373" hits="406" branch="false"/><line number="375" hits="406" branch="false"/><line number="377" hits="406" branch="false"/><line number="381" hits="406" branch="true" condition-coverage="100% (2/2)"><conditions><condition number="0" type="jump" coverage="100%"/></conditions></line><line number="382" hits="1" branch="false"/><line number="383" hits="2" branch="false"/><line number="384" hits="1" branch="false"/><line number="391" hits="405" branch="false"/><line number="393" hits="405" branch="true" condition-coverage="100% (2/2)"><conditions><condition number="0" type="jump" coverage="100%"/></conditions></line><line number="394" hits="91" branch="false"/><line number="395" hits="91" branch="false"/><line number="397" hits="91" branch="true" condition-coverage="100% (2/2)"><conditions><condition number="0" type="jump" coverage="100%"/></conditions></line><line number="398" hits="1" branch="false"/><line number="399" hits="2" branch="false"/><line number="400" hits="1" branch="false"/><line number="407" hits="404" branch="true" condition-coverage="100% (2/2)"><conditions><condition number="0" type="jump" coverage="100%"/></conditions></line><line number="408" hits="156" branch="false"/><line number="409" hits="156" branch="false"/><line number="411" hits="156" branch="true" condition-coverage="100% (2/2)"><conditions><condition number="0" type="jump" coverage="100%"/></conditions></line><line number="412" hits="1" branch="false"/><line number="413" hits="2" branch="false"/><line number="414" hits="1" branch="false"/><line number="420" hits="155" branch="false"/><line number="421" hits="158" branch="false"/><line number="424" hits="403" branch="false"/><line number="426" hits="403" branch="false"/><line number="428" hits="12964" branch="true" condition-coverage="100% (2/2)"><conditions><condition number="0" type="jump" coverage="100%"/></conditions></line><line number="429" hits="12566" branch="false"/><line number="431" hits="12566" branch="true" condition-coverage="100% (2/2)"><conditions><condition number="0" type="jump" coverage="100%"/></conditions></line><line number="432" hits="12532" branch="false"/><line number="433" hits="12566" branch="true" condition-coverage="100% (2/2)"><conditions><condition number="0" type="jump" coverage="100%"/></conditions></line><line number="434" hits="30" branch="true" condition-coverage="100% (2/2)"><conditions><condition number="0" type="jump" coverage="100%"/></conditions></line><line number="436" hits="1" branch="false"/><line number="437" hits="1" branch="false"/><line number="438" hits="1" branch="false"/><line number="439" hits="1" branch="false"/><line number="440" hits="3" branch="false"/><line number="442" hits="1" branch="false"/><line number="443" hits="1" branch="false"/><line number="447" hits="29" branch="false"/><line number="449" hits="4" branch="false"/><line number="450" hits="4" branch="false"/><line number="451" hits="8" branch="false"/><line number="452" hits="12" branch="false"/><line number="454" hits="4" branch="false"/><line number="455" hits="4" branch="false"/><line number="459" hits="12532" branch="true" condition-coverage="100% (2/2)"><conditions><condition number="0" type="jump" coverage="100%"/></conditions></line><line number="460" hits="400" branch="false"/><line number="461" hits="400" branch="false"/><line number="462" hits="12532" branch="false"/><line number="464" hits="398" branch="false"/><line number="466" hits="398" branch="false"/><line number="468" hits="398" branch="true" condition-coverage="100% (2/2)"><conditions><condition number="0" type="jump" coverage="100%"/></conditions></line><line number="469" hits="84" branch="true" condition-coverage="100% (2/2)"><conditions><condition number="0" type="jump" coverage="100%"/></conditions></line><line number="470" hits="1" branch="false"/><line number="471" hits="2" branch="false"/><line number="472" hits="2" branch="false"/><line number="474" hits="1" branch="false"/><line number="478" hits="83" branch="false"/><line number="480" hits="397" branch="false"/><line number="482" hits="397" branch="false"/><line number="483" hits="406" branch="false"/><line number="485" hits="169" branch="false"/><line number="486" hits="169" branch="false"/><line number="488" hits="169" branch="false"/><line number="491" hits="232" branch="false"/><line number="492" hits="232" branch="false"/><line number="494" hits="232" branch="true" condition-coverage="100% (2/2)"><conditions><condition number="0" type="jump" coverage="100%"/></conditions></line><line number="495" hits="181" branch="false"/><line number="497" hits="181" branch="true" condition-coverage="100% (2/2)"><conditions><condition number="0" type="jump" coverage="100%"/></conditions></line><line number="498" hits="1" branch="false"/><line number="499" hits="1" branch="false"/><line number="500" hits="180" branch="false"/><line number="502" hits="181" branch="false"/><line number="503" hits="51" branch="false"/><line number="504" hits="51" branch="false"/><line number="507" hits="232" branch="false"/><line number="510" hits="2382" branch="false"/><line number="512" hits="4764" branch="false"/><line number="514" hits="2382" branch="false"/><line number="516" hits="2382" branch="false"/><line number="518" hits="4764" branch="false"/><line number="519" hits="2382" branch="false"/><line number="521" hits="2382" branch="false"/><line number="524" hits="32" branch="false"/><line number="527" hits="32" branch="false"/><line number="529" hits="32" branch="false"/><line number="531" hits="188" branch="true" condition-coverage="100% (2/2)"><conditions><condition number="0" type="jump" coverage="100%"/></conditions></line><line number="532" hits="156" branch="false"/><line number="533" hits="156" branch="false"/><line number="535" hits="32" branch="false"/><line number="537" hits="32" branch="false"/><line number="540" hits="2966" branch="false"/><line number="541" hits="2966" branch="true" condition-coverage="100% (2/2)"><conditions><condition number="0" type="jump" coverage="100%"/></conditions></line><line number="542" hits="1" branch="false"/><line number="545" hits="2965" branch="true" condition-coverage="100% (2/2)"><conditions><condition number="0" type="jump" coverage="100%"/></conditions></line><line number="546" hits="2964" branch="false"/><line number="547" hits="2964" branch="false"/><line number="548" hits="2964" branch="false"/><line number="549" hits="2966" branch="false"/><line number="551" hits="8080" branch="false"/><line number="552" hits="8080" branch="true" condition-coverage="100% (2/2)"><conditions><condition number="0" type="jump" coverage="100%"/></conditions></line><line number="553" hits="8079" branch="false"/><line number="554" hits="8079" branch="false"/><line number="555" hits="8080" branch="false"/><line number="557" hits="757" branch="false"/><line number="558" hits="757" branch="false"/><line number="567" hits="8960" branch="false"/><line number="569" hits="8960" branch="false"/><line number="570" hits="8960" branch="false"/><line number="572" hits="294788" branch="true" condition-coverage="100% (2/2)"><conditions><condition number="0" type="jump" coverage="100%"/></conditions></line><line number="573" hits="285828" branch="false"/><line number="574" hits="285828" branch="false"/><line number="577" hits="8960" branch="false"/><line number="580" hits="332" branch="false"/><line number="585" hits="332" branch="false"/><line number="591" hits="517" branch="true" condition-coverage="100% (2/2)"><conditions><condition number="0" type="jump" coverage="100%"/></conditions></line><line number="592" hits="185" branch="false"/><line number="593" hits="185" branch="false"/><line number="595" hits="185" branch="false"/><line number="596" hits="185" branch="false"/><line number="599" hits="332" branch="false"/><line number="600" hits="332" branch="false"/><line number="604" hits="332" branch="true" condition-coverage="100% (2/2)"><conditions><condition number="0" type="jump" coverage="100%"/></conditions></line><line number="605" hits="32" branch="false"/><line number="606" hits="32" branch="false"/><line number="609" hits="332" branch="false"/><line number="612" hits="332" branch="false"/><line number="614" hits="332" branch="false"/><line number="615" hits="332" branch="false"/><line number="616" hits="332" branch="false"/><line number="618" hits="28421" branch="true" condition-coverage="100% (2/2)"><conditions><condition number="0" type="jump" coverage="100%"/></conditions></line><line number="622" hits="1019111" branch="true" condition-coverage="100% (2/2)"><conditions><condition number="0" type="jump" coverage="100%"/></conditions></line><line number="626" hits="991022" branch="false"/><line number="628" hits="991022" branch="true" condition-coverage="100% (2/2)"><conditions><condition number="0" type="jump" coverage="100%"/></conditions></line><line number="630" hits="490174" branch="false"/><line number="631" hits="490174" branch="false"/><line number="632" hits="991022" branch="false"/><line number="644" hits="28089" branch="false"/><line number="649" hits="28089" branch="true" condition-coverage="100% (2/2)"><conditions><condition number="0" type="jump" coverage="100%"/></conditions></line><line number="650" hits="332" branch="false"/><line number="651" hits="332" branch="false"/><line number="653" hits="27757" branch="false"/><line number="654" hits="27757" branch="false"/><line number="655" hits="27757" branch="false"/><line number="656" hits="27757" branch="true" condition-coverage="100% (2/2)"><conditions><condition number="0" type="jump" coverage="100%"/></conditions></line><line number="657" hits="8307" branch="false"/><line number="658" hits="8307" branch="false"/><line number="662" hits="28089" branch="true" condition-coverage="100% (2/2)"><conditions><condition number="0" type="jump" coverage="100%"/></conditions></line><line number="663" hits="8639" branch="false"/><line number="664" hits="8639" branch="false"/><line number="669" hits="1027750" branch="true" condition-coverage="100% (2/2)"><conditions><condition number="0" type="jump" coverage="100%"/></conditions></line><line number="671" hits="999661" branch="false"/><line number="673" hits="999661" branch="false"/><line number="674" hits="999661" branch="false"/><line number="676" hits="999661" branch="true" condition-coverage="100% (2/2)"><conditions><condition number="0" type="jump" coverage="100%"/></conditions></line><line number="677" hits="28089" branch="false"/><line number="680" hits="28089" branch="false"/><line number="681" hits="971572" branch="true" condition-coverage="100% (2/2)"><conditions><condition number="0" type="jump" coverage="100%"/></conditions></line><line number="682" hits="490174" branch="false"/><line number="683" hits="490174" branch="false"/><line number="687" hits="999661" branch="false"/><line number="688" hits="999661" branch="false"/><line number="690" hits="999661" branch="false"/><line number="696" hits="28089" branch="false"/><line number="698" hits="28089" branch="false"/><line number="699" hits="28089" branch="false"/><line number="701" hits="28089" branch="false"/><line number="703" hits="28089" branch="false"/><line number="705" hits="28089" branch="false"/><line number="706" hits="28089" branch="true" condition-coverage="100% (2/2)"><conditions><condition number="0" type="jump" coverage="100%"/></conditions></line><line number="707" hits="20281" branch="false"/><line number="708" hits="20281" branch="false"/><line number="713" hits="28089" branch="false"/><line number="716" hits="332" branch="false"/><line number="720" hits="333" branch="false"/><line number="722" hits="333" branch="true" condition-coverage="100% (2/2)"><conditions><condition number="0" type="jump" coverage="100%"/></conditions></line><line number="723" hits="1" branch="false"/><line number="726" hits="332" branch="false"/><line number="728" hits="332" branch="false"/><line number="730" hits="332" branch="false"/><line number="734" hits="332" branch="false"/><line number="736" hits="332" branch="true" condition-coverage="100% (2/2)"><conditions><condition number="0" type="jump" coverage="100%"/></conditions></line><line number="737" hits="102" branch="false"/><line number="738" hits="102" branch="false"/><line number="740" hits="332" branch="false"/><line number="742" hits="332" branch="false"/><line number="747" hits="332" branch="false"/><line number="749" hits="332" branch="false"/><line number="751" hits="332" branch="true" condition-coverage="100% (2/2)"><conditions><condition number="0" type="jump" coverage="100%"/></conditions></line><line number="752" hits="102" branch="false"/><line number="753" hits="102" branch="false"/><line number="754" hits="102" branch="false"/><line number="756" hits="332" branch="false"/><line number="758" hits="8971" branch="true" condition-coverage="100% (2/2)"><conditions><condition number="0" type="jump" coverage="100%"/></conditions></line><line number="760" hits="8639" branch="false"/><line number="761" hits="8639" branch="false"/><line number="763" hits="8639" branch="false"/><line number="764" hits="8639" branch="false"/><line number="766" hits="332" branch="false"/><line number="768" hits="332" branch="false"/><line number="769" hits="333" branch="false"/><line number="778" hits="370" branch="false"/><line number="782" hits="370" branch="true" condition-coverage="100% (2/2)"><conditions><condition number="0" type="jump" coverage="100%"/></conditions></line><line number="783" hits="1" branch="false"/><line number="786" hits="369" branch="false"/><line number="788" hits="369" branch="true" condition-coverage="100% (2/2)"><conditions><condition number="0" type="jump" coverage="100%"/></conditions></line><line number="789" hits="112" branch="false"/><line number="790" hits="112" branch="false"/><line number="792" hits="369" branch="true" condition-coverage="100% (2/2)"><conditions><condition number="0" type="jump" coverage="100%"/></conditions></line><line number="793" hits="185" branch="false"/><line number="794" hits="185" branch="false"/><line number="796" hits="369" branch="true" condition-coverage="100% (2/2)"><conditions><condition number="0" type="jump" coverage="100%"/></conditions></line><line number="797" hits="185" branch="false"/><line number="798" hits="185" branch="false"/><line number="800" hits="369" branch="false"/><line number="802" hits="369" branch="false"/><line number="806" hits="369" branch="false"/><line number="808" hits="369" branch="false"/><line number="810" hits="369" branch="true" condition-coverage="100% (2/2)"><conditions><condition number="0" type="jump" coverage="100%"/></conditions></line><line number="811" hits="112" branch="false"/><line number="812" hits="112" branch="false"/><line number="813" hits="112" branch="false"/><line number="815" hits="369" branch="true" condition-coverage="100% (2/2)"><conditions><condition number="0" type="jump" coverage="100%"/></conditions></line><line number="816" hits="555" branch="true" condition-coverage="100% (2/2)"><conditions><condition number="0" type="jump" coverage="100%"/></conditions></line><line number="817" hits="370" branch="false"/><line number="818" hits="370" branch="false"/><line number="819" hits="370" branch="false"/><line number="820" hits="185" branch="false"/><line number="822" hits="369" branch="false"/><line number="824" hits="1031" branch="true" condition-coverage="100% (4/4)"><conditions><condition number="0" type="jump" coverage="100%"/></conditions></line><line number="826" hits="662" branch="false"/><line number="828" hits="662" branch="false"/><line number="830" hits="662" branch="true" condition-coverage="100% (2/2)"><conditions><condition number="0" type="jump" coverage="100%"/></conditions></line><line number="831" hits="334" branch="true" condition-coverage="100% (2/2)"><conditions><condition number="0" type="jump" coverage="100%"/></conditions></line><line number="832" hits="185" branch="false"/><line number="833" hits="185" branch="false"/><line number="834" hits="185" branch="true" condition-coverage="100% (2/2)"><conditions><condition number="0" type="jump" coverage="100%"/></conditions></line><line number="835" hits="16" branch="false"/><line number="837" hits="16" branch="false"/><line number="838" hits="185" branch="false"/><line number="839" hits="185" branch="false"/><line number="840" hits="334" branch="false"/><line number="842" hits="9511" branch="true" condition-coverage="100% (2/2)"><conditions><condition number="0" type="jump" coverage="100%"/></conditions></line><line number="843" hits="8849" branch="false"/><line number="844" hits="8849" branch="false"/><line number="845" hits="8849" branch="false"/><line number="847" hits="662" branch="true" condition-coverage="100% (4/4)"><conditions><condition number="0" type="jump" coverage="100%"/></conditions></line><line number="848" hits="149" branch="false"/><line number="849" hits="149" branch="false"/><line number="850" hits="149" branch="false"/><line number="851" hits="662" branch="false"/><line number="853" hits="369" branch="false"/><line number="854" hits="369" branch="false"/><line number="857" hits="369" branch="false"/><line number="859" hits="369" branch="false"/><line number="860" hits="370" branch="false"/><line number="867" hits="345" branch="false"/><line number="869" hits="345" branch="true" condition-coverage="100% (2/2)"><conditions><condition number="0" type="jump" coverage="100%"/></conditions></line><line number="870" hits="1" branch="false"/><line number="873" hits="344" branch="false"/><line number="875" hits="344" branch="true" condition-coverage="100% (2/2)"><conditions><condition number="0" type="jump" coverage="100%"/></conditions></line><line number="876" hits="104" branch="false"/><line number="877" hits="104" branch="false"/><line number="879" hits="344" branch="true" condition-coverage="100% (2/2)"><conditions><condition number="0" type="jump" coverage="100%"/></conditions></line><line number="880" hits="172" branch="false"/><line number="881" hits="172" branch="false"/><line number="883" hits="344" branch="true" condition-coverage="100% (2/2)"><conditions><condition number="0" type="jump" coverage="100%"/></conditions></line><line number="884" hits="172" branch="false"/><line number="885" hits="172" branch="false"/><line number="887" hits="344" branch="false"/><line number="889" hits="344" branch="false"/><line number="893" hits="344" branch="false"/><line number="895" hits="344" branch="false"/><line number="897" hits="344" branch="true" condition-coverage="100% (2/2)"><conditions><condition number="0" type="jump" coverage="100%"/></conditions></line><line number="898" hits="104" branch="false"/><line number="899" hits="104" branch="false"/><line number="900" hits="104" branch="false"/><line number="902" hits="344" branch="true" condition-coverage="100% (2/2)"><conditions><condition number="0" type="jump" coverage="100%"/></conditions></line><line number="903" hits="516" branch="true" condition-coverage="100% (2/2)"><conditions><condition number="0" type="jump" coverage="100%"/></conditions></line><line number="904" hits="344" branch="false"/><line number="905" hits="344" branch="false"/><line number="906" hits="344" branch="false"/><line number="907" hits="172" branch="false"/><line number="909" hits="344" branch="false"/><line number="911" hits="960" branch="true" condition-coverage="100% (4/4)"><conditions><condition number="0" type="jump" coverage="100%"/></conditions></line><line number="913" hits="616" branch="false"/><line number="915" hits="616" branch="false"/><line number="917" hits="616" branch="true" condition-coverage="100% (2/2)"><conditions><condition number="0" type="jump" coverage="100%"/></conditions></line><line number="918" hits="308" branch="true" condition-coverage="100% (2/2)"><conditions><condition number="0" type="jump" coverage="100%"/></conditions></line><line number="919" hits="172" branch="false"/><line number="920" hits="172" branch="false"/><line number="921" hits="172" branch="true" condition-coverage="100% (2/2)"><conditions><condition number="0" type="jump" coverage="100%"/></conditions></line><line number="922" hits="16" branch="false"/><line number="924" hits="16" branch="false"/><line number="925" hits="172" branch="false"/><line number="926" hits="172" branch="false"/><line number="927" hits="308" branch="false"/><line number="929" hits="33448" branch="true" condition-coverage="100% (2/2)"><conditions><condition number="0" type="jump" coverage="100%"/></conditions></line><line number="930" hits="32832" branch="false"/><line number="931" hits="32832" branch="false"/><line number="932" hits="32832" branch="false"/><line number="934" hits="616" branch="true" condition-coverage="100% (4/4)"><conditions><condition number="0" type="jump" coverage="100%"/></conditions></line><line number="935" hits="136" branch="false"/><line number="936" hits="136" branch="false"/><line number="937" hits="136" branch="false"/><line number="938" hits="616" branch="false"/><line number="940" hits="344" branch="false"/><line number="941" hits="344" branch="false"/><line number="944" hits="344" branch="false"/><line number="946" hits="344" branch="false"/><line number="947" hits="345" branch="false"/><line number="949" hits="7021" branch="false"/><line number="950" hits="7021" branch="true" condition-coverage="100% (2/2)"><conditions><condition number="0" type="jump" coverage="100%"/></conditions></line><line number="951" hits="721" branch="false"/><line number="953" hits="6300" branch="false"/><line number="954" hits="7021" branch="false"/><line number="969" hits="1085" branch="false"/><line number="972" hits="1085" branch="false"/><line number="974" hits="1085" branch="false"/><line number="976" hits="1085" branch="false"/><line number="980" hits="1085" branch="false"/><line number="982" hits="5598" branch="true" condition-coverage="100% (2/2)"><conditions><condition number="0" type="jump" coverage="100%"/></conditions></line><line number="984" hits="4513" branch="false"/><line number="986" hits="4513" branch="true" condition-coverage="100% (2/2)"><conditions><condition number="0" type="jump" coverage="100%"/></conditions></line><line number="987" hits="3348" branch="false"/><line number="988" hits="3348" branch="false"/><line number="990" hits="4513" branch="true" condition-coverage="100% (2/2)"><conditions><condition number="0" type="jump" coverage="100%"/></conditions></line><line number="991" hits="2595" branch="false"/><line number="992" hits="2595" branch="false"/><line number="994" hits="4513" branch="false"/><line number="996" hits="4513" branch="false"/><line number="997" hits="4513" branch="false"/><line number="999" hits="4513" branch="false"/><line number="1001" hits="1085" branch="false"/><line number="1005" hits="1085" branch="false"/><line number="1007" hits="1085" branch="false"/><line number="1010" hits="5690" branch="false"/><line number="1015" hits="5690" branch="false"/><line number="1017" hits="5690" branch="false"/><line number="1019" hits="5690" branch="false"/><line number="1023" hits="5690" branch="false"/><line number="1025" hits="26482" branch="true" condition-coverage="100% (2/2)"><conditions><condition number="0" type="jump" coverage="100%"/></conditions></line><line number="1027" hits="20792" branch="false"/><line number="1029" hits="20792" branch="true" condition-coverage="100% (2/2)"><conditions><condition number="0" type="jump" coverage="100%"/></conditions></line><line number="1030" hits="15102" branch="false"/><line number="1031" hits="15102" branch="false"/><line number="1033" hits="20792" branch="true" condition-coverage="100% (2/2)"><conditions><condition number="0" type="jump" coverage="100%"/></conditions></line><line number="1034" hits="14739" branch="false"/><line number="1035" hits="14739" branch="false"/><line number="1037" hits="20792" branch="true" condition-coverage="100% (2/2)"><conditions><condition number="0" type="jump" coverage="100%"/></conditions></line><line number="1038" hits="1643" branch="false"/><line number="1039" hits="1643" branch="false"/><line number="1042" hits="20792" branch="true" condition-coverage="100% (2/2)"><conditions><condition number="0" type="jump" coverage="100%"/></conditions></line><line number="1043" hits="19149" branch="false"/><line number="1044" hits="19149" branch="false"/><line number="1045" hits="1643" branch="false"/><line number="1047" hits="1643" branch="false"/><line number="1048" hits="1643" branch="false"/><line number="1049" hits="1643" branch="false"/><line number="1052" hits="20792" branch="false"/><line number="1053" hits="20792" branch="false"/><line number="1055" hits="5690" branch="false"/><line number="1059" hits="5690" branch="false"/><line number="1061" hits="5690" branch="false"/><line number="1278" hits="1085" branch="false"/><line number="1281" hits="1085" branch="false"/><line number="1288" hits="188" branch="false"/><line number="1290" hits="188" branch="true" condition-coverage="100% (2/2)"><conditions><condition number="0" type="jump" coverage="100%"/></conditions></line><line number="1292" hits="112" branch="true" condition-coverage="100% (2/2)"><conditions><condition number="0" type="jump" coverage="100%"/></conditions></line><line number="1294" hits="85" branch="false"/><line number="1298" hits="27" branch="false"/><line number="1299" hits="27" branch="false"/><line number="1302" hits="76" branch="true" condition-coverage="100% (2/2)"><conditions><condition number="0" type="jump" coverage="100%"/></conditions></line><line number="1304" hits="28" branch="false"/><line number="1305" hits="28" branch="false"/><line number="1313" hits="48" branch="false"/><line number="1314" hits="48" branch="false"/><line number="1316" hits="48" branch="false"/><line number="1318" hits="48" branch="false"/><line number="1320" hits="48" branch="false"/><line number="1321" hits="188" branch="false"/><line number="1323" hits="5690" branch="false"/><line number="1326" hits="5690" branch="false"/><line number="1332" hits="5718" branch="false"/><line number="1335" hits="5718" branch="false"/><line number="1337" hits="5718" branch="true" condition-coverage="100% (2/2)"><conditions><condition number="0" type="jump" coverage="100%"/></conditions></line><line number="1338" hits="28" branch="false"/><line number="1341" hits="5690" branch="true" condition-coverage="100% (2/2)"><conditions><condition number="0" type="jump" coverage="100%"/></conditions></line><line number="1342" hits="5630" branch="false"/><line number="1347" hits="60" branch="false"/><line number="1350" hits="60" branch="false"/><line number="1351" hits="60" branch="false"/><line number="1352" hits="5718" branch="false"/><line number="1355" hits="5281" branch="false"/><line number="1357" hits="5281" branch="true" condition-coverage="100% (2/2)"><conditions><condition number="0" type="jump" coverage="100%"/></conditions></line><line number="1358" hits="5233" branch="true" condition-coverage="100% (2/2)"><conditions><condition number="0" type="jump" coverage="100%"/></conditions></line><line number="1360" hits="5206" branch="false"/><line number="1364" hits="27" branch="false"/><line number="1365" hits="27" branch="false"/><line number="1368" hits="48" branch="true" condition-coverage="100% (2/2)"><conditions><condition number="0" type="jump" coverage="100%"/></conditions></line><line number="1370" hits="28" branch="false"/><line number="1371" hits="28" branch="false"/><line number="1378" hits="20" branch="false"/><line number="1379" hits="20" branch="false"/><line number="1382" hits="20" branch="false"/><line number="1385" hits="20" branch="false"/><line number="1386" hits="5281" branch="false"/><line number="1388" hits="20" branch="false"/><line number="1396" hits="42" branch="true" condition-coverage="100% (2/2)"><conditions><condition number="0" type="jump" coverage="100%"/></conditions></line><line number="1398" hits="38" branch="false"/><line number="1400" hits="38" branch="true" condition-coverage="100% (2/2)"><conditions><condition number="0" type="jump" coverage="100%"/></conditions></line><line number="1401" hits="16" branch="false"/><line number="1402" hits="16" branch="false"/><line number="1404" hits="22" branch="false"/><line number="1406" hits="22" branch="false"/><line number="1408" hits="4" branch="false"/><line number="1409" hits="4" branch="false"/><line number="1411" hits="4" branch="false"/><line number="1412" hits="4" branch="false"/><line number="1413" hits="20" branch="false"/><line number="1415" hits="27" branch="false"/><line number="1423" hits="49" branch="false"/><line number="1426" hits="22" branch="false"/><line number="1427" hits="49" branch="false"/><line number="1429" hits="49" branch="true" condition-coverage="100% (2/2)"><conditions><condition number="0" type="jump" coverage="100%"/></conditions></line><line number="1430" hits="27" branch="false"/><line number="1433" hits="27" branch="false"/><line number="1435" hits="27" branch="false"/><line number="1437" hits="22" branch="false"/><line number="1442" hits="22" branch="false"/><line number="1444" hits="22" branch="false"/><line number="1447" hits="27" branch="false"/><line number="1449" hits="24" branch="false"/><line number="1451" hits="24" branch="false"/><line number="1455" hits="24" branch="false"/><line number="1461" hits="24" branch="true" condition-coverage="100% (2/2)"><conditions><condition number="0" type="jump" coverage="100%"/></conditions></line><line number="1462" hits="2" branch="false"/><line number="1463" hits="2" branch="false"/><line number="1464" hits="2" branch="false"/><line number="1467" hits="22" branch="true" condition-coverage="100% (2/2)"><conditions><condition number="0" type="jump" coverage="100%"/></conditions></line><line number="1468" hits="12" branch="false"/><line number="1469" hits="12" branch="false"/><line number="1474" hits="10" branch="false"/><line number="1475" hits="10" branch="false"/><line number="1477" hits="10" branch="true" condition-coverage="100% (2/2)"><conditions><condition number="0" type="jump" coverage="100%"/></conditions></line><line number="1478" hits="4" branch="false"/><line number="1479" hits="4" branch="false"/><line number="1482" hits="6" branch="false"/><line number="1484" hits="6" branch="false"/><line number="1485" hits="24" branch="false"/><line number="1487" hits="27" branch="false"/><line number="1489" hits="27" branch="false"/><line number="1493" hits="27" branch="false"/><line number="1499" hits="27" branch="true" condition-coverage="100% (2/2)"><conditions><condition number="0" type="jump" coverage="100%"/></conditions></line><line number="1500" hits="2" branch="false"/><line number="1501" hits="2" branch="false"/><line number="1502" hits="2" branch="false"/><line number="1505" hits="25" branch="true" condition-coverage="100% (2/2)"><conditions><condition number="0" type="jump" coverage="100%"/></conditions></line><line number="1509" hits="8" branch="false"/><line number="1510" hits="8" branch="false"/><line number="1511" hits="8" branch="false"/><line number="1513" hits="8" branch="false"/><line number="1516" hits="17" branch="false"/><line number="1518" hits="17" branch="false"/><line number="1519" hits="27" branch="false"/><line number="1521" hits="182" branch="false"/><line number="1522" hits="182" branch="true" condition-coverage="100% (2/2)"><conditions><condition number="0" type="jump" coverage="100%"/></conditions></line><line number="1523" hits="9" branch="false"/><line number="1526" hits="173" branch="true" condition-coverage="100% (2/2)"><conditions><condition number="0" type="jump" coverage="100%"/></conditions></line><line number="1527" hits="9" branch="false"/><line number="1530" hits="409" branch="true" condition-coverage="100% (2/2)"><conditions><condition number="0" type="jump" coverage="100%"/></conditions></line><line number="1531" hits="292" branch="true" condition-coverage="100% (2/2)"><conditions><condition number="0" type="jump" coverage="100%"/></conditions></line><line number="1532" hits="47" branch="false"/><line number="1534" hits="245" branch="false"/><line number="1536" hits="117" branch="false"/><line number="1537" hits="182" branch="false"/><line number="1539" hits="20" branch="false"/><line number="1540" hits="20" branch="true" condition-coverage="100% (2/2)"><conditions><condition number="0" type="jump" coverage="100%"/></conditions></line><line number="1541" hits="5" branch="false"/><line number="1544" hits="15" branch="true" condition-coverage="100% (2/2)"><conditions><condition number="0" type="jump" coverage="100%"/></conditions></line><line number="1545" hits="5" branch="false"/><line number="1548" hits="10" branch="false"/><line number="1549" hits="20" branch="false"/><line number="1556" hits="27444" branch="false"/><line number="1558" hits="27444" branch="true" condition-coverage="100% (2/2)"><conditions><condition number="0" type="jump" coverage="100%"/></conditions></line><line number="1559" hits="40" branch="true" condition-coverage="100% (2/2)"><conditions><condition number="0" type="jump" coverage="100%"/></conditions></line><line number="1561" hits="20" branch="false"/><line number="1566" hits="20" branch="false"/><line number="1567" hits="20" branch="false"/><line number="1568" hits="20" branch="false"/><line number="1571" hits="27404" branch="true" condition-coverage="100% (2/2)"><conditions><condition number="0" type="jump" coverage="100%"/></conditions></line><line number="1573" hits="15" branch="false"/><line number="1578" hits="27389" branch="true" condition-coverage="100% (2/2)"><conditions><condition number="0" type="jump" coverage="100%"/></conditions></line><line number="1580" hits="5641" branch="false"/><line number="1583" hits="21748" branch="true" condition-coverage="100% (2/2)"><conditions><condition number="0" type="jump" coverage="100%"/></conditions></line><line number="1585" hits="3692" branch="false"/><line number="1588" hits="18771" branch="true" condition-coverage="100% (2/2)"><conditions><condition number="0" type="jump" coverage="100%"/></conditions></line><line number="1589" hits="18698" branch="false"/><line number="1590" hits="18698" branch="false"/><line number="1592" hits="18698" branch="true" condition-coverage="100% (2/2)"><conditions><condition number="0" type="jump" coverage="100%"/></conditions></line><line number="1593" hits="7732" branch="false"/><line number="1596" hits="10966" branch="true" condition-coverage="100% (2/2)"><conditions><condition number="0" type="jump" coverage="100%"/></conditions></line><line number="1597" hits="10251" branch="false"/><line number="1599" hits="715" branch="false"/><line number="1601" hits="73" branch="false"/><line number="1602" hits="27444" branch="false"/><line number="1604" hits="29" branch="false"/><line number="1606" hits="29" branch="false"/><line number="1610" hits="29" branch="true" condition-coverage="100% (2/2)"><conditions><condition number="0" type="jump" coverage="100%"/></conditions></line><line number="1611" hits="1" branch="false"/><line number="1614" hits="28" branch="false"/><line number="1615" hits="29" branch="false"/><line number="1629" hits="888" branch="false"/><line number="1634" hits="888" branch="false"/><line number="1636" hits="888" branch="false"/><line number="1639" hits="1206" branch="false"/><line number="1640" hits="1206" branch="false"/><line number="1649" hits="480" branch="false"/><line number="1653" hits="480" branch="false"/><line number="1655" hits="480" branch="false"/><line number="1656" hits="480" branch="false"/><line number="1657" hits="480" branch="false"/><line number="1659" hits="480" branch="false"/><line number="1717" hits="480" branch="false"/><line number="1719" hits="480" branch="false"/><line number="1720" hits="480" branch="false"/><line number="1722" hits="480" branch="false"/><line number="1724" hits="480" branch="false"/><line number="1726" hits="960" branch="false"/><line number="1728" hits="480" branch="false"/><line number="1730" hits="480" branch="false"/><line number="1732" hits="480" branch="false"/><line number="1734" hits="480" branch="true" condition-coverage="100% (2/2)"><conditions><condition number="0" type="jump" coverage="100%"/></conditions></line><line number="1735" hits="414" branch="false"/><line number="1736" hits="414" branch="false"/><line number="1738" hits="480" branch="false"/><line number="1741" hits="480" branch="false"/><line number="1743" hits="480" branch="false"/><line number="1757" hits="257" branch="false"/><line number="1758" hits="257" branch="false"/><line number="1763" hits="257" branch="false"/><line number="1765" hits="257" branch="false"/><line number="1766" hits="257" branch="false"/><line number="1770" hits="257" branch="false"/><line number="1796" hits="257" branch="false"/><line number="1798" hits="257" branch="false"/><line number="1800" hits="257" branch="false"/><line number="1809" hits="974" branch="false"/><line number="1810" hits="974" branch="true" condition-coverage="100% (2/2)"><conditions><condition number="0" type="jump" coverage="100%"/></conditions></line><line number="1813" hits="1293" branch="false"/><line number="1816" hits="3879" branch="false"/><line number="1817" hits="1293" branch="false"/><line number="1818" hits="1293" branch="false"/><line number="1820" hits="1293" branch="false"/><line number="1823" hits="5424" branch="false"/><line number="1826" hits="16272" branch="false"/><line number="1827" hits="5424" branch="false"/><line number="1828" hits="5424" branch="false"/><line number="1830" hits="5424" branch="false"/><line number="1836" hits="246" branch="false"/><line number="1839" hits="246" branch="true" condition-coverage="100% (2/2)"><conditions><condition number="0" type="jump" coverage="100%"/></conditions></line><line number="1840" hits="10" branch="false"/><line number="1843" hits="236" branch="true" condition-coverage="100% (2/2)"><conditions><condition number="0" type="jump" coverage="100%"/></conditions></line><line number="1844" hits="22" branch="false"/><line number="1847" hits="428" branch="false"/><line number="1848" hits="214" branch="false"/><line number="1849" hits="246" branch="false"/><line number="1852" hits="492" branch="false"/><line number="1856" hits="492" branch="true" condition-coverage="100% (2/2)"><conditions><condition number="0" type="jump" coverage="100%"/></conditions></line><line number="1859" hits="32" branch="false"/><line number="1864" hits="460" branch="false"/><line number="1865" hits="460" branch="false"/><line number="1867" hits="460" branch="false"/><line number="1869" hits="460" branch="false"/><line number="1870" hits="460" branch="false"/><line number="1872" hits="460" branch="false"/><line number="1873" hits="492" branch="false"/><line number="1876" hits="492" branch="false"/><line number="1879" hits="492" branch="false"/><line number="1883" hits="492" branch="false"/><line number="1885" hits="492" branch="false"/><line number="1886" hits="492" branch="false"/><line number="1890" hits="2803" branch="true" condition-coverage="100% (2/2)"><conditions><condition number="0" type="jump" coverage="100%"/></conditions></line><line number="1892" hits="2311" branch="true" condition-coverage="100% (2/2)"><conditions><condition number="0" type="jump" coverage="100%"/></conditions></line><line number="1893" hits="1201" branch="false"/><line number="1894" hits="1201" branch="false"/><line number="1895" hits="1201" branch="false"/><line number="1896" hits="1110" branch="false"/><line number="1898" hits="2311" branch="false"/><line number="1899" hits="492" branch="false"/><line number="1901" hits="497" branch="false"/><line number="1902" hits="497" branch="true" condition-coverage="50% (1/2)"><conditions><condition number="0" type="jump" coverage="50%"/></conditions></line><line number="1905" hits="497" branch="false"/><line number="1907" hits="636" branch="true" condition-coverage="100% (2/2)"><conditions><condition number="0" type="jump" coverage="100%"/></conditions></line><line number="1908" hits="633" branch="true" condition-coverage="100% (2/2)"><conditions><condition number="0" type="jump" coverage="100%"/></conditions></line><line number="1909" hits="497" branch="true" condition-coverage="100% (2/2)"><conditions><condition number="0" type="jump" coverage="100%"/></conditions></line><line number="1910" hits="358" branch="false"/><line number="1912" hits="139" branch="false"/><line number="1913" hits="136" branch="true" condition-coverage="50% (1/2)"><conditions><condition number="0" type="jump" coverage="50%"/></conditions></line><line number="1914" hits="136" branch="false"/><line number="1917" hits="139" branch="false"/><line number="1918" hits="3" branch="false"/><line number="1919" hits="497" branch="false"/><line number="1927" hits="3" branch="false"/><line number="1929" hits="3" branch="false"/><line number="1931" hits="3" branch="false"/><line number="1932" hits="3" branch="false"/><line number="1934" hits="3" branch="false"/><line number="1937" hits="3" branch="true" condition-coverage="50% (1/2)"><conditions><condition number="0" type="jump" coverage="50%"/></conditions></line><line number="1938" hits="3" branch="false"/><line number="1940" hits="3" branch="true" condition-coverage="50% (1/2)"><conditions><condition number="0" type="jump" coverage="50%"/></conditions></line><line number="1941" hits="3" branch="false"/><line number="1942" hits="3" branch="false"/><line number="1944" hits="0" branch="false"/><line number="1947" hits="0" branch="false"/><line number="1954" hits="845" branch="false"/><line number="1959" hits="845" branch="true" condition-coverage="100% (2/2)"><conditions><condition number="0" type="jump" coverage="100%"/></conditions></line><line number="1961" hits="603" branch="false"/><line number="1963" hits="603" branch="true" condition-coverage="100% (2/2)"><conditions><condition number="0" type="jump" coverage="100%"/></conditions></line><line number="1964" hits="25" branch="false"/><line number="1967" hits="578" branch="true" condition-coverage="100% (2/2)"><conditions><condition number="0" type="jump" coverage="100%"/></conditions></line><line number="1968" hits="68" branch="false"/><line number="1970" hits="510" branch="false"/><line number="1972" hits="752" branch="true" condition-coverage="100% (2/2)"><conditions><condition number="0" type="jump" coverage="100%"/></conditions></line><line number="1974" hits="523" branch="false"/><line number="1976" hits="523" branch="true" condition-coverage="100% (2/2)"><conditions><condition number="0" type="jump" coverage="100%"/></conditions></line><line number="1977" hits="19" branch="false"/><line number="1980" hits="504" branch="true" condition-coverage="100% (2/2)"><conditions><condition number="0" type="jump" coverage="100%"/></conditions></line><line number="1981" hits="4" branch="false"/><line number="1983" hits="500" branch="false"/><line number="1992" hits="729" branch="true" condition-coverage="100% (4/4)"><conditions><condition number="0" type="jump" coverage="100%"/></conditions></line><line number="1993" hits="480" branch="false"/><line number="1999" hits="249" branch="true" condition-coverage="100% (2/2)"><conditions><condition number="0" type="jump" coverage="100%"/></conditions></line><line number="2001" hits="1" branch="false"/><line number="2003" hits="1" branch="false"/><line number="2005" hits="1" branch="false"/><line number="2006" hits="1" branch="false"/><line number="2009" hits="248" branch="true" condition-coverage="100% (2/2)"><conditions><condition number="0" type="jump" coverage="100%"/></conditions></line><line number="2011" hits="2" branch="false"/><line number="2013" hits="2" branch="false"/><line number="2015" hits="2" branch="false"/><line number="2016" hits="2" branch="false"/><line number="2023" hits="246" branch="false"/><line number="2025" hits="246" branch="false"/><line number="2032" hits="246" branch="false"/><line number="2033" hits="246" branch="false"/><line number="2035" hits="246" branch="true" condition-coverage="100% (2/2)"><conditions><condition number="0" type="jump" coverage="100%"/></conditions></line><line number="2036" hits="472" branch="false"/><line number="2037" hits="236" branch="false"/><line number="2038" hits="236" branch="false"/><line number="2040" hits="236" branch="false"/><line number="2041" hits="10" branch="false"/><line number="2044" hits="246" branch="false"/><line number="2045" hits="246" branch="false"/><line number="2047" hits="246" branch="true" condition-coverage="100% (2/2)"><conditions><condition number="0" type="jump" coverage="100%"/></conditions></line><line number="2048" hits="448" branch="false"/><line number="2049" hits="224" branch="false"/><line number="2050" hits="224" branch="false"/><line number="2052" hits="224" branch="false"/><line number="2053" hits="22" branch="false"/><line number="2059" hits="246" branch="false"/><line number="2061" hits="246" branch="false"/><line number="2063" hits="246" branch="false"/><line number="2065" hits="246" branch="false"/><line number="2067" hits="246" branch="false"/><line number="2069" hits="246" branch="false"/><line number="2070" hits="246" branch="false"/><line number="2072" hits="246" branch="false"/><line number="2073" hits="246" branch="false"/><line number="2075" hits="246" branch="false"/><line number="2076" hits="246" branch="false"/><line number="2083" hits="246" branch="false"/><line number="2084" hits="246" branch="false"/><line number="2088" hits="246" branch="false"/><line number="2090" hits="246" branch="false"/><line number="2092" hits="246" branch="false"/><line number="2094" hits="246" branch="false"/><line number="2095" hits="246" branch="false"/><line number="2097" hits="246" branch="false"/><line number="2099" hits="246" branch="false"/><line number="2100" hits="246" branch="false"/><line number="2102" hits="246" branch="false"/><line number="2104" hits="246" branch="false"/><line number="2106" hits="845" branch="false"/><line number="2109" hits="385" branch="false"/><line number="2111" hits="770" branch="false"/><line number="2112" hits="385" branch="false"/><line number="2115" hits="139" branch="false"/><line number="2117" hits="139" branch="true" condition-coverage="100% (2/2)"><conditions><condition number="0" type="jump" coverage="100%"/></conditions></line><line number="2118" hits="91" branch="true" condition-coverage="100% (2/2)"><conditions><condition number="0" type="jump" coverage="100%"/></conditions></line><line number="2120" hits="64" branch="false"/><line number="2124" hits="27" branch="false"/><line number="2125" hits="27" branch="false"/><line number="2127" hits="27" branch="false"/><line number="2130" hits="27" branch="true" condition-coverage="100% (2/2)"><conditions><condition number="0" type="jump" coverage="100%"/></conditions></line><line number="2131" hits="9" branch="false"/><line number="2132" hits="9" branch="false"/><line number="2134" hits="27" branch="false"/><line number="2137" hits="48" branch="true" condition-coverage="100% (2/2)"><conditions><condition number="0" type="jump" coverage="100%"/></conditions></line><line number="2139" hits="28" branch="false"/><line number="2140" hits="28" branch="false"/><line number="2142" hits="28" branch="false"/><line number="2145" hits="28" branch="true" condition-coverage="100% (2/2)"><conditions><condition number="0" type="jump" coverage="100%"/></conditions></line><line number="2146" hits="9" branch="false"/><line number="2147" hits="9" branch="false"/><line number="2149" hits="28" branch="false"/><line number="2156" hits="20" branch="false"/><line number="2157" hits="20" branch="false"/><line number="2159" hits="20" branch="false"/><line number="2160" hits="139" branch="false"/><line number="2162" hits="8213" branch="false"/><line number="2164" hits="8213" branch="true" condition-coverage="100% (2/2)"><conditions><condition number="0" type="jump" coverage="100%"/></conditions></line><line number="2165" hits="2" branch="false"/><line number="2168" hits="8211" branch="true" condition-coverage="100% (2/2)"><conditions><condition number="0" type="jump" coverage="100%"/></conditions></line><line number="2169" hits="11" branch="false"/><line number="2170" hits="11" branch="false"/><line number="2173" hits="11" branch="true" condition-coverage="100% (2/2)"><conditions><condition number="0" type="jump" coverage="100%"/></conditions></line><line number="2174" hits="6" branch="false"/><line number="2175" hits="6" branch="false"/><line number="2176" hits="6" branch="false"/><line number="2177" hits="6" branch="false"/><line number="2178" hits="6" branch="false"/><line number="2182" hits="20" branch="true" condition-coverage="100% (2/2)"><conditions><condition number="0" type="jump" coverage="100%"/></conditions></line><line number="2183" hits="15" branch="false"/><line number="2184" hits="15" branch="false"/><line number="2185" hits="5" branch="false"/><line number="2186" hits="5" branch="false"/><line number="2187" hits="5" branch="false"/><line number="2189" hits="8205" branch="false"/><line number="2192" hits="29623" branch="true" condition-coverage="100% (2/2)"><conditions><condition number="0" type="jump" coverage="100%"/></conditions></line><line number="2194" hits="21418" branch="false"/><line number="2196" hits="21418" branch="false"/><line number="2199" hits="21418" branch="true" condition-coverage="100% (2/2)"><conditions><condition number="0" type="jump" coverage="100%"/></conditions></line><line number="2200" hits="13213" branch="false"/><line number="2201" hits="13213" branch="false"/><line number="2202" hits="13213" branch="true" condition-coverage="100% (2/2)"><conditions><condition number="0" type="jump" coverage="100%"/></conditions></line><line number="2203" hits="2525" branch="false"/><line number="2204" hits="2525" branch="false"/><line number="2205" hits="13213" branch="false"/><line number="2206" hits="21418" branch="false"/><line number="2208" hits="8205" branch="false"/><line number="2209" hits="8213" branch="false"/><line number="2211" hits="20" branch="false"/><line number="2212" hits="20" branch="false"/><line number="2216" hits="20" branch="true" condition-coverage="100% (2/2)"><conditions><condition number="0" type="jump" coverage="100%"/></conditions></line><line number="2217" hits="2" branch="false"/><line number="2220" hits="18" branch="false"/><line number="2221" hits="20" branch="false"/><line number="2223" hits="8269" branch="false"/><line number="2225" hits="8269" branch="true" condition-coverage="100% (2/2)"><conditions><condition number="0" type="jump" coverage="100%"/></conditions></line><line number="2226" hits="1" branch="false"/><line number="2229" hits="8268" branch="true" condition-coverage="100% (2/2)"><conditions><condition number="0" type="jump" coverage="100%"/></conditions></line><line number="2230" hits="8" branch="false"/><line number="2231" hits="8" branch="false"/><line number="2233" hits="8" branch="false"/><line number="2234" hits="8" branch="false"/><line number="2236" hits="8" branch="false"/><line number="2238" hits="8" branch="false"/><line number="2241" hits="3058" branch="true" condition-coverage="100% (2/2)"><conditions><condition number="0" type="jump" coverage="100%"/></conditions></line><line number="2243" hits="3050" branch="true" condition-coverage="100% (2/2)"><conditions><condition number="0" type="jump" coverage="100%"/></conditions></line><line number="2244" hits="3020" branch="false"/><line number="2245" hits="3050" branch="true" condition-coverage="100% (2/2)"><conditions><condition number="0" type="jump" coverage="100%"/></conditions></line><line number="2246" hits="8" branch="false"/><line number="2247" hits="8" branch="false"/><line number="2248" hits="22" branch="false"/><line number="2250" hits="3050" branch="false"/><line number="2251" hits="8" branch="false"/><line number="2253" hits="8268" branch="false"/><line number="2257" hits="8268" branch="false"/><line number="2258" hits="16536" branch="false"/><line number="2259" hits="8268" branch="false"/><line number="2261" hits="8268" branch="true" condition-coverage="100% (2/2)"><conditions><condition number="0" type="jump" coverage="100%"/></conditions></line><line number="2262" hits="116" branch="false"/><line number="2263" hits="116" branch="false"/><line number="2264" hits="116" branch="false"/><line number="2265" hits="116" branch="false"/><line number="2268" hits="32826" branch="true" condition-coverage="100% (2/2)"><conditions><condition number="0" type="jump" coverage="100%"/></conditions></line><line number="2270" hits="24558" branch="false"/><line number="2273" hits="24558" branch="false"/><line number="2276" hits="24558" branch="true" condition-coverage="100% (2/2)"><conditions><condition number="0" type="jump" coverage="100%"/></conditions></line><line number="2277" hits="16290" branch="false"/><line number="2278" hits="16290" branch="false"/><line number="2279" hits="16290" branch="false"/><line number="2280" hits="16290" branch="true" condition-coverage="100% (2/2)"><conditions><condition number="0" type="jump" coverage="100%"/></conditions></line><line number="2281" hits="2581" branch="false"/><line number="2282" hits="2581" branch="false"/><line number="2283" hits="16290" branch="false"/><line number="2284" hits="24558" branch="false"/><line number="2286" hits="8268" branch="false"/><line number="2287" hits="8269" branch="false"/><line number="2289" hits="18" branch="false"/><line number="2290" hits="18" branch="false"/><line number="2294" hits="18" branch="true" condition-coverage="100% (2/2)"><conditions><condition number="0" type="jump" coverage="100%"/></conditions></line><line number="2295" hits="1" branch="false"/><line number="2298" hits="17" branch="false"/><line number="2299" hits="18" branch="false"/><line number="2305" hits="0" branch="false"/><line number="2306" hits="0" branch="false"/><line number="2309" hits="0" branch="false"/><line number="2313" hits="0" branch="false"/><line number="2315" hits="0" branch="false"/><line number="2318" hits="0" branch="false"/><line number="2321" hits="34" branch="false"/><line number="2322" hits="34" branch="false"/><line number="2325" hits="218" branch="false"/><line number="2329" hits="218" branch="false"/><line number="2331" hits="218" branch="false"/><line number="2332" hits="218" branch="false"/><line number="2334" hits="218" branch="false"/><line number="2337" hits="0" branch="false"/><line number="2339" hits="0" branch="false"/><line number="2341" hits="0" branch="false"/><line number="2343" hits="0" branch="false"/><line number="2344" hits="0" branch="true" condition-coverage="0% (0/2)"><conditions><condition number="0" type="jump" coverage="0%"/></conditions></line><line number="2346" hits="0" branch="false"/><line number="2349" hits="0" branch="false"/><line number="2352" hits="218" branch="false"/><line number="2357" hits="218" branch="true" condition-coverage="100% (2/2)"><conditions><condition number="0" type="jump" coverage="100%"/></conditions></line><line number="2359" hits="147" branch="false"/><line number="2361" hits="147" branch="true" condition-coverage="100% (2/2)"><conditions><condition number="0" type="jump" coverage="100%"/></conditions></line><line number="2362" hits="30" branch="false"/><line number="2364" hits="117" branch="false"/><line number="2369" hits="376" branch="false"/><line number="2370" hits="188" branch="false"/><line number="2372" hits="188" branch="true" condition-coverage="100% (2/2)"><conditions><condition number="0" type="jump" coverage="100%"/></conditions></line><line number="2374" hits="20" branch="false"/><line number="2377" hits="168" branch="true" condition-coverage="100% (2/2)"><conditions><condition number="0" type="jump" coverage="100%"/></conditions></line><line number="2380" hits="70" branch="false"/><line number="2388" hits="98" branch="false"/><line number="2390" hits="98" branch="false"/><line number="2393" hits="8252" branch="false"/><line number="2395" hits="8252" branch="false"/><line number="2397" hits="8252" branch="false"/><line number="2399" hits="8252" branch="true" condition-coverage="100% (2/2)"><conditions><condition number="0" type="jump" coverage="100%"/></conditions></line><line number="2400" hits="98" branch="false"/><line number="2405" hits="98" branch="false"/><line number="2408" hits="5048" branch="false"/><line number="2411" hits="5048" branch="false"/><line number="2413" hits="5048" branch="false"/><line number="2415" hits="5048" branch="false"/><line number="2416" hits="5048" branch="false"/><line number="2421" hits="5048" branch="false"/><line number="2422" hits="5048" branch="false"/><line number="2424" hits="5048" branch="true" condition-coverage="50% (1/2)"><conditions><condition number="0" type="jump" coverage="50%"/></conditions></line><line number="2425" hits="0" branch="false"/><line number="2426" hits="0" branch="false"/><line number="2429" hits="0" branch="false"/><line number="2432" hits="5048" branch="true" condition-coverage="100% (2/2)"><conditions><condition number="0" type="jump" coverage="100%"/></conditions></line><line number="2433" hits="98" branch="false"/><line number="2437" hits="98" branch="false"/><line number="2442" hits="8097" branch="false"/><line number="2444" hits="8097" branch="false"/><line number="2446" hits="8097" branch="false"/><line number="2448" hits="8097" branch="true" condition-coverage="100% (2/2)"><conditions><condition number="0" type="jump" coverage="100%"/></conditions></line><line number="2449" hits="4950" branch="false"/><line number="2454" hits="218" branch="false"/><line number="2456" hits="218" branch="false"/><line number="2459" hits="218" branch="false"/><line number="2460" hits="218" branch="false"/><line number="2463" hits="218" branch="true" condition-coverage="80% (4/5)"><conditions><condition number="0" type="jump" coverage="80%"/></conditions></line><line number="2466" hits="80" branch="false"/><line number="2467" hits="80" branch="false"/><line number="2471" hits="46" branch="false"/><line number="2474" hits="46" branch="true" condition-coverage="100% (2/2)"><conditions><condition number="0" type="jump" coverage="100%"/></conditions></line><line number="2475" hits="14" branch="false"/><line number="2476" hits="14" branch="false"/><line number="2477" hits="46" branch="false"/><line number="2481" hits="46" branch="false"/><line number="2484" hits="46" branch="true" condition-coverage="100% (2/2)"><conditions><condition number="0" type="jump" coverage="100%"/></conditions></line><line number="2485" hits="32" branch="false"/><line number="2486" hits="32" branch="false"/><line number="2487" hits="46" branch="false"/><line number="2491" hits="46" branch="false"/><line number="2493" hits="46" branch="true" condition-coverage="100% (2/2)"><conditions><condition number="0" type="jump" coverage="100%"/></conditions></line><line number="2494" hits="15" branch="false"/><line number="2495" hits="15" branch="false"/><line number="2496" hits="46" branch="false"/><line number="2499" hits="0" branch="false"/><line number="2509" hits="436" branch="false"/><line number="2510" hits="218" branch="false"/><line number="2512" hits="218" branch="true" condition-coverage="100% (2/2)"><conditions><condition number="0" type="jump" coverage="100%"/></conditions></line><line number="2513" hits="65" branch="false"/><line number="2514" hits="65" branch="false"/><line number="2516" hits="153" branch="true" condition-coverage="100% (2/2)"><conditions><condition number="0" type="jump" coverage="100%"/></conditions></line><line number="2526" hits="44" branch="false"/><line number="2528" hits="44" branch="false"/><line number="2530" hits="44" branch="false"/><line number="2531" hits="44" branch="false"/><line number="2532" hits="44" branch="false"/><line number="2534" hits="153" branch="false"/><line number="2537" hits="218" branch="false"/><line number="2541" hits="0" branch="false"/><line number="2547" hits="0" branch="false"/><line number="2549" hits="0" branch="true" condition-coverage="0% (0/4)"><conditions><condition number="0" type="jump" coverage="0%"/></conditions></line><line number="2551" hits="0" branch="false"/><line number="2553" hits="0" branch="false"/><line number="2555" hits="0" branch="false"/><line number="2557" hits="0" branch="false"/><line number="2563" hits="0" branch="false"/><line number="2569" hits="0" branch="false"/><line number="2570" hits="0" branch="false"/><line number="2571" hits="0" branch="false"/><line number="2572" hits="0" branch="false"/><line number="2573" hits="0" branch="false"/><line number="2576" hits="218" branch="false"/><line number="2580" hits="218" branch="true" condition-coverage="50% (1/2)"><conditions><condition number="0" type="jump" coverage="50%"/></conditions></line><line number="2581" hits="0" branch="false"/><line number="2585" hits="218" branch="true" condition-coverage="50% (1/2)"><conditions><condition number="0" type="jump" coverage="50%"/></conditions></line><line number="2586" hits="218" branch="true" condition-coverage="50% (1/2)"><conditions><condition number="0" type="jump" coverage="50%"/></conditions></line><line number="2588" hits="0" branch="false"/><line number="2592" hits="218" branch="false"/><line number="2593" hits="218" branch="false"/><line number="2596" hits="0" branch="true" condition-coverage="0% (0/2)"><conditions><condition number="0" type="jump" coverage="0%"/></conditions></line><line number="2598" hits="0" branch="false"/><line number="2599" hits="0" branch="false"/><line number="2602" hits="0" branch="false"/><line number="2603" hits="0" branch="false"/><line number="2604" hits="218" branch="false"/><line number="2614" hits="0" branch="false"/><line number="2618" hits="0" branch="true" condition-coverage="0% (0/2)"><conditions><condition number="0" type="jump" coverage="0%"/></conditions></line><line number="2619" hits="0" branch="false"/><line number="2620" hits="0" branch="false"/><line number="2621" hits="0" branch="false"/><line number="2623" hits="0" branch="false"/><line number="2627" hits="0" branch="true" condition-coverage="0% (0/2)"><conditions><condition number="0" type="jump" coverage="0%"/></conditions></line><line number="2628" hits="0" branch="false"/><line number="2629" hits="0" branch="false"/><line number="2630" hits="0" branch="false"/><line number="2632" hits="0" branch="false"/><line number="2636" hits="0" branch="true" condition-coverage="0% (0/2)"><conditions><condition number="0" type="jump" coverage="0%"/></conditions></line><line number="2637" hits="0" branch="false"/><line number="2638" hits="0" branch="false"/><line number="2639" hits="0" branch="false"/><line number="2658" hits="0" branch="false"/><line number="2661" hits="0" branch="false"/><line number="2663" hits="0" branch="false"/><line number="2664" hits="0" branch="false"/><line number="2666" hits="0" branch="false"/><line number="2668" hits="0" branch="true" condition-coverage="0% (0/2)"><conditions><condition number="0" type="jump" coverage="0%"/></conditions></line><line number="2669" hits="0" branch="true" condition-coverage="0% (0/2)"><conditions><condition number="0" type="jump" coverage="0%"/></conditions></line><line number="2670" hits="0" branch="false"/><line number="2672" hits="0" branch="false"/><line number="2674" hits="0" branch="true" condition-coverage="0% (0/2)"><conditions><condition number="0" type="jump" coverage="0%"/></conditions></line><line number="2675" hits="0" branch="true" condition-coverage="0% (0/2)"><conditions><condition number="0" type="jump" coverage="0%"/></conditions></line><line number="2676" hits="0" branch="false"/><line number="2678" hits="0" branch="true" condition-coverage="0% (0/4)"><conditions><condition number="0" type="jump" coverage="0%"/></conditions></line><line number="2680" hits="0" branch="false"/><line number="2681" hits="0" branch="false"/><line number="2684" hits="0" branch="false"/><line number="2685" hits="0" branch="false"/><line number="2688" hits="0" branch="false"/><line number="2689" hits="0" branch="false"/><line number="2692" hits="0" branch="false"/><line number="2694" hits="0" branch="false"/><line number="2696" hits="0" branch="true" condition-coverage="0% (0/2)"><conditions><condition number="0" type="jump" coverage="0%"/></conditions></line><line number="2697" hits="0" branch="false"/><line number="2698" hits="0" branch="false"/><line number="2700" hits="0" branch="true" condition-coverage="0% (0/2)"><conditions><condition number="0" type="jump" coverage="0%"/></conditions></line><line number="2701" hits="0" branch="false"/><line number="2702" hits="0" branch="false"/><line number="2704" hits="0" branch="false"/><line number="2776" hits="0" branch="false"/><line number="2779" hits="0" branch="false"/><line number="2782" hits="0" branch="false"/><line number="2792" hits="0" branch="false"/><line number="2795" hits="0" branch="true" condition-coverage="0% (0/2)"><conditions><condition number="0" type="jump" coverage="0%"/></conditions></line><line number="2796" hits="0" branch="true" condition-coverage="0% (0/2)"><conditions><condition number="0" type="jump" coverage="0%"/></conditions></line><line number="2797" hits="0" branch="false"/><line number="2798" hits="0" branch="false"/><line number="2800" hits="0" branch="false"/><line number="2803" hits="0" branch="false"/><line number="2804" hits="0" branch="true" condition-coverage="0% (0/2)"><conditions><condition number="0" type="jump" coverage="0%"/></conditions></line><line number="2806" hits="0" branch="false"/><line number="2807" hits="0" branch="false"/><line number="2809" hits="0" branch="false"/><line number="2814" hits="0" branch="true" condition-coverage="0% (0/5)"><conditions><condition number="0" type="jump" coverage="0%"/></conditions></line><line number="2817" hits="0" branch="false"/><line number="2818" hits="0" branch="false"/><line number="2820" hits="0" branch="true" condition-coverage="0% (0/2)"><conditions><condition number="0" type="jump" coverage="0%"/></conditions></line><line number="2823" hits="0" branch="false"/><line number="2824" hits="0" branch="false"/><line number="2826" hits="0" branch="false"/><line number="2828" hits="0" branch="false"/><line number="2829" hits="0" branch="false"/><line number="2832" hits="0" branch="false"/><line number="2835" hits="0" branch="false"/><line number="2836" hits="0" branch="false"/><line number="2838" hits="0" branch="true" condition-coverage="0% (0/2)"><conditions><condition number="0" type="jump" coverage="0%"/></conditions></line><line number="2841" hits="0" branch="false"/><line number="2842" hits="0" branch="false"/><line number="2844" hits="0" branch="false"/><line number="2846" hits="0" branch="false"/><line number="2847" hits="0" branch="false"/><line number="2850" hits="0" branch="false"/><line number="2853" hits="0" branch="false"/><line number="2854" hits="0" branch="false"/><line number="2856" hits="0" branch="false"/><line number="2857" hits="0" branch="false"/><line number="2859" hits="0" branch="true" condition-coverage="0% (0/2)"><conditions><condition number="0" type="jump" coverage="0%"/></conditions></line><line number="2861" hits="0" branch="true" condition-coverage="0% (0/2)"><conditions><condition number="0" type="jump" coverage="0%"/></conditions></line><line number="2864" hits="0" branch="false"/><line number="2865" hits="0" branch="false"/><line number="2867" hits="0" branch="false"/><line number="2869" hits="0" branch="false"/><line number="2870" hits="0" branc
[...]
lse"/><line number="3480" hits="0" branch="true" condition-coverage="0% (0/2)"><conditions><condition number="0" type="jump" coverage="0%"/></conditions></line><line number="3481" hits="0" branch="false"/><line number="3482" hits="0" branch="false"/><line number="3486" hits="0" branch="true" condition-coverage="0% (0/2)"><conditions><condition number="0" type="jump" coverage="0%"/></conditions></line><line number="3488" hits="0" branch="false"/><line number="3490" hits="0" branch="false"/><line number="3492" hits="0" branch="false"/><line number="3493" hits="0" branch="false"/><line number="3495" hits="0" branch="false"/><line number="3920" hits="0" branch="false"/><line number="3924" hits="0" branch="true" condition-coverage="0% (0/5)"><conditions><condition number="0" type="jump" coverage="0%"/></conditions></line><line number="3927" hits="0" branch="false"/><line number="3929" hits="0" branch="false"/><line number="3930" hits="0" branch="false"/><line number="3932" hits="0" branch="false"/><line number="3935" hits="0" branch="true" condition-coverage="0% (0/2)"><conditions><condition number="0" type="jump" coverage="0%"/></conditions></line><line number="3936" hits="0" branch="false"/><line number="3939" hits="0" branch="false"/><line number="3940" hits="0" branch="false"/><line number="3944" hits="0" branch="true" condition-coverage="0% (0/2)"><conditions><condition number="0" type="jump" coverage="0%"/></conditions></line><line number="3945" hits="0" branch="false"/><line number="3948" hits="0" branch="false"/><line number="3949" hits="0" branch="false"/><line number="3973" hits="0" branch="false"/><line number="3975" hits="0" branch="false"/><line number="3978" hits="0" branch="false"/><line number="3980" hits="0" branch="false"/><line number="3984" hits="0" branch="false"/><line number="3986" hits="0" branch="true" condition-coverage="0% (0/2)"><conditions><condition number="0" type="jump" coverage="0%"/></conditions></line><line number="3987" hits="0" branch="false"/><line number="3990" hits="0" branch="false"/><line number="3992" hits="0" branch="false"/><line number="3993" hits="0" branch="false"/><line number="3997" hits="0" branch="false"/><line number="3999" hits="0" branch="false"/><line number="4000" hits="0" branch="false"/><line number="4003" hits="0" branch="false"/><line number="4004" hits="0" branch="false"/><line number="4007" hits="0" branch="false"/><line number="4008" hits="0" branch="false"/><line number="4011" hits="0" branch="false"/><line number="4013" hits="0" branch="false"/><line number="4017" hits="0" branch="false"/></lines></class></classes></package><package name="src.lib.cpp" line-rate="0.8142857142857143" branch-rate="0.6451612903225806" complexity="0.0"><classes><class name="lib_hpp" filename="src/lib/cpp/lib.hpp" line-rate="0.8142857142857143" branch-rate="0.6451612903225806" complexity="0.0"><methods/><lines><line number="22" hits="8" branch="false"/><line number="23" hits="8" branch="false"/><line number="25" hits="8" branch="false"/><line number="28" hits="20" branch="true" condition-coverage="100% (2/2)"><conditions><condition number="0" type="jump" coverage="100%"/></conditions></line><line number="29" hits="12" branch="false"/><line number="30" hits="24" branch="false"/><line number="31" hits="12" branch="false"/><line number="32" hits="24" branch="false"/><line number="33" hits="12" branch="false"/><line number="34" hits="12" branch="false"/><line number="35" hits="24" branch="false"/><line number="36" hits="12" branch="false"/><line number="37" hits="12" branch="false"/><line number="39" hits="8" branch="false"/><line number="116" hits="2" branch="false"/><line number="117" hits="2" branch="false"/><line number="119" hits="4" branch="false"/><line number="120" hits="4" branch="false"/><line number="121" hits="4" branch="false"/><line number="122" hits="2" branch="false"/><line number="123" hits="2" branch="false"/><line number="124" hits="2" branch="false"/><line number="129" hits="29" branch="false"/><line number="131" hits="150" branch="false"/><line number="132" hits="150" branch="false"/><line number="133" hits="29" branch="false"/><line number="134" hits="58" branch="false"/><line number="135" hits="29" branch="false"/><line number="136" hits="29" branch="false"/><line number="159" hits="15" branch="false"/><line number="161" hits="30" branch="false"/><line number="163" hits="15" branch="false"/><line number="165" hits="15" branch="false"/><line number="166" hits="15" branch="false"/><line number="167" hits="15" branch="false"/><line number="169" hits="15" branch="false"/><line number="176" hits="15" branch="false"/><line number="178" hits="62" branch="true" condition-coverage="100% (4/4)"><conditions><condition number="0" type="jump" coverage="100%"/></conditions></line><line number="179" hits="47" branch="false"/><line number="180" hits="47" branch="false"/><line number="181" hits="47" branch="false"/><line number="183" hits="15" branch="false"/><line number="184" hits="15" branch="false"/><line number="277" hits="8" branch="false"/><line number="278" hits="8" branch="false"/><line number="288" hits="18" branch="false"/><line number="289" hits="18" branch="false"/><line number="290" hits="18" branch="false"/><line number="292" hits="18" branch="false"/><line number="293" hits="18" branch="false"/><line number="294" hits="18" branch="false"/><line number="296" hits="18" branch="true" condition-coverage="100% (2/2)"><conditions><condition number="0" type="jump" coverage="100%"/></conditions></line><line number="297" hits="8" branch="false"/><line number="298" hits="8" branch="false"/><line number="299" hits="8" branch="false"/><line number="300" hits="8" branch="false"/><line number="302" hits="18" branch="false"/><line number="303" hits="18" branch="false"/><line number="305" hits="18" branch="false"/><line number="306" hits="18" branch="true" condition-coverage="50% (1/2)"><conditions><condition number="0" type="jump" coverage="50%"/></conditions></line><line number="308" hits="4" branch="false"/><line number="309" hits="4" branch="false"/><line number="311" hits="5" branch="false"/><line number="312" hits="5" branch="false"/><line number="314" hits="18" branch="false"/><line number="315" hits="18" branch="false"/><line number="318" hits="18" branch="false"/><line number="319" hits="18" branch="false"/><line number="322" hits="18" branch="false"/><line number="323" hits="18" branch="true" condition-coverage="100% (2/2)"><conditions><condition number="0" type="jump" coverage="100%"/></conditions></line><line number="324" hits="8" branch="false"/><line number="327" hits="10" branch="false"/><line number="328" hits="18" branch="false"/><line number="330" hits="1778" branch="false"/><line number="332" hits="1778" branch="false"/><line number="333" hits="1778" branch="false"/><line number="334" hits="1778" branch="false"/><line number="336" hits="167" branch="false"/><line number="337" hits="167" branch="false"/><line number="338" hits="167" branch="false"/><line number="340" hits="232" branch="false"/><line number="341" hits="232" branch="false"/><line number="342" hits="232" branch="false"/><line number="344" hits="1" branch="false"/><line number="346" hits="2" branch="false"/><line number="347" hits="1" branch="false"/><line number="348" hits="1" branch="false"/><line number="349" hits="1" branch="false"/><line number="352" hits="406" branch="false"/><line number="354" hits="406" branch="false"/><line number="356" hits="406" branch="true" condition-coverage="75% (3/4)"><conditions><condition number="0" type="jump" coverage="75%"/></conditions></line><line number="357" hits="9" branch="true" condition-coverage="50% (1/2)"><conditions><condition number="0" type="jump" coverage="50%"/></conditions></line><line number="359" hits="9" branch="false"/><line number="362" hits="397" branch="false"/><line number="363" hits="397" branch="false"/><line number="365" hits="406" branch="false"/><line number="367" hits="2" branch="false"/><line number="368" hits="2" branch="false"/><line number="370" hits="2" branch="true" condition-coverage="100% (2/2)"><conditions><condition number="0" type="jump" coverage="100%"/></conditions></line><line number="371" hits="1" branch="true" condition-coverage="50% (1/2)"><conditions><condition number="0" type="jump" coverage="50%"/></conditions></line><line number="374" hits="1" branch="true" condition-coverage="50% (1/2)"><conditions><condition number="0" type="jump" coverage="50%"/></conditions></line><line number="375" hits="2" branch="false"/><line number="377" hits="5848" branch="false"/><line number="378" hits="5848" branch="true" condition-coverage="100% (2/2)"><conditions><condition number="0" type="jump" coverage="100%"/></conditions></line><line number="379" hits="2224" branch="true" condition-coverage="50% (1/2)"><conditions><condition number="0" type="jump" coverage="50%"/></conditions></line><line number="380" hits="2224" branch="false"/><line number="381" hits="5848" branch="false"/><line number="383" hits="3623" branch="false"/><line number="385" hits="3623" branch="false"/><line number="386" hits="3623" branch="false"/><line number="387" hits="3623" branch="false"/><line number="389" hits="1" branch="false"/><line number="391" hits="1" branch="true" condition-coverage="50% (1/2)"><conditions><condition number="0" type="jump" coverage="50%"/></conditions></line><line number="392" hits="1" branch="false"/><line number="393" hits="1" branch="false"/><line number="394" hits="1" branch="false"/><line number="396" hits="1" branch="false"/><line number="397" hits="1" branch="false"/><line number="398" hits="1" branch="false"/><line number="399" hits="1" branch="false"/><line number="403" hits="1" branch="false"/><line number="404" hits="1" branch="false"/><line number="407" hits="16876" branch="false"/><line number="408" hits="16876" branch="false"/><line number="412" hits="121" branch="false"/><line number="413" hits="121" branch="false"/><line number="415" hits="121" branch="true" condition-coverage="100% (2/2)"><conditions><condition number="0" type="jump" coverage="100%"/></conditions></line><line number="416" hits="25" branch="false"/><line number="419" hits="96" branch="true" condition-coverage="100% (2/2)"><conditions><condition number="0" type="jump" coverage="100%"/></conditions></line><line number="420" hits="121" branch="false"/><line number="422" hits="182" branch="false"/><line number="423" hits="182" branch="false"/><line number="426" hits="60" branch="false"/><line number="427" hits="60" branch="false"/><line number="430" hits="22" branch="false"/><line number="431" hits="22" branch="false"/><line number="434" hits="22" branch="false"/><line number="435" hits="22" branch="false"/><line number="438" hits="22" branch="false"/><line number="439" hits="22" branch="false"/><line number="442" hits="33" branch="false"/><line number="443" hits="33" branch="false"/><line number="446" hits="133" branch="false"/><line number="448" hits="133" branch="false"/><line number="450" hits="133" branch="false"/><line number="453" hits="134" branch="false"/><line number="454" hits="134" branch="false"/><line number="456" hits="134" branch="false"/><line number="459" hits="139" branch="false"/><line number="460" hits="139" branch="false"/><line number="462" hits="139" branch="false"/><line number="465" hits="0" branch="false"/><line number="466" hits="0" branch="false"/><line number="468" hits="0" branch="false"/><line number="471" hits="34" branch="false"/><line number="472" hits="34" branch="false"/><line number="474" hits="34" branch="false"/><line number="477" hits="184" branch="false"/><line number="478" hits="184" branch="false"/><line number="480" hits="184" branch="false"/><line number="483" hits="0" branch="false"/><line number="485" hits="0" branch="false"/><line number="486" hits="0" branch="true" condition-coverage="0% (0/2)"><conditions><condition number="0" type="jump" coverage="0%"/></conditions></line><line number="487" hits="0" branch="false"/><line number="489" hits="28" branch="false"/><line number="490" hits="28" branch="false"/><line number="491" hits="28" branch="false"/><line number="494" hits="0" branch="false"/><line number="495" hits="0" branch="false"/><line number="497" hits="0" branch="false"/><line number="499" hits="0" branch="false"/><line number="502" hits="0" branch="false"/><line number="503" hits="0" branch="false"/><line number="505" hits="0" branch="false"/><line number="507" hits="0" branch="false"/><line number="509" hits="0" branch="false"/><line number="512" hits="0" branch="false"/><line number="513" hits="0" branch="false"/><line number="515" hits="0" branch="false"/><line number="517" hits="0" branch="false"/><line number="519" hits="0" branch="false"/><line number="522" hits="0" branch="false"/><line number="523" hits="0" branch="false"/><line number="525" hits="0" branch="false"/><line number="527" hits="0" branch="false"/><line number="529" hits="0" branch="false"/><line number="532" hits="0" branch="false"/><line number="533" hits="0" branch="false"/><line number="535" hits="0" branch="false"/><line number="537" hits="0" branch="false"/><line number="539" hits="0" branch="false"/><line number="542" hits="0" branch="false"/><line number="543" hits="0" branch="false"/><line number="545" hits="0" branch="false"/><line number="547" hits="0" branch="false"/><line number="549" hits="0" branch="false"/><line number="552" hits="0" branch="false"/><line number="554" hits="0" branch="false"/><line number="555" hits="0" branch="true" condition-coverage="0% (0/2)"><conditions><condition number="0" type="jump" coverage="0%"/></conditions></line><line number="556" hits="0" branch="false"/><line number="558" hits="480" branch="false"/><line number="559" hits="480" branch="false"/><line number="561" hits="480" branch="false"/><line number="563" hits="480" branch="false"/><line number="565" hits="480" branch="false"/><line number="567" hits="480" branch="true" condition-coverage="100% (2/2)"><conditions><condition number="0" type="jump" coverage="100%"/></conditions></line><line number="569" hits="160" branch="false"/><line number="571" hits="160" branch="false"/><line number="572" hits="160" branch="true" condition-coverage="50% (1/2)"><conditions><condition number="0" type="jump" coverage="50%"/></conditions></line><line number="574" hits="480" branch="true" condition-coverage="100% (2/2)"><conditions><condition number="0" type="jump" coverage="100%"/></conditions></line><line number="575" hits="160" branch="false"/><line number="576" hits="160" branch="true" condition-coverage="50% (1/2)"><conditions><condition number="0" type="jump" coverage="50%"/></conditions></line><line number="577" hits="160" branch="false"/><line number="578" hits="160" branch="false"/><line number="579" hits="160" branch="true" condition-coverage="50% (1/2)"><conditions><condition number="0" type="jump" coverage="50%"/></conditions></line><line number="580" hits="160" branch="false"/><line number="582" hits="480" branch="false"/><line number="583" hits="0" branch="false"/><line number="585" hits="0" branch="false"/><line number="587" hits="0" branch="false"/><line number="588" hits="0" branch="false"/><line number="589" hits="0" branch="true" condition-coverage="0% (0/2)"><conditions><condition number="0" type="jump" coverage="0%"/></conditions></line><line number="590" hits="0" branch="false"/><line number="592" hits="15" branch="false"/><line number="593" hits="15" branch="false"/><line number="595" hits="15" branch="false"/><line number="597" hits="15" branch="false"/><line number="600" hits="20" branch="false"/><line number="601" hits="20" branch="false"/><line number="603" hits="20" branch="false"/><line number="605" hits="20" branch="false"/><line number="608" hits="0" branch="false"/><line number="609" hits="0" branch="false"/><line number="611" hits="0" branch="false"/><line number="614" hits="0" branch="false"/><line number="615" hits="0" branch="false"/><line number="617" hits="0" branch="false"/><line number="620" hits="12" branch="false"/><line number="621" hits="12" branch="false"/><line number="623" hits="12" branch="false"/><line number="626" hits="14" branch="false"/><line number="627" hits="14" branch="false"/><line number="629" hits="14" branch="false"/><line number="632" hits="12" branch="false"/><line number="633" hits="12" branch="false"/><line number="635" hits="12" branch="false"/><line number="637" hits="12" branch="false"/><line number="640" hits="13" branch="false"/><line number="641" hits="13" branch="false"/><line number="643" hits="13" branch="false"/><line number="645" hits="13" branch="false"/><line number="648" hits="332" branch="false"/><line number="649" hits="332" branch="false"/><line number="650" hits="332" branch="true" condition-coverage="50% (1/2)"><conditions><condition number="0" type="jump" coverage="50%"/></conditions></line><line number="651" hits="332" branch="false"/><line number="652" hits="332" branch="false"/><line number="653" hits="332" branch="true" condition-coverage="50% (1/2)"><conditions><condition number="0" type="jump" coverage="50%"/></conditions></line><line number="655" hits="369" branch="false"/><line number="657" hits="369" branch="false"/><line number="658" hits="369" branch="true" condition-coverage="50% (1/2)"><conditions><condition number="0" type="jump" coverage="50%"/></conditions></line><line number="659" hits="369" branch="false"/><line number="660" hits="369" branch="false"/><line number="661" hits="369" branch="true" condition-coverage="50% (1/2)"><conditions><condition number="0" type="jump" coverage="50%"/></conditions></line><line number="663" hits="344" branch="false"/><line number="665" hits="344" branch="false"/><line number="666" hits="344" branch="true" condition-coverage="50% (1/2)"><conditions><condition number="0" type="jump" coverage="50%"/></conditions></line><line number="667" hits="344" branch="false"/><line number="668" hits="344" branch="false"/><line number="669" hits="344" branch="true" condition-coverage="50% (1/2)"><conditions><condition number="0" type="jump" coverage="50%"/></conditions></line><line number="671" hits="1" branch="false"/><line number="672" hits="1" branch="false"/><line number="675" hits="8" branch="false"/><line number="676" hits="8" branch="false"/><line number="679" hits="697" branch="false"/><line number="680" hits="697" branch="false"/><line number="682" hits="697" branch="false"/><line number="685" hits="15" branch="false"/><line number="686" hits="15" branch="false"/><line number="689" hits="1" branch="false"/><line number="690" hits="1" branch="false"/></lines></class></classes></package><package name="src.utils" line-rate="0.0" branch-rate="0.0" complexity="0.0"><classes><class name="features_c" filename="src/utils/features.c" line-rate="0.0" branch-rate="0.0" complexity="0.0"><methods/><lines><line number="21" hits="0" branch="false"/><line number="25" hits="0" branch="false"/><line number="60" hits="0" branch="false"/><line number="63" hits="0" branch="true" condition-coverage="0% (0/2)"><conditions><condition number="0" type="jump" coverage="0%"/></conditions></line><line number="64" hits="0" branch="false"/><line number="72" hits="0" branch="true" condition-coverage="0% (0/2)"><conditions><condition number="0" type="jump" coverage="0%"/></conditions></line><line number="73" hits="0" branch="false"/><line number="87" hits="0" branch="false"/><line number="122" hits="0" branch="false"/><line number="126" hits="0" branch="false"/><line number="128" hits="0" branch="true" condition-coverage="0% (0/2)"><conditions><condition number="0" type="jump" coverage="0%"/></conditions></line><line number="129" hits="0" branch="false"/><line number="132" hits="0" branch="false"/><line number="134" hits="0" branch="false"/><line number="135" hits="0" branch="false"/></lines></class></classes></package></packages></coverage>