<?xml version='1.0' encoding='UTF-8'?>
<!DOCTYPE coverage SYSTEM 'http://cobertura.sourceforge.net/xml/coverage-04.dtd'>
<coverage line-rate="0.673773987206823" branch-rate="0.6741741741741741" lines-covered="1264" lines-valid="1876" branches-covered="449" branches-valid="666" complexity="0.0" timestamp="1762972646" version="gcovr 7.0"><sources><source>..</source></sources><packages><package name="src.lib" line-rate="0.6554993678887484" branch-rate="0.6839464882943144" complexity="0.0"><classes><class name="lib_c" filename="src/lib/lib.c" line-rate="0.6554993678887484" branch-rate="0.6839464882943144" complexity="0.0"><methods/><lines><line number="24" hits="812" branch="false"/><line number="25" hits="812" branch="false"/><line number="28" hits="397" branch="false"/><line number="29" hits="397" branch="false"/><line number="31" hits="397" branch="false"/><line number="35" hits="9" branch="false"/><line number="36" hits="9" branch="false"/><line number="38" hits="9" branch="false"/><line number="45" hits="32252" branch="false"/><line number="47" hits="32252" branch="false"/><line number="48" hits="32252" branch="false"/><line number="50" hits="32252" branch="false"/><line number="55" hits="32252" branch="false"/><line number="56" hits="32252" branch="false"/><line number="58" hits="961" branch="false"/><line number="60" hits="961" branch="false"/><line number="62" hits="961" branch="false"/><line number="64" hits="961" branch="false"/><line number="66" hits="961" branch="false"/><line number="69" hits="792" branch="false"/><line number="70" hits="792" branch="false"/><line number="73" hits="24967" branch="false"/><line number="74" hits="24967" branch="true" condition-coverage="100% (2/2)"><conditions><condition number="0" type="jump" coverage="100%"/></conditions></line><line number="85" hits="735" branch="false"/><line number="86" hits="735" branch="true" condition-coverage="100% (2/2)"><conditions><condition number="0" type="jump" coverage="100%"/></conditions></line><line number="87" hits="732" branch="false"/><line number="88" hits="732" branch="false"/><line number="89" hits="735" branch="false"/><line number="96" hits="21171" branch="false"/><line number="98" hits="21171" branch="true" condition-coverage="100% (2/2)"><conditions><condition number="0" type="jump" coverage="100%"/></conditions></line><line number="99" hits="1440" branch="false"/><line number="100" hits="1440" branch="true" condition-coverage="100% (2/2)"><conditions><condition number="0" type="jump" coverage="100%"/></conditions></line><line number="102" hits="1440" branch="false"/><line number="103" hits="1440" branch="false"/><line number="105" hits="1440" branch="false"/><line number="110" hits="1440" branch="false"/><line number="111" hits="1440" branch="false"/><line number="112" hits="1440" branch="false"/><line number="114" hits="21171" branch="false"/><line number="116" hits="21171" branch="false"/><line number="117" hits="21171" branch="false"/><line number="124" hits="398" branch="false"/><line number="128" hits="398" branch="false"/><line number="134" hits="398" branch="false"/><line number="136" hits="398" branch="false"/><line number="138" hits="398" branch="false"/><line number="143" hits="50470" branch="true" condition-coverage="100% (2/2)"><conditions><condition number="0" type="jump" coverage="100%"/></conditions></line><line number="150" hits="50072" branch="true" condition-coverage="100% (2/2)"><conditions><condition number="0" type="jump" coverage="100%"/></conditions></line><line number="151" hits="1078" branch="false"/><line number="152" hits="1078" branch="false"/><line number="153" hits="1078" branch="false"/><line number="154" hits="1078" branch="false"/><line number="157" hits="324048" branch="true" condition-coverage="100% (2/2)"><conditions><condition number="0" type="jump" coverage="100%"/></conditions></line><line number="158" hits="273976" branch="false"/><line number="160" hits="273976" branch="true" condition-coverage="100% (2/2)"><conditions><condition number="0" type="jump" coverage="100%"/></conditions></line><line number="161" hits="50072" branch="false"/><line number="163" hits="50072" branch="false"/><line number="164" hits="223904" branch="true" condition-coverage="100% (2/2)"><conditions><condition number="0" type="jump" coverage="100%"/></conditions></line><line number="165" hits="111886" branch="false"/><line number="166" hits="111886" branch="false"/><line number="167" hits="111886" branch="false"/><line number="170" hits="273976" branch="false"/><line number="171" hits="273976" branch="false"/><line number="174" hits="50072" branch="false"/><line number="175" hits="50072" branch="true" condition-coverage="100% (2/2)"><conditions><condition number="0" type="jump" coverage="100%"/></conditions></line><line number="176" hits="20239" branch="false"/><line number="177" hits="20239" branch="false"/><line number="178" hits="20239" branch="false"/><line number="184" hits="4032048" branch="true" condition-coverage="100% (2/2)"><conditions><condition number="0" type="jump" coverage="100%"/></conditions></line><line number="185" hits="3981976" branch="false"/><line number="187" hits="3981976" branch="true" condition-coverage="100% (2/2)"><conditions><condition number="0" type="jump" coverage="100%"/></conditions></line><line number="190" hits="50072" branch="false"/><line number="191" hits="3931904" branch="true" condition-coverage="100% (2/2)"><conditions><condition number="0" type="jump" coverage="100%"/></conditions></line><line number="192" hits="1621158" branch="false"/><line number="193" hits="1621158" branch="false"/><line number="194" hits="1621158" branch="false"/><line number="195" hits="1621158" branch="false"/><line number="198" hits="3981976" branch="false"/><line number="199" hits="3981976" branch="false"/><line number="205" hits="4032048" branch="true" condition-coverage="100% (2/2)"><conditions><condition number="0" type="jump" coverage="100%"/></conditions></line><line number="209" hits="3981976" branch="false"/><line number="211" hits="3981976" branch="true" condition-coverage="100% (2/2)"><conditions><condition number="0" type="jump" coverage="100%"/></conditions></line><line number="212" hits="1621158" branch="false"/><line number="213" hits="1621158" branch="false"/><line number="214" hits="3981976" branch="false"/><line number="217" hits="50072" branch="false"/><line number="221" hits="50072" branch="true" condition-coverage="100% (2/2)"><conditions><condition number="0" type="jump" coverage="100%"/></conditions></line><line number="222" hits="12518" branch="false"/><line number="223" hits="12518" branch="false"/><line number="228" hits="398" branch="false"/><line number="229" hits="398" branch="false"/><line number="237" hits="398" branch="false"/><line number="239" hits="398" branch="false"/><line number="241" hits="398" branch="true" condition-coverage="100% (2/2)"><conditions><condition number="0" type="jump" coverage="100%"/></conditions></line><line number="244" hits="1444" branch="true" condition-coverage="100% (2/2)"><conditions><condition number="0" type="jump" coverage="100%"/></conditions></line><line number="245" hits="1048" branch="false"/><line number="246" hits="1048" branch="false"/><line number="248" hits="1048" branch="true" condition-coverage="100% (2/2)"><conditions><condition number="0" type="jump" coverage="100%"/></conditions></line><line number="250" hits="396" branch="false"/><line number="251" hits="396" branch="false"/><line number="252" hits="652" branch="false"/><line number="255" hits="1048" branch="false"/><line number="256" hits="1048" branch="false"/><line number="257" hits="396" branch="false"/><line number="261" hits="1476" branch="true" condition-coverage="100% (2/2)"><conditions><condition number="0" type="jump" coverage="100%"/></conditions></line><line number="262" hits="1078" branch="false"/><line number="263" hits="1078" branch="false"/><line number="267" hits="398" branch="false"/><line number="268" hits="398" branch="false"/><line number="270" hits="8634" branch="false"/><line number="271" hits="8634" branch="false"/><line number="276" hits="8634" branch="true" condition-coverage="100% (2/2)"><conditions><condition number="0" type="jump" coverage="100%"/></conditions></line><line number="277" hits="2294" branch="true" condition-coverage="100% (2/2)"><conditions><condition number="0" type="jump" coverage="100%"/></conditions></line><line number="278" hits="87" branch="false"/><line number="279" hits="87" branch="false"/><line number="281" hits="2294" branch="false"/><line number="284" hits="6625" branch="true" condition-coverage="100% (2/2)"><conditions><condition number="0" type="jump" coverage="100%"/></conditions></line><line number="285" hits="6580" branch="true" condition-coverage="100% (2/2)"><conditions><condition number="0" type="jump" coverage="100%"/></conditions></line><line number="286" hits="285" branch="false"/><line number="287" hits="285" branch="false"/><line number="288" hits="6295" branch="false"/><line number="290" hits="285" branch="false"/><line number="292" hits="6340" branch="true" condition-coverage="100% (2/2)"><conditions><condition number="0" type="jump" coverage="100%"/></conditions></line><line number="293" hits="2" branch="false"/><line number="294" hits="2" branch="false"/><line number="296" hits="6340" branch="false"/><line number="297" hits="8634" branch="false"/><line number="299" hits="15316" branch="false"/><line number="300" hits="15316" branch="false"/><line number="305" hits="15316" branch="true" condition-coverage="100% (2/2)"><conditions><condition number="0" type="jump" coverage="100%"/></conditions></line><line number="306" hits="2141" branch="true" condition-coverage="100% (2/2)"><conditions><condition number="0" type="jump" coverage="100%"/></conditions></line><line number="307" hits="8" branch="false"/><line number="309" hits="8" branch="false"/><line number="311" hits="2141" branch="false"/><line number="314" hits="20250" branch="true" condition-coverage="100% (2/2)"><conditions><condition number="0" type="jump" coverage="100%"/></conditions></line><line number="315" hits="18261" branch="true" condition-coverage="100% (2/2)"><conditions><condition number="0" type="jump" coverage="100%"/></conditions></line><line number="316" hits="7075" branch="false"/><line number="317" hits="7075" branch="false"/><line number="318" hits="11186" branch="false"/><line number="320" hits="7075" branch="false"/><line number="322" hits="13175" branch="true" condition-coverage="100% (2/2)"><conditions><condition number="0" type="jump" coverage="100%"/></conditions></line><line number="323" hits="6" branch="false"/><line number="324" hits="6" branch="false"/><line number="326" hits="13175" branch="false"/><line number="327" hits="15316" branch="false"/><line number="329" hits="12566" branch="false"/><line number="330" hits="12566" branch="true" condition-coverage="100% (2/2)"><conditions><condition number="0" type="jump" coverage="100%"/></conditions></line><line number="333" hits="12532" branch="false"/><line number="334" hits="12532" branch="false"/><line number="337" hits="8639" branch="false"/><line number="339" hits="8639" branch="false"/><line number="341" hits="8639" branch="false"/><line number="344" hits="8849" branch="false"/><line number="346" hits="8849" branch="false"/><line number="348" hits="8849" branch="true" condition-coverage="100% (2/2)"><conditions><condition number="0" type="jump" coverage="100%"/></conditions></line><line number="349" hits="4481" branch="false"/><line number="352" hits="4368" branch="true" condition-coverage="100% (2/2)"><conditions><condition number="0" type="jump" coverage="100%"/></conditions></line><line number="353" hits="2224" branch="false"/><line number="357" hits="2144" branch="false"/><line number="359" hits="8849" branch="false"/><line number="361" hits="34" branch="false"/><line number="363" hits="34" branch="true" condition-coverage="100% (6/6)"><conditions><condition number="0" type="jump" coverage="100%"/></conditions></line><line number="368" hits="406" branch="false"/><line number="370" hits="406" branch="false"/><line number="372" hits="406" branch="false"/><line number="376" hits="406" branch="true" condition-coverage="100% (2/2)"><conditions><condition number="0" type="jump" coverage="100%"/></conditions></line><line number="377" hits="1" branch="false"/><line number="378" hits="2" branch="false"/><line number="379" hits="1" branch="false"/><line number="386" hits="405" branch="false"/><line number="388" hits="405" branch="true" condition-coverage="100% (2/2)"><conditions><condition number="0" type="jump" coverage="100%"/></conditions></line><line number="389" hits="91" branch="false"/><line number="390" hits="91" branch="false"/><line number="392" hits="91" branch="true" condition-coverage="100% (2/2)"><conditions><condition number="0" type="jump" coverage="100%"/></conditions></line><line number="393" hits="1" branch="false"/><line number="394" hits="2" branch="false"/><line number="395" hits="1" branch="false"/><line number="402" hits="404" branch="true" condition-coverage="100% (2/2)"><conditions><condition number="0" type="jump" coverage="100%"/></conditions></line><line number="403" hits="156" branch="false"/><line number="404" hits="156" branch="false"/><line number="406" hits="156" branch="true" condition-coverage="100% (2/2)"><conditions><condition number="0" type="jump" coverage="100%"/></conditions></line><line number="407" hits="1" branch="false"/><line number="408" hits="2" branch="false"/><line number="409" hits="1" branch="false"/><line number="415" hits="155" branch="false"/><line number="416" hits="158" branch="false"/><line number="419" hits="403" branch="false"/><line number="421" hits="403" branch="false"/><line number="423" hits="12964" branch="true" condition-coverage="100% (2/2)"><conditions><condition number="0" type="jump" coverage="100%"/></conditions></line><line number="424" hits="12566" branch="false"/><line number="426" hits="12566" branch="true" condition-coverage="100% (2/2)"><conditions><condition number="0" type="jump" coverage="100%"/></conditions></line><line number="427" hits="12532" branch="false"/><line number="428" hits="12566" branch="true" condition-coverage="100% (2/2)"><conditions><condition number="0" type="jump" coverage="100%"/></conditions></line><line number="429" hits="30" branch="true" condition-coverage="100% (2/2)"><conditions><condition number="0" type="jump" coverage="100%"/></conditions></line><line number="431" hits="1" branch="false"/><line number="432" hits="1" branch="false"/><line number="433" hits="1" branch="false"/><line number="434" hits="1" branch="false"/><line number="435" hits="3" branch="false"/><line number="437" hits="1" branch="false"/><line number="438" hits="1" branch="false"/><line number="442" hits="29" branch="false"/><line number="444" hits="4" branch="false"/><line number="445" hits="4" branch="false"/><line number="446" hits="8" branch="false"/><line number="447" hits="12" branch="false"/><line number="449" hits="4" branch="false"/><line number="450" hits="4" branch="false"/><line number="454" hits="12532" branch="true" condition-coverage="100% (2/2)"><conditions><condition number="0" type="jump" coverage="100%"/></conditions></line><line number="455" hits="400" branch="false"/><line number="456" hits="400" branch="false"/><line number="457" hits="12532" branch="false"/><line number="459" hits="398" branch="false"/><line number="461" hits="398" branch="false"/><line number="463" hits="398" branch="true" condition-coverage="100% (2/2)"><conditions><condition number="0" type="jump" coverage="100%"/></conditions></line><line number="464" hits="84" branch="true" condition-coverage="100% (2/2)"><conditions><condition number="0" type="jump" coverage="100%"/></conditions></line><line number="465" hits="1" branch="false"/><line number="466" hits="2" branch="false"/><line number="467" hits="2" branch="false"/><line number="469" hits="1" branch="false"/><line number="473" hits="83" branch="false"/><line number="475" hits="397" branch="false"/><line number="477" hits="397" branch="false"/><line number="478" hits="406" branch="false"/><line number="480" hits="169" branch="false"/><line number="481" hits="169" branch="false"/><line number="483" hits="169" branch="false"/><line number="486" hits="232" branch="false"/><line number="487" hits="232" branch="false"/><line number="489" hits="232" branch="true" condition-coverage="100% (2/2)"><conditions><condition number="0" type="jump" coverage="100%"/></conditions></line><line number="490" hits="181" branch="false"/><line number="492" hits="181" branch="true" condition-coverage="100% (2/2)"><conditions><condition number="0" type="jump" coverage="100%"/></conditions></line><line number="493" hits="1" branch="false"/><line number="494" hits="1" branch="false"/><line number="495" hits="180" branch="false"/><line number="497" hits="181" branch="false"/><line number="498" hits="51" branch="false"/><line number="499" hits="51" branch="false"/><line number="502" hits="232" branch="false"/><line number="505" hits="2382" branch="false"/><line number="507" hits="4764" branch="false"/><line number="509" hits="2382" branch="false"/><line number="511" hits="2382" branch="true" condition-coverage="50% (1/2)"><conditions><condition number="0" type="jump" coverage="50%"/></conditions></line><line number="512" hits="0" branch="false"/><line number="515" hits="2382" branch="false"/><line number="517" hits="4764" branch="false"/><line number="518" hits="2382" branch="false"/><line number="520" hits="2382" branch="false"/><line number="521" hits="2382" branch="false"/><line number="523" hits="32" branch="false"/><line number="526" hits="32" branch="false"/><line number="528" hits="32" branch="false"/><line number="530" hits="188" branch="true" condition-coverage="100% (2/2)"><conditions><condition number="0" type="jump" coverage="100%"/></conditions></line><line number="531" hits="156" branch="false"/><line number="532" hits="156" branch="false"/><line number="534" hits="32" branch="false"/><line number="536" hits="32" branch="false"/><line number="539" hits="2966" branch="false"/><line number="540" hits="2966" branch="true" condition-coverage="100% (2/2)"><conditions><condition number="0" type="jump" coverage="100%"/></conditions></line><line number="541" hits="1" branch="false"/><line number="544" hits="2965" branch="true" condition-coverage="100% (2/2)"><conditions><condition number="0" type="jump" coverage="100%"/></conditions></line><line number="545" hits="2964" branch="false"/><line number="546" hits="2964" branch="false"/><line number="547" hits="2964" branch="false"/><line number="548" hits="2966" branch="false"/><line number="550" hits="8080" branch="false"/><line number="551" hits="8080" branch="true" condition-coverage="100% (2/2)"><conditions><condition number="0" type="jump" coverage="100%"/></conditions></line><line number="552" hits="8079" branch="false"/><line number="553" hits="8079" branch="false"/><line number="554" hits="8080" branch="false"/><line number="556" hits="757" branch="false"/><line number="557" hits="757" branch="false"/><line number="566" hits="8960" branch="false"/><line number="568" hits="8960" branch="false"/><line number="569" hits="8960" branch="false"/><line number="571" hits="294788" branch="true" condition-coverage="100% (2/2)"><conditions><condition number="0" type="jump" coverage="100%"/></conditions></line><line number="572" hits="285828" branch="false"/><line number="573" hits="285828" branch="false"/><line number="576" hits="8960" branch="false"/><line number="579" hits="332" branch="false"/><line number="584" hits="332" branch="false"/><line number="590" hits="517" branch="true" condition-coverage="100% (2/2)"><conditions><condition number="0" type="jump" coverage="100%"/></conditions></line><line number="591" hits="185" branch="false"/><line number="592" hits="185" branch="false"/><line number="594" hits="185" branch="false"/><line number="595" hits="185" branch="false"/><line number="598" hits="332" branch="false"/><line number="599" hits="332" branch="false"/><line number="603" hits="332" branch="true" condition-coverage="100% (2/2)"><conditions><condition number="0" type="jump" coverage="100%"/></conditions></line><line number="604" hits="32" branch="false"/><line number="605" hits="32" branch="false"/><line number="608" hits="332" branch="false"/><line number="611" hits="332" branch="false"/><line number="613" hits="332" branch="false"/><line number="614" hits="332" branch="false"/><line number="615" hits="332" branch="false"/><line number="617" hits="28421" branch="true" condition-coverage="100% (2/2)"><conditions><condition number="0" type="jump" coverage="100%"/></conditions></line><line number="621" hits="1019111" branch="true" condition-coverage="100% (2/2)"><conditions><condition number="0" type="jump" coverage="100%"/></conditions></line><line number="625" hits="991022" branch="false"/><line number="627" hits="991022" branch="true" condition-coverage="100% (2/2)"><conditions><condition number="0" type="jump" coverage="100%"/></conditions></line><line number="628" hits="490174" branch="false"/><line number="629" hits="490174" branch="false"/><line number="630" hits="991022" branch="false"/><line number="642" hits="28089" branch="false"/><line number="647" hits="28089" branch="true" condition-coverage="100% (2/2)"><conditions><condition number="0" type="jump" coverage="100%"/></conditions></line><line number="648" hits="332" branch="false"/><line number="649" hits="332" branch="false"/><line number="651" hits="27757" branch="false"/><line number="652" hits="27757" branch="false"/><line number="653" hits="27757" branch="false"/><line number="654" hits="27757" branch="true" condition-coverage="100% (2/2)"><conditions><condition number="0" type="jump" coverage="100%"/></conditions></line><line number="655" hits="8307" branch="false"/><line number="656" hits="8307" branch="false"/><line number="660" hits="28089" branch="true" condition-coverage="100% (2/2)"><conditions><condition number="0" type="jump" coverage="100%"/></conditions></line><line number="661" hits="8639" branch="false"/><line number="662" hits="8639" branch="false"/><line number="667" hits="1027750" branch="true" condition-coverage="100% (2/2)"><conditions><condition number="0" type="jump" coverage="100%"/></conditions></line><line number="669" hits="999661" branch="false"/><line number="671" hits="999661" branch="false"/><line number="672" hits="999661" branch="false"/><line number="674" hits="999661" branch="true" condition-coverage="100% (2/2)"><conditions><condition number="0" type="jump" coverage="100%"/></conditions></line><line number="675" hits="28089" branch="false"/><line number="678" hits="28089" branch="false"/><line number="679" hits="971572" branch="true" condition-coverage="100% (2/2)"><conditions><condition number="0" type="jump" coverage="100%"/></conditions></line><line number="680" hits="490174" branch="false"/><line number="681" hits="490174" branch="false"/><line number="685" hits="999661" branch="false"/><line number="686" hits="999661" branch="false"/><line number="688" hits="999661" branch="false"/><line number="694" hits="28089" branch="false"/><line number="696" hits="28089" branch="false"/><line number="697" hits="28089" branch="false"/><line number="699" hits="28089" branch="false"/><line number="701" hits="28089" branch="false"/><line number="703" hits="28089" branch="false"/><line number="704" hits="28089" branch="true" condition-coverage="100% (2/2)"><conditions><condition number="0" type="jump" coverage="100%"/></conditions></line><line number="705" hits="20281" branch="false"/><line number="706" hits="20281" branch="false"/><line number="711" hits="28089" branch="false"/><line number="714" hits="332" branch="false"/><line number="718" hits="333" branch="false"/><line number="720" hits="333" branch="true" condition-coverage="100% (2/2)"><conditions><condition number="0" type="jump" coverage="100%"/></conditions></line><line number="721" hits="1" branch="false"/><line number="724" hits="332" branch="false"/><line number="726" hits="332" branch="false"/><line number="728" hits="332" branch="false"/><line number="732" hits="332" branch="false"/><line number="734" hits="332" branch="true" condition-coverage="100% (2/2)"><conditions><condition number="0" type="jump" coverage="100%"/></conditions></line><line number="735" hits="102" branch="false"/><line number="736" hits="102" branch="false"/><line number="738" hits="332" branch="false"/><line number="740" hits="332" branch="false"/><line number="745" hits="332" branch="false"/><line number="747" hits="332" branch="false"/><line number="749" hits="332" branch="true" condition-coverage="100% (2/2)"><conditions><condition number="0" type="jump" coverage="100%"/></conditions></line><line number="750" hits="102" branch="false"/><line number="751" hits="102" branch="false"/><line number="752" hits="102" branch="false"/><line number="754" hits="332" branch="false"/><line number="756" hits="8971" branch="true" condition-coverage="100% (2/2)"><conditions><condition number="0" type="jump" coverage="100%"/></conditions></line><line number="758" hits="8639" branch="false"/><line number="759" hits="8639" branch="false"/><line number="761" hits="8639" branch="false"/><line number="762" hits="8639" branch="false"/><line number="764" hits="332" branch="false"/><line number="766" hits="332" branch="false"/><line number="767" hits="333" branch="false"/><line number="776" hits="370" branch="false"/><line number="780" hits="370" branch="true" condition-coverage="100% (2/2)"><conditions><condition number="0" type="jump" coverage="100%"/></conditions></line><line number="781" hits="1" branch="false"/><line number="784" hits="369" branch="false"/><line number="786" hits="369" branch="true" condition-coverage="100% (2/2)"><conditions><condition number="0" type="jump" coverage="100%"/></conditions></line><line number="787" hits="112" branch="false"/><line number="788" hits="112" branch="false"/><line number="790" hits="369" branch="true" condition-coverage="100% (2/2)"><conditions><condition number="0" type="jump" coverage="100%"/></conditions></line><line number="791" hits="185" branch="false"/><line number="792" hits="185" branch="false"/><line number="794" hits="369" branch="true" condition-coverage="100% (2/2)"><conditions><condition number="0" type="jump" coverage="100%"/></conditions></line><line number="795" hits="185" branch="false"/><line number="796" hits="185" branch="false"/><line number="798" hits="369" branch="false"/><line number="800" hits="369" branch="false"/><line number="804" hits="369" branch="false"/><line number="806" hits="369" branch="false"/><line number="808" hits="369" branch="true" condition-coverage="100% (2/2)"><conditions><condition number="0" type="jump" coverage="100%"/></conditions></line><line number="809" hits="112" branch="false"/><line number="810" hits="112" branch="false"/><line number="811" hits="112" branch="false"/><line number="813" hits="369" branch="true" condition-coverage="100% (2/2)"><conditions><condition number="0" type="jump" coverage="100%"/></conditions></line><line number="814" hits="555" branch="true" condition-coverage="100% (2/2)"><conditions><condition number="0" type="jump" coverage="100%"/></conditions></line><line number="815" hits="370" branch="false"/><line number="816" hits="370" branch="false"/><line number="817" hits="370" branch="false"/><line number="818" hits="185" branch="false"/><line number="820" hits="369" branch="false"/><line number="822" hits="1031" branch="true" condition-coverage="100% (4/4)"><conditions><condition number="0" type="jump" coverage="100%"/></conditions></line><line number="824" hits="662" branch="false"/><line number="826" hits="662" branch="false"/><line number="828" hits="662" branch="true" condition-coverage="100% (2/2)"><conditions><condition number="0" type="jump" coverage="100%"/></conditions></line><line number="829" hits="334" branch="true" condition-coverage="100% (2/2)"><conditions><condition number="0" type="jump" coverage="100%"/></conditions></line><line number="830" hits="185" branch="false"/><line number="831" hits="185" branch="false"/><line number="832" hits="185" branch="true" condition-coverage="100% (2/2)"><conditions><condition number="0" type="jump" coverage="100%"/></conditions></line><line number="833" hits="16" branch="false"/><line number="835" hits="16" branch="false"/><line number="836" hits="185" branch="false"/><line number="837" hits="185" branch="false"/><line number="838" hits="334" branch="false"/><line number="840" hits="9511" branch="true" condition-coverage="100% (2/2)"><conditions><condition number="0" type="jump" coverage="100%"/></conditions></line><line number="841" hits="8849" branch="false"/><line number="842" hits="8849" branch="false"/><line number="843" hits="8849" branch="false"/><line number="845" hits="662" branch="true" condition-coverage="100% (4/4)"><conditions><condition number="0" type="jump" coverage="100%"/></conditions></line><line number="846" hits="149" branch="false"/><line number="847" hits="149" branch="false"/><line number="848" hits="149" branch="false"/><line number="849" hits="662" branch="false"/><line number="851" hits="369" branch="false"/><line number="852" hits="369" branch="false"/><line number="855" hits="369" branch="false"/><line number="857" hits="369" branch="false"/><line number="858" hits="370" branch="false"/><line number="865" hits="345" branch="false"/><line number="867" hits="345" branch="true" condition-coverage="100% (2/2)"><conditions><condition number="0" type="jump" coverage="100%"/></conditions></line><line number="868" hits="1" branch="false"/><line number="871" hits="344" branch="false"/><line number="873" hits="344" branch="true" condition-coverage="100% (2/2)"><conditions><condition number="0" type="jump" coverage="100%"/></conditions></line><line number="874" hits="104" branch="false"/><line number="875" hits="104" branch="false"/><line number="877" hits="344" branch="true" condition-coverage="100% (2/2)"><conditions><condition number="0" type="jump" coverage="100%"/></conditions></line><line number="878" hits="172" branch="false"/><line number="879" hits="172" branch="false"/><line number="881" hits="344" branch="true" condition-coverage="100% (2/2)"><conditions><condition number="0" type="jump" coverage="100%"/></conditions></line><line number="882" hits="172" branch="false"/><line number="883" hits="172" branch="false"/><line number="885" hits="344" branch="false"/><line number="887" hits="344" branch="false"/><line number="891" hits="344" branch="false"/><line number="893" hits="344" branch="false"/><line number="895" hits="344" branch="true" condition-coverage="100% (2/2)"><conditions><condition number="0" type="jump" coverage="100%"/></conditions></line><line number="896" hits="104" branch="false"/><line number="897" hits="104" branch="false"/><line number="898" hits="104" branch="false"/><line number="900" hits="344" branch="true" condition-coverage="100% (2/2)"><conditions><condition number="0" type="jump" coverage="100%"/></conditions></line><line number="901" hits="516" branch="true" condition-coverage="100% (2/2)"><conditions><condition number="0" type="jump" coverage="100%"/></conditions></line><line number="902" hits="344" branch="false"/><line number="903" hits="344" branch="false"/><line number="904" hits="344" branch="false"/><line number="905" hits="172" branch="false"/><line number="907" hits="344" branch="false"/><line number="909" hits="960" branch="true" condition-coverage="100% (4/4)"><conditions><condition number="0" type="jump" coverage="100%"/></conditions></line><line number="911" hits="616" branch="false"/><line number="913" hits="616" branch="false"/><line number="915" hits="616" branch="true" condition-coverage="100% (2/2)"><conditions><condition number="0" type="jump" coverage="100%"/></conditions></line><line number="916" hits="308" branch="true" condition-coverage="100% (2/2)"><conditions><condition number="0" type="jump" coverage="100%"/></conditions></line><line number="917" hits="172" branch="false"/><line number="918" hits="172" branch="false"/><line number="919" hits="172" branch="true" condition-coverage="100% (2/2)"><conditions><condition number="0" type="jump" coverage="100%"/></conditions></line><line number="920" hits="16" branch="false"/><line number="922" hits="16" branch="false"/><line number="923" hits="172" branch="false"/><line number="924" hits="172" branch="false"/><line number="925" hits="308" branch="false"/><line number="927" hits="33448" branch="true" condition-coverage="100% (2/2)"><conditions><condition number="0" type="jump" coverage="100%"/></conditions></line><line number="928" hits="32832" branch="false"/><line number="929" hits="32832" branch="false"/><line number="930" hits="32832" branch="false"/><line number="932" hits="616" branch="true" condition-coverage="100% (4/4)"><conditions><condition number="0" type="jump" coverage="100%"/></conditions></line><line number="933" hits="136" branch="false"/><line number="934" hits="136" branch="false"/><line number="935" hits="136" branch="false"/><line number="936" hits="616" branch="false"/><line number="938" hits="344" branch="false"/><line number="939" hits="344" branch="false"/><line number="942" hits="344" branch="false"/><line number="944" hits="344" branch="false"/><line number="945" hits="345" branch="false"/><line number="947" hits="7021" branch="false"/><line number="948" hits="7021" branch="true" condition-coverage="100% (2/2)"><conditions><condition number="0" type="jump" coverage="100%"/></conditions></line><line number="949" hits="721" branch="false"/><line number="951" hits="6300" branch="false"/><line number="952" hits="7021" branch="false"/><line number="967" hits="1085" branch="false"/><line number="970" hits="1085" branch="false"/><line number="972" hits="1085" branch="false"/><line number="974" hits="1085" branch="false"/><line number="978" hits="1085" branch="false"/><line number="980" hits="5598" branch="true" condition-coverage="100% (2/2)"><conditions><condition number="0" type="jump" coverage="100%"/></conditions></line><line number="982" hits="4513" branch="false"/><line number="984" hits="4513" branch="true" condition-coverage="100% (2/2)"><conditions><condition number="0" type="jump" coverage="100%"/></conditions></line><line number="985" hits="3348" branch="false"/><line number="986" hits="3348" branch="false"/><line number="988" hits="4513" branch="true" condition-coverage="100% (2/2)"><conditions><condition number="0" type="jump" coverage="100%"/></conditions></line><line number="989" hits="2595" branch="false"/><line number="990" hits="2595" branch="false"/><line number="992" hits="4513" branch="false"/><line number="994" hits="4513" branch="false"/><line number="995" hits="4513" branch="false"/><line number="997" hits="1085" branch="false"/><line number="1001" hits="1085" branch="false"/><line number="1003" hits="1085" branch="false"/><line number="1006" hits="5690" branch="false"/><line number="1011" hits="5690" branch="false"/><line number="1013" hits="5690" branch="false"/><line number="1015" hits="5690" branch="false"/><line number="1019" hits="5690" branch="false"/><line number="1021" hits="26482" branch="true" condition-coverage="100% (2/2)"><conditions><condition number="0" type="jump" coverage="100%"/></conditions></line><line number="1023" hits="20792" branch="false"/><line number="1025" hits="20792" branch="true" condition-coverage="100% (2/2)"><conditions><condition number="0" type="jump" coverage="100%"/></conditions></line><line number="1026" hits="15102" branch="false"/><line number="1027" hits="15102" branch="false"/><line number="1029" hits="20792" branch="true" condition-coverage="100% (2/2)"><conditions><condition number="0" type="jump" coverage="100%"/></conditions></line><line number="1030" hits="14739" branch="false"/><line number="1031" hits="14739" branch="false"/><line number="1033" hits="20792" branch="true" condition-coverage="100% (2/2)"><conditions><condition number="0" type="jump" coverage="100%"/></conditions></line><line number="1034" hits="1643" branch="false"/><line number="1035" hits="1643" branch="false"/><line number="1038" hits="20792" branch="true" condition-coverage="100% (2/2)"><conditions><condition number="0" type="jump" coverage="100%"/></conditions></line><line number="1039" hits="19149" branch="false"/><line number="1040" hits="19149" branch="false"/><line number="1041" hits="1643" branch="false"/><line number="1042" hits="1643" branch="false"/><line number="1043" hits="1643" branch="false"/><line number="1046" hits="20792" branch="false"/><line number="1047" hits="20792" branch="false"/><line number="1049" hits="5690" branch="false"/><line number="1053" hits="5690" branch="false"/><line number="1055" hits="5690" branch="false"/><line number="1272" hits="1085" branch="false"/><line number="1275" hits="1085" branch="false"/><line number="1282" hits="188" branch="false"/><line number="1284" hits="188" branch="true" condition-coverage="100% (2/2)"><conditions><condition number="0" type="jump" coverage="100%"/></conditions></line><line number="1286" hits="112" branch="true" condition-coverage="100% (2/2)"><conditions><condition number="0" type="jump" coverage="100%"/></conditions></line><line number="1288" hits="85" branch="false"/><line number="1292" hits="27" branch="false"/><line number="1293" hits="27" branch="false"/><line number="1296" hits="76" branch="true" condition-coverage="100% (2/2)"><conditions><condition number="0" type="jump" coverage="100%"/></conditions></line><line number="1298" hits="28" branch="false"/><line number="1299" hits="28" branch="false"/><line number="1307" hits="48" branch="false"/><line number="1308" hits="48" branch="false"/><line number="1310" hits="48" branch="false"/><line number="1312" hits="48" branch="false"/><line number="1314" hits="48" branch="false"/><line number="1315" hits="188" branch="false"/><line number="1317" hits="5690" branch="false"/><line number="1320" hits="5690" branch="false"/><line number="1326" hits="5718" branch="false"/><line number="1329" hits="5718" branch="false"/><line number="1331" hits="5718" branch="true" condition-coverage="100% (2/2)"><conditions><condition number="0" type="jump" coverage="100%"/></conditions></line><line number="1332" hits="28" branch="false"/><line number="1335" hits="5690" branch="true" condition-coverage="100% (2/2)"><conditions><condition number="0" type="jump" coverage="100%"/></conditions></line><line number="1336" hits="5630" branch="false"/><line number="1341" hits="60" branch="false"/><line number="1344" hits="60" branch="false"/><line number="1345" hits="60" branch="false"/><line number="1346" hits="5718" branch="false"/><line number="1349" hits="5281" branch="false"/><line number="1351" hits="5281" branch="true" condition-coverage="100% (2/2)"><conditions><condition number="0" type="jump" coverage="100%"/></conditions></line><line number="1352" hits="5233" branch="true" condition-coverage="100% (2/2)"><conditions><condition number="0" type="jump" coverage="100%"/></conditions></line><line number="1354" hits="5206" branch="false"/><line number="1358" hits="27" branch="false"/><line number="1359" hits="27" branch="false"/><line number="1362" hits="48" branch="true" condition-coverage="100% (2/2)"><conditions><condition number="0" type="jump" coverage="100%"/></conditions></line><line number="1364" hits="28" branch="false"/><line number="1365" hits="28" branch="false"/><line number="1372" hits="20" branch="false"/><line number="1373" hits="20" branch="false"/><line number="1376" hits="20" branch="false"/><line number="1379" hits="20" branch="false"/><line number="1380" hits="5281" branch="false"/><line number="1382" hits="20" branch="false"/><line number="1390" hits="42" branch="true" condition-coverage="100% (2/2)"><conditions><condition number="0" type="jump" coverage="100%"/></conditions></line><line number="1392" hits="38" branch="false"/><line number="1394" hits="38" branch="true" condition-coverage="100% (2/2)"><conditions><condition number="0" type="jump" coverage="100%"/></conditions></line><line number="1395" hits="16" branch="false"/><line number="1396" hits="16" branch="false"/><line number="1399" hits="22" branch="false"/><line number="1400" hits="22" branch="false"/><line number="1402" hits="4" branch="false"/><line number="1403" hits="4" branch="false"/><line number="1405" hits="4" branch="false"/><line number="1406" hits="20" branch="false"/><line number="1408" hits="27" branch="false"/><line number="1416" hits="49" branch="false"/><line number="1419" hits="22" branch="false"/><line number="1420" hits="49" branch="false"/><line number="1422" hits="49" branch="true" condition-coverage="100% (2/2)"><conditions><condition number="0" type="jump" coverage="100%"/></conditions></line><line number="1423" hits="27" branch="false"/><line number="1426" hits="27" branch="false"/><line number="1428" hits="27" branch="false"/><line number="1431" hits="22" branch="false"/><line number="1436" hits="22" branch="false"/><line number="1437" hits="22" branch="false"/><line number="1440" hits="27" branch="false"/><line number="1442" hits="24" branch="false"/><line number="1444" hits="24" branch="false"/><line number="1448" hits="24" branch="false"/><line number="1454" hits="24" branch="true" condition-coverage="100% (2/2)"><conditions><condition number="0" type="jump" coverage="100%"/></conditions></line><line number="1455" hits="2" branch="false"/><line number="1456" hits="2" branch="false"/><line number="1457" hits="2" branch="false"/><line number="1460" hits="22" branch="true" condition-coverage="100% (2/2)"><conditions><condition number="0" type="jump" coverage="100%"/></conditions></line><line number="1461" hits="12" branch="false"/><line number="1462" hits="12" branch="false"/><line number="1467" hits="10" branch="false"/><line number="1468" hits="10" branch="false"/><line number="1470" hits="10" branch="true" condition-coverage="100% (2/2)"><conditions><condition number="0" type="jump" coverage="100%"/></conditions></line><line number="1471" hits="4" branch="false"/><line number="1472" hits="4" branch="false"/><line number="1475" hits="6" branch="false"/><line number="1476" hits="24" branch="false"/><line number="1478" hits="27" branch="false"/><line number="1480" hits="27" branch="false"/><line number="1484" hits="27" branch="false"/><line number="1490" hits="27" branch="true" condition-coverage="100% (2/2)"><conditions><condition number="0" type="jump" coverage="100%"/></conditions></line><line number="1491" hits="2" branch="false"/><line number="1492" hits="2" branch="false"/><line number="1493" hits="2" branch="false"/><line number="1496" hits="25" branch="true" condition-coverage="100% (2/2)"><conditions><condition number="0" type="jump" coverage="100%"/></conditions></line><line number="1500" hits="8" branch="false"/><line number="1501" hits="8" branch="false"/><line number="1502" hits="8" branch="false"/><line number="1504" hits="8" branch="false"/><line number="1507" hits="17" branch="false"/><line number="1508" hits="27" branch="false"/><line number="1510" hits="182" branch="false"/><line number="1511" hits="182" branch="true" condition-coverage="100% (2/2)"><conditions><condition number="0" type="jump" coverage="100%"/></conditions></line><line number="1512" hits="9" branch="false"/><line number="1515" hits="173" branch="true" condition-coverage="100% (2/2)"><conditions><condition number="0" type="jump" coverage="100%"/></conditions></line><line number="1516" hits="9" branch="false"/><line number="1519" hits="409" branch="true" condition-coverage="100% (2/2)"><conditions><condition number="0" type="jump" coverage="100%"/></conditions></line><line number="1520" hits="292" branch="true" condition-coverage="100% (2/2)"><conditions><condition number="0" type="jump" coverage="100%"/></conditions></line><line number="1521" hits="47" branch="false"/><line number="1523" hits="245" branch="false"/><line number="1525" hits="117" branch="false"/><line number="1526" hits="182" branch="false"/><line number="1528" hits="20" branch="false"/><line number="1529" hits="20" branch="true" condition-coverage="100% (2/2)"><conditions><condition number="0" type="jump" coverage="100%"/></conditions></line><line number="1530" hits="5" branch="false"/><line number="1533" hits="15" branch="true" condition-coverage="100% (2/2)"><conditions><condition number="0" type="jump" coverage="100%"/></conditions></line><line number="1534" hits="5" branch="false"/><line number="1537" hits="10" branch="false"/><line number="1538" hits="20" branch="false"/><line number="1545" hits="27444" branch="false"/><line number="1547" hits="27444" branch="true" condition-coverage="100% (2/2)"><conditions><condition number="0" type="jump" coverage="100%"/></conditions></line><line number="1548" hits="40" branch="true" condition-coverage="100% (2/2)"><conditions><condition number="0" type="jump" coverage="100%"/></conditions></line><line number="1550" hits="20" branch="false"/><line number="1555" hits="20" branch="false"/><line number="1556" hits="20" branch="false"/><line number="1557" hits="20" branch="false"/><line number="1560" hits="27404" branch="true" condition-coverage="100% (2/2)"><conditions><condition number="0" type="jump" coverage="100%"/></conditions></line><line number="1562" hits="15" branch="false"/><line number="1567" hits="27389" branch="true" condition-coverage="100% (2/2)"><conditions><condition number="0" type="jump" coverage="100%"/></conditions></line><line number="1569" hits="5641" branch="false"/><line number="1572" hits="21748" branch="true" condition-coverage="100% (2/2)"><conditions><condition number="0" type="jump" coverage="100%"/></conditions></line><line number="1574" hits="3692" branch="false"/><line number="1577" hits="18771" branch="true" condition-coverage="100% (2/2)"><conditions><condition number="0" type="jump" coverage="100%"/></conditions></line><line number="1578" hits="18698" branch="false"/><line number="1579" hits="18698" branch="false"/><line number="1581" hits="18698" branch="true" condition-coverage="100% (2/2)"><conditions><condition number="0" type="jump" coverage="100%"/></conditions></line><line number="1582" hits="7732" branch="false"/><line number="1585" hits="10966" branch="true" condition-coverage="100% (2/2)"><conditions><condition number="0" type="jump" coverage="100%"/></conditions></line><line number="1586" hits="10251" branch="false"/><line number="1588" hits="715" branch="false"/><line number="1590" hits="73" branch="false"/><line number="1591" hits="27444" branch="false"/><line number="1593" hits="29" branch="false"/><line number="1595" hits="29" branch="false"/><line number="1599" hits="29" branch="true" condition-coverage="100% (2/2)"><conditions><condition number="0" type="jump" coverage="100%"/></conditions></line><line number="1600" hits="1" branch="false"/><line number="1603" hits="28" branch="false"/><line number="1604" hits="29" branch="false"/><line number="1618" hits="888" branch="false"/><line number="1623" hits="888" branch="false"/><line number="1625" hits="888" branch="false"/><line number="1628" hits="1206" branch="false"/><line number="1629" hits="1206" branch="false"/><line number="1638" hits="480" branch="false"/><line number="1642" hits="480" branch="false"/><line number="1644" hits="480" branch="false"/><line number="1645" hits="480" branch="false"/><line number="1646" hits="480" branch="false"/><line number="1712" hits="480" branch="false"/><line number="1714" hits="480" branch="false"/><line number="1715" hits="480" branch="false"/><line number="1717" hits="480" branch="false"/><line number="1719" hits="480" branch="false"/><line number="1721" hits="960" branch="false"/><line number="1723" hits="480" branch="false"/><line number="1725" hits="480" branch="false"/><line number="1727" hits="480" branch="false"/><line number="1729" hits="480" branch="true" condition-coverage="100% (2/2)"><conditions><condition number="0" type="jump" coverage="100%"/></conditions></line><line number="1730" hits="414" branch="false"/><line number="1731" hits="414" branch="false"/><line number="1733" hits="480" branch="false"/><line number="1736" hits="480" branch="false"/><line number="1738" hits="480" branch="false"/><line number="1753" hits="257" branch="false"/><line number="1755" hits="257" branch="false"/><line number="1760" hits="257" branch="false"/><line number="1762" hits="257" branch="false"/><line number="1763" hits="257" branch="false"/><line number="1767" hits="257" branch="false"/><line number="1793" hits="257" branch="false"/><line number="1795" hits="257" branch="false"/><line number="1797" hits="257" branch="false"/><line number="1806" hits="974" branch="false"/><line number="1807" hits="974" branch="true" condition-coverage="100% (2/2)"><conditions><condition number="0" type="jump" coverage="100%"/></conditions></line><line number="1810" hits="1293" branch="false"/><line number="1813" hits="3879" branch="false"/><line number="1814" hits="1293" branch="false"/><line number="1815" hits="1293" branch="false"/><line number="1817" hits="1293" branch="false"/><line number="1820" hits="5424" branch="false"/><line number="1823" hits="16272" branch="false"/><line number="1824" hits="5424" branch="false"/><line number="1825" hits="5424" branch="false"/><line number="1827" hits="5424" branch="false"/><line number="1833" hits="246" branch="false"/><line number="1836" hits="246" branch="true" condition-coverage="100% (2/2)"><conditions><condition number="0" type="jump" coverage="100%"/></conditions></line><line number="1837" hits="10" branch="false"/><line number="1840" hits="236" branch="true" condition-coverage="100% (2/2)"><conditions><condition number="0" type="jump" coverage="100%"/></conditions></line><line number="1841" hits="22" branch="false"/><line number="1844" hits="428" branch="false"/><line number="1845" hits="214" branch="false"/><line number="1846" hits="246" branch="false"/><line number="1849" hits="492" branch="false"/><line number="1853" hits="492" branch="true" condition-coverage="100% (2/2)"><conditions><condition number="0" type="jump" coverage="100%"/></conditions></line><line number="1856" hits="32" branch="false"/><line number="1861" hits="460" branch="false"/><line number="1862" hits="460" branch="false"/><line number="1864" hits="460" branch="false"/><line number="1866" hits="460" branch="false"/><line number="1867" hits="460" branch="false"/><line number="1869" hits="460" branch="false"/><line number="1870" hits="492" branch="false"/><line number="1873" hits="492" branch="false"/><line number="1876" hits="492" branch="false"/><line number="1880" hits="492" branch="false"/><line number="1882" hits="492" branch="false"/><line number="1883" hits="492" branch="false"/><line number="1887" hits="2803" branch="true" condition-coverage="100% (2/2)"><conditions><condition number="0" type="jump" coverage="100%"/></conditions></line><line number="1889" hits="2311" branch="true" condition-coverage="100% (2/2)"><conditions><condition number="0" type="jump" coverage="100%"/></conditions></line><line number="1890" hits="1201" branch="false"/><line number="1891" hits="1201" branch="false"/><line number="1892" hits="1201" branch="false"/><line number="1893" hits="1110" branch="false"/><line number="1895" hits="2311" branch="false"/><line number="1896" hits="492" branch="false"/><line number="1898" hits="497" branch="false"/><line number="1899" hits="497" branch="true" condition-coverage="50% (1/2)"><conditions><condition number="0" type="jump" coverage="50%"/></conditions></line><line number="1902" hits="497" branch="false"/><line number="1904" hits="636" branch="true" condition-coverage="100% (2/2)"><conditions><condition number="0" type="jump" coverage="100%"/></conditions></line><line number="1905" hits="633" branch="true" condition-coverage="100% (2/2)"><conditions><condition number="0" type="jump" coverage="100%"/></conditions></line><line number="1906" hits="497" branch="true" condition-coverage="100% (2/2)"><conditions><condition number="0" type="jump" coverage="100%"/></conditions></line><line number="1907" hits="358" branch="false"/><line number="1909" hits="139" branch="false"/><line number="1910" hits="136" branch="true" condition-coverage="50% (1/2)"><conditions><condition number="0" type="jump" coverage="50%"/></conditions></line><line number="1911" hits="136" branch="false"/><line number="1914" hits="139" branch="false"/><line number="1915" hits="3" branch="false"/><line number="1916" hits="497" branch="false"/><line number="1924" hits="3" branch="false"/><line number="1926" hits="3" branch="false"/><line number="1928" hits="3" branch="false"/><line number="1929" hits="3" branch="false"/><line number="1931" hits="3" branch="false"/><line number="1934" hits="3" branch="true" condition-coverage="50% (1/2)"><conditions><condition number="0" type="jump" coverage="50%"/></conditions></line><line number="1935" hits="3" branch="false"/><line number="1937" hits="3" branch="true" condition-coverage="50% (1/2)"><conditions><condition number="0" type="jump" coverage="50%"/></conditions></line><line number="1938" hits="3" branch="false"/><line number="1939" hits="3" branch="false"/><line number="1941" hits="0" branch="false"/><line number="1944" hits="0" branch="false"/><line number="1951" hits="845" branch="false"/><line number="1956" hits="845" branch="true" condition-coverage="100% (2/2)"><conditions><condition number="0" type="jump" coverage="100%"/></conditions></line><line number="1958" hits="603" branch="false"/><line number="1960" hits="603" branch="true" condition-coverage="100% (2/2)"><conditions><condition number="0" type="jump" coverage="100%"/></conditions></line><line number="1961" hits="25" branch="false"/><line number="1964" hits="578" branch="true" condition-coverage="100% (2/2)"><conditions><condition number="0" type="jump" coverage="100%"/></conditions></line><line number="1965" hits="68" branch="false"/><line number="1967" hits="510" branch="false"/><line number="1969" hits="752" branch="true" condition-coverage="100% (2/2)"><conditions><condition number="0" type="jump" coverage="100%"/></conditions></line><line number="1971" hits="523" branch="false"/><line number="1973" hits="523" branch="true" condition-coverage="100% (2/2)"><conditions><condition number="0" type="jump" coverage="100%"/></conditions></line><line number="1974" hits="19" branch="false"/><line number="1977" hits="504" branch="true" condition-coverage="100% (2/2)"><conditions><condition number="0" type="jump" coverage="100%"/></conditions></line><line number="1978" hits="4" branch="false"/><line number="1980" hits="500" branch="false"/><line number="1989" hits="729" branch="true" condition-coverage="100% (4/4)"><conditions><condition number="0" type="jump" coverage="100%"/></conditions></line><line number="1990" hits="480" branch="false"/><line number="1996" hits="249" branch="true" condition-coverage="100% (2/2)"><conditions><condition number="0" type="jump" coverage="100%"/></conditions></line><line number="1998" hits="1" branch="false"/><line number="2000" hits="1" branch="false"/><line number="2002" hits="1" branch="false"/><line number="2003" hits="1" branch="false"/><line number="2006" hits="248" branch="true" condition-coverage="100% (2/2)"><conditions><condition number="0" type="jump" coverage="100%"/></conditions></line><line number="2008" hits="2" branch="false"/><line number="2010" hits="2" branch="false"/><line number="2012" hits="2" branch="false"/><line number="2013" hits="2" branch="false"/><line number="2020" hits="246" branch="false"/><line number="2022" hits="246" branch="false"/><line number="2029" hits="246" branch="false"/><line number="2030" hits="246" branch="false"/><line number="2032" hits="246" branch="true" condition-coverage="100% (2/2)"><conditions><condition number="0" type="jump" coverage="100%"/></conditions></line><line number="2033" hits="472" branch="false"/><line number="2034" hits="236" branch="false"/><line number="2035" hits="236" branch="false"/><line number="2037" hits="236" branch="false"/><line number="2038" hits="10" branch="false"/><line number="2041" hits="246" branch="false"/><line number="2042" hits="246" branch="false"/><line number="2044" hits="246" branch="true" condition-coverage="100% (2/2)"><conditions><condition number="0" type="jump" coverage="100%"/></conditions></line><line number="2045" hits="448" branch="false"/><line number="2046" hits="224" branch="false"/><line number="2047" hits="224" branch="false"/><line number="2049" hits="224" branch="false"/><line number="2050" hits="22" branch="false"/><line number="2056" hits="246" branch="false"/><line number="2058" hits="246" branch="false"/><line number="2060" hits="246" branch="false"/><line number="2062" hits="246" branch="false"/><line number="2064" hits="246" branch="false"/><line number="2066" hits="246" branch="false"/><line number="2067" hits="246" branch="false"/><line number="2069" hits="246" branch="false"/><line number="2070" hits="246" branch="false"/><line number="2072" hits="246" branch="false"/><line number="2073" hits="246" branch="false"/><line number="2080" hits="246" branch="false"/><line number="2081" hits="246" branch="false"/><line number="2085" hits="246" branch="false"/><line number="2087" hits="246" branch="false"/><line number="2089" hits="246" branch="false"/><line number="2091" hits="246" branch="false"/><line number="2092" hits="246" branch="false"/><line number="2094" hits="246" branch="false"/><line number="2096" hits="246" branch="false"/><line number="2097" hits="246" branch="false"/><line number="2099" hits="246" branch="false"/><line number="2101" hits="246" branch="false"/><line number="2103" hits="845" branch="false"/><line number="2106" hits="385" branch="false"/><line number="2108" hits="770" branch="false"/><line number="2109" hits="385" branch="false"/><line number="2112" hits="139" branch="false"/><line number="2114" hits="139" branch="true" condition-coverage="100% (2/2)"><conditions><condition number="0" type="jump" coverage="100%"/></conditions></line><line number="2115" hits="91" branch="true" condition-coverage="100% (2/2)"><conditions><condition number="0" type="jump" coverage="100%"/></conditions></line><line number="2117" hits="64" branch="false"/><line number="2121" hits="27" branch="false"/><line number="2122" hits="27" branch="false"/><line number="2124" hits="27" branch="false"/><line number="2127" hits="27" branch="true" condition-coverage="100% (2/2)"><conditions><condition number="0" type="jump" coverage="100%"/></conditions></line><line number="2128" hits="9" branch="false"/><line number="2129" hits="9" branch="false"/><line number="2131" hits="27" branch="false"/><line number="2134" hits="48" branch="true" condition-coverage="100% (2/2)"><conditions><condition number="0" type="jump" coverage="100%"/></conditions></line><line number="2136" hits="28" branch="false"/><line number="2137" hits="28" branch="false"/><line number="2139" hits="28" branch="false"/><line number="2142" hits="28" branch="true" condition-coverage="100% (2/2)"><conditions><condition number="0" type="jump" coverage="100%"/></conditions></line><line number="2143" hits="9" branch="false"/><line number="2144" hits="9" branch="false"/><line number="2146" hits="28" branch="false"/><line number="2153" hits="20" branch="false"/><line number="2154" hits="20" branch="false"/><line number="2156" hits="20" branch="false"/><line number="2157" hits="139" branch="false"/><line number="2159" hits="8213" branch="false"/><line number="2161" hits="8213" branch="true" condition-coverage="100% (2/2)"><conditions><condition number="0" type="jump" coverage="100%"/></conditions></line><line number="2162" hits="2" branch="false"/><line number="2165" hits="8211" branch="true" condition-coverage="100% (2/2)"><conditions><condition number="0" type="jump" coverage="100%"/></conditions></line><line number="2166" hits="11" branch="false"/><line number="2167" hits="11" branch="false"/><line number="2170" hits="11" branch="true" condition-coverage="100% (2/2)"><conditions><condition number="0" type="jump" coverage="100%"/></conditions></line><line number="2171" hits="6" branch="false"/><line number="2172" hits="6" branch="false"/><line number="2173" hits="6" branch="false"/><line number="2174" hits="6" branch="false"/><line number="2175" hits="6" branch="false"/><line number="2179" hits="20" branch="true" condition-coverage="100% (2/2)"><conditions><condition number="0" type="jump" coverage="100%"/></conditions></line><line number="2180" hits="15" branch="false"/><line number="2181" hits="15" branch="false"/><line number="2182" hits="5" branch="false"/><line number="2183" hits="5" branch="false"/><line number="2184" hits="5" branch="false"/><line number="2186" hits="8205" branch="false"/><line number="2189" hits="29623" branch="true" condition-coverage="100% (2/2)"><conditions><condition number="0" type="jump" coverage="100%"/></conditions></line><line number="2191" hits="21418" branch="false"/><line number="2193" hits="21418" branch="false"/><line number="2196" hits="21418" branch="true" condition-coverage="100% (2/2)"><conditions><condition number="0" type="jump" coverage="100%"/></conditions></line><line number="2197" hits="13213" branch="false"/><line number="2198" hits="13213" branch="false"/><line number="2199" hits="13213" branch="true" condition-coverage="100% (2/2)"><conditions><condition number="0" type="jump" coverage="100%"/></conditions></line><line number="2200" hits="2525" branch="false"/><line number="2201" hits="2525" branch="false"/><line number="2202" hits="13213" branch="false"/><line number="2203" hits="21418" branch="false"/><line number="2205" hits="8205" branch="false"/><line number="2206" hits="8213" branch="false"/><line number="2208" hits="20" branch="false"/><line number="2209" hits="20" branch="false"/><line number="2213" hits="20" branch="true" condition-coverage="100% (2/2)"><conditions><condition number="0" type="jump" coverage="100%"/></conditions></line><line number="2214" hits="2" branch="false"/><line number="2217" hits="18" branch="false"/><line number="2218" hits="20" branch="false"/><line number="2220" hits="8269" branch="false"/><line number="2222" hits="8269" branch="true" condition-coverage="100% (2/2)"><conditions><condition number="0" type="jump" coverage="100%"/></conditions></line><line number="2223" hits="1" branch="false"/><line number="2226" hits="8268" branch="true" condition-coverage="100% (2/2)"><conditions><condition number="0" type="jump" coverage="100%"/></conditions></line><line number="2227" hits="8" branch="false"/><line number="2228" hits="8" branch="false"/><line number="2230" hits="8" branch="false"/><line number="2231" hits="8" branch="false"/><line number="2233" hits="8" branch="false"/><line number="2235" hits="8" branch="false"/><line number="2238" hits="3058" branch="true" condition-coverage="100% (2/2)"><conditions><condition number="0" type="jump" coverage="100%"/></conditions></line><line number="2240" hits="3050" branch="true" condition-coverage="100% (4/4)"><conditions><condition number="0" type="jump" coverage="100%"/></conditions></line><line number="2241" hits="3028" branch="false"/><line number="2242" hits="3028" branch="false"/><line number="2243" hits="22" branch="false"/><line number="2245" hits="3050" branch="false"/><line number="2246" hits="8" branch="false"/><line number="2248" hits="8268" branch="false"/><line number="2253" hits="8268" branch="false"/><line number="2254" hits="8268" branch="false"/><line number="2255" hits="8268" branch="false"/><line number="2256" hits="8268" branch="false"/><line number="2258" hits="8268" branch="true" condition-coverage="100% (2/2)"><conditions><condition number="0" type="jump" coverage="100%"/></conditions></line><line number="2259" hits="116" branch="false"/><line number="2260" hits="116" branch="false"/><line number="2261" hits="116" branch="false"/><line number="2262" hits="116" branch="false"/><line number="2265" hits="32826" branch="true" condition-coverage="100% (2/2)"><conditions><condition number="0" type="jump" coverage="100%"/></conditions></line><line number="2267" hits="24558" branch="false"/><line number="2270" hits="24558" branch="false"/><line number="2273" hits="24558" branch="true" condition-coverage="100% (2/2)"><conditions><condition number="0" type="jump" coverage="100%"/></conditions></line><line number="2274" hits="16290" branch="false"/><line number="2275" hits="16290" branch="false"/><line number="2276" hits="16290" branch="false"/><line number="2277" hits="16290" branch="true" condition-coverage="100% (2/2)"><conditions><condition number="0" type="jump" coverage="100%"/></conditions></line><line number="2278" hits="2581" branch="false"/><line number="2279" hits="2581" branch="false"/><line number="2280" hits="16290" branch="false"/><line number="2281" hits="24558" branch="false"/><line number="2283" hits="8268" branch="false"/><line number="2284" hits="8269" branch="false"/><line number="2286" hits="18" branch="false"/><line number="2287" hits="18" branch="false"/><line number="2291" hits="18" branch="true" condition-coverage="100% (2/2)"><conditions><condition number="0" type="jump" coverage="100%"/></conditions></line><line number="2292" hits="1" branch="false"/><line number="2295" hits="17" branch="false"/><line number="2296" hits="18" branch="false"/><line number="2302" hits="0" branch="false"/><line number="2303" hits="0" branch="false"/><line number="2306" hits="0" branch="false"/><line number="2310" hits="0" branch="false"/><line number="2312" hits="0" branch="false"/><line number="2315" hits="0" branch="false"/><line number="2318" hits="34" branch="false"/><line number="2319" hits="34" branch="false"/><line number="2322" hits="218" branch="false"/><line number="2326" hits="218" branch="false"/><line number="2328" hits="218" branch="false"/><line number="2329" hits="218" branch="false"/><line number="2331" hits="218" branch="false"/><line number="2334" hits="0" branch="false"/><line number="2336" hits="0" branch="false"/><line number="2338" hits="0" branch="false"/><line number="2340" hits="0" branch="false"/><line number="2341" hits="0" branch="true" condition-coverage="0% (0/2)"><conditions><condition number="0" type="jump" coverage="0%"/></conditions></line><line number="2343" hits="0" branch="false"/><line number="2346" hits="0" branch="false"/><line number="2349" hits="218" branch="false"/><line number="2354" hits="218" branch="true" condition-coverage="100% (2/2)"><conditions><condition number="0" type="jump" coverage="100%"/></conditions></line><line number="2356" hits="147" branch="false"/><line number="2358" hits="147" branch="true" condition-coverage="100% (2/2)"><conditions><condition number="0" type="jump" coverage="100%"/></conditions></line><line number="2359" hits="30" branch="false"/><line number="2361" hits="117" branch="false"/><line number="2366" hits="376" branch="false"/><line number="2367" hits="188" branch="false"/><line number="2369" hits="188" branch="true" condition-coverage="100% (2/2)"><conditions><condition number="0" type="jump" coverage="100%"/></conditions></line><line number="2371" hits="20" branch="false"/><line number="2374" hits="168" branch="true" condition-coverage="100% (2/2)"><conditions><condition number="0" type="jump" coverage="100%"/></conditions></line><line number="2377" hits="70" branch="false"/><line number="2385" hits="98" branch="false"/><line number="2387" hits="98" branch="false"/><line number="2390" hits="8252" branch="false"/><line number="2392" hits="8252" branch="false"/><line number="2394" hits="8252" branch="false"/><line number="2396" hits="8252" branch="true" condition-coverage="100% (2/2)"><conditions><condition number="0" type="jump" coverage="100%"/></conditions></line><line number="2397" hits="98" branch="false"/><line number="2402" hits="98" branch="false"/><line number="2405" hits="5048" branch="false"/><line number="2408" hits="5048" branch="false"/><line number="2410" hits="5048" branch="false"/><line number="2412" hits="5048" branch="false"/><line number="2413" hits="5048" branch="false"/><line number="2418" hits="5048" branch="false"/><line number="2419" hits="5048" branch="false"/><line number="2421" hits="5048" branch="true" condition-coverage="50% (1/2)"><conditions><condition number="0" type="jump" coverage="50%"/></conditions></line><line number="2422" hits="0" branch="false"/><line number="2423" hits="0" branch="false"/><line number="2426" hits="0" branch="false"/><line number="2429" hits="5048" branch="true" condition-coverage="100% (2/2)"><conditions><condition number="0" type="jump" coverage="100%"/></conditions></line><line number="2430" hits="98" branch="false"/><line number="2434" hits="98" branch="false"/><line number="2439" hits="8097" branch="false"/><line number="2441" hits="8097" branch="false"/><line number="2443" hits="8097" branch="false"/><line number="2445" hits="8097" branch="true" condition-coverage="100% (2/2)"><conditions><condition number="0" type="jump" coverage="100%"/></conditions></line><line number="2446" hits="4950" branch="false"/><line number="2451" hits="218" branch="false"/><line number="2453" hits="218" branch="false"/><line number="2456" hits="218" branch="false"/><line number="2457" hits="218" branch="false"/><line number="2460" hits="218" branch="true" condition-coverage="80% (4/5)"><conditions><condition number="0" type="jump" coverage="80%"/></conditions></line><line number="2463" hits="80" branch="false"/><line number="2464" hits="80" branch="false"/><line number="2468" hits="46" branch="false"/><line number="2471" hits="46" branch="true" condition-coverage="100% (2/2)"><conditions><condition number="0" type="jump" coverage="100%"/></conditions></line><line number="2472" hits="14" branch="false"/><line number="2473" hits="14" branch="false"/><line number="2474" hits="46" branch="false"/><line number="2478" hits="46" branch="false"/><line number="2481" hits="46" branch="true" condition-coverage="100% (2/2)"><conditions><condition number="0" type="jump" coverage="100%"/></conditions></line><line number="2482" hits="32" branch="false"/><line number="2483" hits="32" branch="false"/><line number="2484" hits="46" branch="false"/><line number="2488" hits="46" branch="false"/><line number="2490" hits="46" branch="true" condition-coverage="100% (2/2)"><conditions><condition number="0" type="jump" coverage="100%"/></conditions></line><line number="2491" hits="15" branch="false"/><line number="2492" hits="15" branch="false"/><line number="2493" hits="46" branch="false"/><line number="2496" hits="0" branch="false"/><line number="2506" hits="436" branch="false"/><line number="2507" hits="218" branch="false"/><line number="2509" hits="218" branch="true" condition-coverage="100% (2/2)"><conditions><condition number="0" type="jump" coverage="100%"/></conditions></line><line number="2510" hits="65" branch="false"/><line number="2511" hits="65" branch="false"/><line number="2513" hits="153" branch="true" condition-coverage="100% (2/2)"><conditions><condition number="0" type="jump" coverage="100%"/></conditions></line><line number="2523" hits="44" branch="false"/><line number="2525" hits="44" branch="false"/><line number="2527" hits="44" branch="false"/><line number="2528" hits="44" branch="false"/><line number="2529" hits="44" branch="false"/><line number="2531" hits="153" branch="false"/><line number="2534" hits="218" branch="false"/><line number="2539" hits="0" branch="false"/><line number="2545" hits="0" branch="false"/><line number="2547" hits="0" branch="true" condition-coverage="0% (0/4)"><conditions><condition number="0" type="jump" coverage="0%"/></conditions></line><line number="2549" hits="0" branch="false"/><line number="2550" hits="0" branch="false"/><line number="2553" hits="0" branch="false"/><line number="2554" hits="0" branch="false"/><line number="2557" hits="0" branch="false"/><line number="2558" hits="0" branch="false"/><line number="2561" hits="0" branch="false"/><line number="2565" hits="0" branch="false"/><line number="2567" hits="0" branch="false"/><line number="2575" hits="0" branch="false"/><line number="2576" hits="0" branch="false"/><line number="2577" hits="0" branch="false"/><line number="2578" hits="0" branch="false"/><line number="2579" hits="0" branch="false"/><line number="2582" hits="218" branch="false"/><line number="2586" hits="218" branch="true" condition-coverage="50% (1/2)"><conditions><condition number="0" type="jump" coverage="50%"/></conditions></line><line number="2587" hits="0" branch="false"/><line number="2591" hits="218" branch="true" condition-coverage="50% (1/2)"><conditions><condition number="0" type="jump" coverage="50%"/></conditions></line><line number="2592" hits="218" branch="true" condition-coverage="50% (1/2)"><conditions><condition number="0" type="jump" coverage="50%"/></conditions></line><line number="2594" hits="0" branch="false"/><line number="2598" hits="218" branch="false"/><line number="2599" hits="218" branch="false"/><line number="2602" hits="0" branch="true" condition-coverage="0% (0/2)"><conditions><condition number="0" type="jump" coverage="0%"/></conditions></line><line number="2604" hits="0" branch="false"/><line number="2605" hits="0" branch="false"/><line number="2608" hits="0" branch="false"/><line number="2609" hits="218" branch="false"/><line number="2619" hits="0" branch="false"/><line number="2624" hits="0" branch="true" condition-coverage="0% (0/2)"><conditions><condition number="0" type="jump" coverage="0%"/></conditions></line><line number="2625" hits="0" branch="false"/><line number="2626" hits="0" branch="false"/><line number="2627" hits="0" branch="false"/><line number="2629" hits="0" branch="false"/><line number="2633" hits="0" branch="false"/><line number="2634" hits="0" branch="false"/><line number="2635" hits="0" branch="false"/><line number="2637" hits="0" branch="false"/><line number="2642" hits="0" branch="true" condition-coverage="0% (0/2)"><conditions><condition number="0" type="jump" coverage="0%"/></conditions></line><line number="2643" hits="0" branch="false"/><line number="2644" hits="0" branch="false"/><line number="2645" hits="0" branch="false"/><line number="2647" hits="0" branch="false"/><line number="2651" hits="0" branch="false"/><line number="2652" hits="0" branch="false"/><line number="2654" hits="0" branch="false"/><line number="2659" hits="0" branch="true" condition-coverage="0% (0/2)"><conditions><condition number="0" type="jump" coverage="0%"/></conditions></line><line number="2660" hits="0" branch="false"/><line number="2661" hits="0" branch="false"/><line number="2662" hits="0" branch="false"/><line number="2664" hits="0" branch="false"/><line number="2668" hits="0" branch="false"/><line number="2669" hits="0" branch="false"/><line number="2688" hits="0" branch="false"/><line number="2693" hits="0" branch="false"/><line number="2695" hits="0" branch="false"/><line number="2696" hits="0" branch="false"/><line number="2698" hits="0" branch="false"/><line number="2700" hits="0" branch="true" condition-coverage="0% (0/2)"><conditions><condition number="0" type="jump" coverage="0%"/></conditions></line><line number="2701" hits="0" branch="true" condition-coverage="0% (0/2)"><conditions><condition number="0" type="jump" coverage="0%"/></conditions></line><line number="2702" hits="0" branch="false"/><line number="2704" hits="0" branch="false"/><line number="2706" hits="0" branch="true" condition-coverage="0% (0/2)"><conditions><condition number="0" type="jump" coverage="0%"/></conditions></line><line number="2707" hits="0" branch="true" condition-coverage="0% (0/2)"><conditions><condition number="0" type="jump" coverage="0%"/></conditions></line><line number="2708" hits="0" branch="false"/><line number="2710" hits="0" branch="true" condition-coverage="0% (0/4)"><conditions><condition number="0" type="jump" coverage="0%"/></conditions></line><line number="2712" hits="0" branch="false"/><line number="2713" hits="0" branch="false"/><line number="2716" hits="0" branch="false"/><line number="2717" hits="0" branch="false"/><line number="2720" hits="0" branch="false"/><line number="2721" hits="0" branch="false"/><line number="2724" hits="0" branch="false"/><line number="2726" hits="0" branch="false"/><line number="2728" hits="0" branch="true" condition-coverage="0% (0/2)"><conditions><condition number="0" type="jump" coverage="0%"/></conditions></line><line number="2729" hits="0" branch="false"/><line number="2730" hits="0" branch="false"/><line number="2732" hits="0" branch="true" condition-coverage="0% (0/2)"><conditions><condition number="0" type="jump" coverage="0%"/></conditions></line><line number="2733" hits="0" branch="false"/><line number="2734" hits="0" branch="false"/><line number="2736" hits="0" branch="false"/><line number="2739" hits="0" branch="false"/><line number="2742" hits="0" branch="false"/><line number="2744" hits="0" branch="false"/><line number="2746" hits="0" branch="false"/><line number="2747" hits="0" branch="false"/><line number="2749" hits="0" branch="false"/><line number="2751" hits="0" branch="true" condition-coverage="0% (0/4)"><conditions><condition number="0" type="jump" coverage="0%"/></conditions></line><line number="2753" hits="0" branch="false"/><line number="2754" hits="0" branch="false"/><line number="2755" hits="0" branch="false"/><line number="2758" hits="0" branch="false"/><line number="2759" hits="0" branch="false"/><line number="2760" hits="0" branch="false"/><line number="2763" hits="0" branch="false"/><line number="2764" hits="0" branch="false"/><line number="2765" hits="0" branch="false"/><line number="2768" hits="0" branch="false"/><line number="2770" hits="0" branch="false"/><line number="2772" hits="0" branch="false"/><line number="2870" hits="0" branch="false"/><line number="2873" hits="0" branch="false"/><line number="2876" hits="0" branch="false"/><line number="2887" hits="0" branch="false"/><line number="2890" hits="0" branch="true" condition-coverage="0% (0/2)"><conditions><condition number="0" type="jump" coverage="0%"/></conditions></line><line number="2891" hits="0" branch="true" condition-coverage="0% (0/2)"><conditions><condition number="0" type="jump" coverage="0%"/></conditions></line><line number="2892" hits="0" branch="false"/><line number="2893" hits="0" branch="false"/><line number="2895" hits="0" branch="false"/><line number="2898" hits="0" branch="false"/><line number="2899" hits="0" branch="true" condition-coverage="0% (0/2)"><conditions><condition number="0" type="jump" coverage="0%"/></conditions></line><line number="2901" hits="0" branch="false"/><line number="2902" hits="0" branch="false"/><line number="2904" hits="0" branch="false"/><line number="2909" hits="0" branch="true" condition-coverage="0% (0/5)"><conditions><condition number="0" type="jump" coverage="0%"/></conditions></line><line number="2912" hits="0" branch="false"/><line number="2913" hits="0" branch="false"/><line number="2915" hits="0" branch="true" condition-coverage="0% (0/2)"><conditions><condition number="0" type="jump" coverage="0%"/></conditions></line><line number="2918" hits="0" branch="false"/><line number="2919" hits="0" branch="false"/><line number="2921" hits="0" branch="false"/><line number="2923" hits="0" branch="false"/><line number="2924" hits="0" branch="false"/><line number="2927" hits="0" branch="false"/><line number="2930" hits="0" branch="false
[...]
1" hits="0" branch="false"/><line number="4516" hits="0" branch="true" condition-coverage="0% (0/5)"><conditions><condition number="0" type="jump" coverage="0%"/></conditions></line><line number="4519" hits="0" branch="false"/><line number="4522" hits="0" branch="true" condition-coverage="0% (0/2)"><conditions><condition number="0" type="jump" coverage="0%"/></conditions></line><line number="4523" hits="0" branch="false"/><line number="4526" hits="0" branch="false"/><line number="4527" hits="0" branch="false"/><line number="4529" hits="0" branch="false"/><line number="4532" hits="0" branch="true" condition-coverage="0% (0/2)"><conditions><condition number="0" type="jump" coverage="0%"/></conditions></line><line number="4533" hits="0" branch="false"/><line number="4536" hits="0" branch="false"/><line number="4537" hits="0" branch="false"/><line number="4541" hits="0" branch="true" condition-coverage="0% (0/2)"><conditions><condition number="0" type="jump" coverage="0%"/></conditions></line><line number="4542" hits="0" branch="false"/><line number="4545" hits="0" branch="false"/><line number="4546" hits="0" branch="false"/><line number="4591" hits="0" branch="false"/><line number="4592" hits="0" branch="false"/><line number="4594" hits="0" branch="false"/><line number="4597" hits="0" branch="false"/><line number="4601" hits="0" branch="false"/><line number="4607" hits="0" branch="true" condition-coverage="0% (0/2)"><conditions><condition number="0" type="jump" coverage="0%"/></conditions></line><line number="4609" hits="0" branch="true" condition-coverage="0% (0/2)"><conditions><condition number="0" type="jump" coverage="0%"/></conditions></line><line number="4610" hits="0" branch="false"/><line number="4611" hits="0" branch="false"/><line number="4618" hits="0" branch="false"/><line number="4621" hits="0" branch="false"/><line number="4624" hits="0" branch="true" condition-coverage="0% (0/2)"><conditions><condition number="0" type="jump" coverage="0%"/></conditions></line><line number="4625" hits="0" branch="false"/><line number="4628" hits="0" branch="false"/><line number="4630" hits="0" branch="false"/><line number="4631" hits="0" branch="false"/><line number="4635" hits="0" branch="false"/><line number="4637" hits="0" branch="false"/><line number="4638" hits="0" branch="false"/><line number="4641" hits="0" branch="false"/><line number="4642" hits="0" branch="false"/><line number="4645" hits="0" branch="false"/><line number="4646" hits="0" branch="false"/><line number="4649" hits="0" branch="false"/><line number="4651" hits="0" branch="false"/><line number="4655" hits="0" branch="false"/></lines></class></classes></package><package name="src.lib.cpp" line-rate="0.8136200716845878" branch-rate="0.6451612903225806" complexity="0.0"><classes><class name="lib_hpp" filename="src/lib/cpp/lib.hpp" line-rate="0.8136200716845878" branch-rate="0.6451612903225806" complexity="0.0"><methods/><lines><line number="22" hits="8" branch="false"/><line number="23" hits="8" branch="false"/><line number="25" hits="8" branch="false"/><line number="28" hits="20" branch="true" condition-coverage="100% (2/2)"><conditions><condition number="0" type="jump" coverage="100%"/></conditions></line><line number="29" hits="12" branch="false"/><line number="30" hits="24" branch="false"/><line number="31" hits="12" branch="false"/><line number="32" hits="24" branch="false"/><line number="33" hits="12" branch="false"/><line number="34" hits="24" branch="false"/><line number="35" hits="12" branch="false"/><line number="36" hits="12" branch="false"/><line number="38" hits="8" branch="false"/><line number="115" hits="2" branch="false"/><line number="116" hits="2" branch="false"/><line number="118" hits="4" branch="false"/><line number="119" hits="4" branch="false"/><line number="120" hits="4" branch="false"/><line number="121" hits="2" branch="false"/><line number="122" hits="2" branch="false"/><line number="123" hits="2" branch="false"/><line number="128" hits="29" branch="false"/><line number="130" hits="150" branch="false"/><line number="131" hits="150" branch="false"/><line number="132" hits="29" branch="false"/><line number="133" hits="58" branch="false"/><line number="134" hits="29" branch="false"/><line number="135" hits="29" branch="false"/><line number="158" hits="15" branch="false"/><line number="160" hits="30" branch="false"/><line number="162" hits="15" branch="false"/><line number="164" hits="15" branch="false"/><line number="165" hits="15" branch="false"/><line number="166" hits="15" branch="false"/><line number="168" hits="15" branch="false"/><line number="175" hits="15" branch="false"/><line number="177" hits="62" branch="true" condition-coverage="100% (4/4)"><conditions><condition number="0" type="jump" coverage="100%"/></conditions></line><line number="178" hits="47" branch="false"/><line number="179" hits="47" branch="false"/><line number="180" hits="47" branch="false"/><line number="182" hits="15" branch="false"/><line number="183" hits="15" branch="false"/><line number="276" hits="8" branch="false"/><line number="277" hits="8" branch="false"/><line number="287" hits="18" branch="false"/><line number="288" hits="18" branch="false"/><line number="289" hits="18" branch="false"/><line number="291" hits="18" branch="false"/><line number="292" hits="18" branch="false"/><line number="293" hits="18" branch="false"/><line number="295" hits="18" branch="true" condition-coverage="100% (2/2)"><conditions><condition number="0" type="jump" coverage="100%"/></conditions></line><line number="296" hits="8" branch="false"/><line number="297" hits="8" branch="false"/><line number="298" hits="8" branch="false"/><line number="299" hits="8" branch="false"/><line number="301" hits="18" branch="false"/><line number="302" hits="18" branch="false"/><line number="304" hits="18" branch="false"/><line number="305" hits="18" branch="true" condition-coverage="50% (1/2)"><conditions><condition number="0" type="jump" coverage="50%"/></conditions></line><line number="307" hits="4" branch="false"/><line number="308" hits="4" branch="false"/><line number="310" hits="5" branch="false"/><line number="311" hits="5" branch="false"/><line number="313" hits="18" branch="false"/><line number="314" hits="18" branch="false"/><line number="317" hits="18" branch="false"/><line number="318" hits="18" branch="false"/><line number="321" hits="18" branch="false"/><line number="322" hits="18" branch="true" condition-coverage="100% (2/2)"><conditions><condition number="0" type="jump" coverage="100%"/></conditions></line><line number="323" hits="8" branch="false"/><line number="326" hits="10" branch="false"/><line number="327" hits="18" branch="false"/><line number="329" hits="1778" branch="false"/><line number="331" hits="1778" branch="false"/><line number="332" hits="1778" branch="false"/><line number="333" hits="1778" branch="false"/><line number="335" hits="167" branch="false"/><line number="336" hits="167" branch="false"/><line number="337" hits="167" branch="false"/><line number="339" hits="232" branch="false"/><line number="340" hits="232" branch="false"/><line number="341" hits="232" branch="false"/><line number="343" hits="1" branch="false"/><line number="345" hits="2" branch="false"/><line number="346" hits="1" branch="false"/><line number="347" hits="1" branch="false"/><line number="348" hits="1" branch="false"/><line number="351" hits="406" branch="false"/><line number="353" hits="406" branch="false"/><line number="355" hits="406" branch="true" condition-coverage="75% (3/4)"><conditions><condition number="0" type="jump" coverage="75%"/></conditions></line><line number="356" hits="9" branch="true" condition-coverage="50% (1/2)"><conditions><condition number="0" type="jump" coverage="50%"/></conditions></line><line number="358" hits="9" branch="false"/><line number="361" hits="397" branch="false"/><line number="362" hits="397" branch="false"/><line number="364" hits="406" branch="false"/><line number="366" hits="2" branch="false"/><line number="367" hits="2" branch="false"/><line number="369" hits="2" branch="true" condition-coverage="100% (2/2)"><conditions><condition number="0" type="jump" coverage="100%"/></conditions></line><line number="370" hits="1" branch="true" condition-coverage="50% (1/2)"><conditions><condition number="0" type="jump" coverage="50%"/></conditions></line><line number="373" hits="1" branch="true" condition-coverage="50% (1/2)"><conditions><condition number="0" type="jump" coverage="50%"/></conditions></line><line number="374" hits="2" branch="false"/><line number="376" hits="5848" branch="false"/><line number="377" hits="5848" branch="true" condition-coverage="100% (2/2)"><conditions><condition number="0" type="jump" coverage="100%"/></conditions></line><line number="378" hits="2224" branch="true" condition-coverage="50% (1/2)"><conditions><condition number="0" type="jump" coverage="50%"/></conditions></line><line number="379" hits="2224" branch="false"/><line number="380" hits="5848" branch="false"/><line number="382" hits="3623" branch="false"/><line number="384" hits="3623" branch="false"/><line number="385" hits="3623" branch="false"/><line number="386" hits="3623" branch="false"/><line number="388" hits="1" branch="false"/><line number="390" hits="1" branch="true" condition-coverage="50% (1/2)"><conditions><condition number="0" type="jump" coverage="50%"/></conditions></line><line number="391" hits="1" branch="false"/><line number="392" hits="1" branch="false"/><line number="393" hits="1" branch="false"/><line number="395" hits="1" branch="false"/><line number="396" hits="1" branch="false"/><line number="397" hits="1" branch="false"/><line number="398" hits="1" branch="false"/><line number="402" hits="1" branch="false"/><line number="403" hits="1" branch="false"/><line number="406" hits="16876" branch="false"/><line number="407" hits="16876" branch="false"/><line number="411" hits="121" branch="false"/><line number="412" hits="121" branch="false"/><line number="414" hits="121" branch="true" condition-coverage="100% (2/2)"><conditions><condition number="0" type="jump" coverage="100%"/></conditions></line><line number="415" hits="25" branch="false"/><line number="418" hits="96" branch="true" condition-coverage="100% (2/2)"><conditions><condition number="0" type="jump" coverage="100%"/></conditions></line><line number="419" hits="121" branch="false"/><line number="421" hits="182" branch="false"/><line number="422" hits="182" branch="false"/><line number="425" hits="60" branch="false"/><line number="426" hits="60" branch="false"/><line number="429" hits="22" branch="false"/><line number="430" hits="22" branch="false"/><line number="433" hits="22" branch="false"/><line number="434" hits="22" branch="false"/><line number="437" hits="22" branch="false"/><line number="438" hits="22" branch="false"/><line number="441" hits="33" branch="false"/><line number="442" hits="33" branch="false"/><line number="445" hits="133" branch="false"/><line number="447" hits="133" branch="false"/><line number="449" hits="133" branch="false"/><line number="452" hits="134" branch="false"/><line number="453" hits="134" branch="false"/><line number="455" hits="134" branch="false"/><line number="458" hits="139" branch="false"/><line number="459" hits="139" branch="false"/><line number="461" hits="139" branch="false"/><line number="464" hits="0" branch="false"/><line number="465" hits="0" branch="false"/><line number="467" hits="0" branch="false"/><line number="470" hits="34" branch="false"/><line number="471" hits="34" branch="false"/><line number="473" hits="34" branch="false"/><line number="476" hits="184" branch="false"/><line number="477" hits="184" branch="false"/><line number="479" hits="184" branch="false"/><line number="482" hits="0" branch="false"/><line number="484" hits="0" branch="false"/><line number="485" hits="0" branch="true" condition-coverage="0% (0/2)"><conditions><condition number="0" type="jump" coverage="0%"/></conditions></line><line number="486" hits="0" branch="false"/><line number="488" hits="28" branch="false"/><line number="489" hits="28" branch="false"/><line number="490" hits="28" branch="false"/><line number="493" hits="0" branch="false"/><line number="494" hits="0" branch="false"/><line number="496" hits="0" branch="false"/><line number="498" hits="0" branch="false"/><line number="501" hits="0" branch="false"/><line number="502" hits="0" branch="false"/><line number="504" hits="0" branch="false"/><line number="506" hits="0" branch="false"/><line number="508" hits="0" branch="false"/><line number="511" hits="0" branch="false"/><line number="512" hits="0" branch="false"/><line number="514" hits="0" branch="false"/><line number="516" hits="0" branch="false"/><line number="518" hits="0" branch="false"/><line number="521" hits="0" branch="false"/><line number="522" hits="0" branch="false"/><line number="524" hits="0" branch="false"/><line number="526" hits="0" branch="false"/><line number="528" hits="0" branch="false"/><line number="531" hits="0" branch="false"/><line number="532" hits="0" branch="false"/><line number="534" hits="0" branch="false"/><line number="536" hits="0" branch="false"/><line number="538" hits="0" branch="false"/><line number="541" hits="0" branch="false"/><line number="542" hits="0" branch="false"/><line number="544" hits="0" branch="false"/><line number="546" hits="0" branch="false"/><line number="548" hits="0" branch="false"/><line number="551" hits="0" branch="false"/><line number="553" hits="0" branch="false"/><line number="554" hits="0" branch="true" condition-coverage="0% (0/2)"><conditions><condition number="0" type="jump" coverage="0%"/></conditions></line><line number="555" hits="0" branch="false"/><line number="557" hits="480" branch="false"/><line number="558" hits="480" branch="false"/><line number="560" hits="480" branch="false"/><line number="562" hits="480" branch="false"/><line number="564" hits="480" branch="false"/><line number="566" hits="480" branch="true" condition-coverage="100% (2/2)"><conditions><condition number="0" type="jump" coverage="100%"/></conditions></line><line number="568" hits="160" branch="false"/><line number="570" hits="160" branch="false"/><line number="571" hits="160" branch="true" condition-coverage="50% (1/2)"><conditions><condition number="0" type="jump" coverage="50%"/></conditions></line><line number="573" hits="480" branch="true" condition-coverage="100% (2/2)"><conditions><condition number="0" type="jump" coverage="100%"/></conditions></line><line number="574" hits="160" branch="false"/><line number="575" hits="160" branch="true" condition-coverage="50% (1/2)"><conditions><condition number="0" type="jump" coverage="50%"/></conditions></line><line number="576" hits="160" branch="false"/><line number="577" hits="160" branch="false"/><line number="578" hits="160" branch="true" condition-coverage="50% (1/2)"><conditions><condition number="0" type="jump" coverage="50%"/></conditions></line><line number="579" hits="160" branch="false"/><line number="581" hits="480" branch="false"/><line number="582" hits="0" branch="false"/><line number="584" hits="0" branch="false"/><line number="586" hits="0" branch="false"/><line number="587" hits="0" branch="false"/><line number="588" hits="0" branch="true" condition-coverage="0% (0/2)"><conditions><condition number="0" type="jump" coverage="0%"/></conditions></line><line number="589" hits="0" branch="false"/><line number="591" hits="15" branch="false"/><line number="592" hits="15" branch="false"/><line number="594" hits="15" branch="false"/><line number="596" hits="15" branch="false"/><line number="599" hits="20" branch="false"/><line number="600" hits="20" branch="false"/><line number="602" hits="20" branch="false"/><line number="604" hits="20" branch="false"/><line number="607" hits="0" branch="false"/><line number="608" hits="0" branch="false"/><line number="610" hits="0" branch="false"/><line number="613" hits="0" branch="false"/><line number="614" hits="0" branch="false"/><line number="616" hits="0" branch="false"/><line number="619" hits="12" branch="false"/><line number="620" hits="12" branch="false"/><line number="622" hits="12" branch="false"/><line number="625" hits="14" branch="false"/><line number="626" hits="14" branch="false"/><line number="628" hits="14" branch="false"/><line number="631" hits="12" branch="false"/><line number="632" hits="12" branch="false"/><line number="634" hits="12" branch="false"/><line number="636" hits="12" branch="false"/><line number="639" hits="13" branch="false"/><line number="640" hits="13" branch="false"/><line number="642" hits="13" branch="false"/><line number="644" hits="13" branch="false"/><line number="647" hits="332" branch="false"/><line number="648" hits="332" branch="false"/><line number="649" hits="332" branch="true" condition-coverage="50% (1/2)"><conditions><condition number="0" type="jump" coverage="50%"/></conditions></line><line number="650" hits="332" branch="false"/><line number="651" hits="332" branch="false"/><line number="652" hits="332" branch="true" condition-coverage="50% (1/2)"><conditions><condition number="0" type="jump" coverage="50%"/></conditions></line><line number="654" hits="369" branch="false"/><line number="656" hits="369" branch="false"/><line number="657" hits="369" branch="true" condition-coverage="50% (1/2)"><conditions><condition number="0" type="jump" coverage="50%"/></conditions></line><line number="658" hits="369" branch="false"/><line number="659" hits="369" branch="false"/><line number="660" hits="369" branch="true" condition-coverage="50% (1/2)"><conditions><condition number="0" type="jump" coverage="50%"/></conditions></line><line number="662" hits="344" branch="false"/><line number="664" hits="344" branch="false"/><line number="665" hits="344" branch="true" condition-coverage="50% (1/2)"><conditions><condition number="0" type="jump" coverage="50%"/></conditions></line><line number="666" hits="344" branch="false"/><line number="667" hits="344" branch="false"/><line number="668" hits="344" branch="true" condition-coverage="50% (1/2)"><conditions><condition number="0" type="jump" coverage="50%"/></conditions></line><line number="670" hits="1" branch="false"/><line number="671" hits="1" branch="false"/><line number="674" hits="8" branch="false"/><line number="675" hits="8" branch="false"/><line number="678" hits="697" branch="false"/><line number="679" hits="697" branch="false"/><line number="681" hits="697" branch="false"/><line number="684" hits="15" branch="false"/><line number="685" hits="15" branch="false"/><line number="688" hits="1" branch="false"/><line number="689" hits="1" branch="false"/></lines></class></classes></package><package name="src.utils" line-rate="0.0" branch-rate="0.0" complexity="0.0"><classes><class name="features_c" filename="src/utils/features.c" line-rate="0.0" branch-rate="0.0" complexity="0.0"><methods/><lines><line number="40" hits="0" branch="false"/><line number="44" hits="0" branch="false"/><line number="89" hits="0" branch="false"/><line number="92" hits="0" branch="true" condition-coverage="0% (0/2)"><conditions><condition number="0" type="jump" coverage="0%"/></conditions></line><line number="93" hits="0" branch="false"/><line number="101" hits="0" branch="true" condition-coverage="0% (0/2)"><conditions><condition number="0" type="jump" coverage="0%"/></conditions></line><line number="102" hits="0" branch="false"/><line number="116" hits="0" branch="false"/><line number="212" hits="0" branch="false"/><line number="216" hits="0" branch="false"/><line number="218" hits="0" branch="true" condition-coverage="0% (0/2)"><conditions><condition number="0" type="jump" coverage="0%"/></conditions></line><line number="219" hits="0" branch="false"/><line number="222" hits="0" branch="false"/><line number="224" hits="0" branch="false"/><line number="225" hits="0" branch="false"/></lines></class></classes></package></packages></coverage>